{"numTotalTestSuites":253,"numPassedTestSuites":253,"numFailedTestSuites":0,"numPendingTestSuites":0,"numTotalTests":490,"numPassedTests":488,"numFailedTests":0,"numPendingTests":2,"numTodoTests":0,"snapshot":{"added":0,"failure":false,"filesAdded":0,"filesRemoved":0,"filesRemovedList":[],"filesUnmatched":0,"filesUpdated":0,"matched":0,"total":0,"unchecked":0,"uncheckedKeysByFile":[],"unmatched":0,"updated":0,"didUpdate":false},"startTime":1767969554124,"success":true,"testResults":[{"assertionResults":[{"ancestorTitles":["Feature Flags","FEATURE_FLAGS 配置"],"fullName":"Feature Flags FEATURE_FLAGS 配置 应该包含所有 Phase 1 标志且默认启用","status":"passed","title":"应该包含所有 Phase 1 标志且默认启用","duration":3.71380000001227,"failureMessages":[],"meta":{}},{"ancestorTitles":["Feature Flags","FEATURE_FLAGS 配置"],"fullName":"Feature Flags FEATURE_FLAGS 配置 应该包含所有 Phase 2 标志且默认禁用","status":"passed","title":"应该包含所有 Phase 2 标志且默认禁用","duration":0.7611000000033528,"failureMessages":[],"meta":{}},{"ancestorTitles":["Feature Flags","FEATURE_FLAGS 配置"],"fullName":"Feature Flags FEATURE_FLAGS 配置 每个标志应该有完整的元数据","status":"passed","title":"每个标志应该有完整的元数据","duration":6.776799999992363,"failureMessages":[],"meta":{}},{"ancestorTitles":["Feature Flags","isFeatureEnabled"],"fullName":"Feature Flags isFeatureEnabled 应该返回默认值（无 localStorage 覆盖）","status":"passed","title":"应该返回默认值（无 localStorage 覆盖）","duration":0.9321999999956461,"failureMessages":[],"meta":{}},{"ancestorTitles":["Feature Flags","isFeatureEnabled"],"fullName":"Feature Flags isFeatureEnabled 应该优先使用 localStorage 覆盖值","status":"passed","title":"应该优先使用 localStorage 覆盖值","duration":0.6808000000019092,"failureMessages":[],"meta":{}},{"ancestorTitles":["Feature Flags","isFeatureEnabled"],"fullName":"Feature Flags isFeatureEnabled 对于未知标志应该返回 false","status":"passed","title":"对于未知标志应该返回 false","duration":0.38929999999527354,"failureMessages":[],"meta":{}},{"ancestorTitles":["Feature Flags","enableFeature"],"fullName":"Feature Flags enableFeature 应该成功启用无依赖的标志","status":"passed","title":"应该成功启用无依赖的标志","duration":1.9373000000050524,"failureMessages":[],"meta":{}},{"ancestorTitles":["Feature Flags","enableFeature"],"fullName":"Feature Flags enableFeature 应该在依赖未满足时返回错误","status":"passed","title":"应该在依赖未满足时返回错误","duration":0.5277999999962049,"failureMessages":[],"meta":{}},{"ancestorTitles":["Feature Flags","enableFeature"],"fullName":"Feature Flags enableFeature 应该在依赖满足时成功启用","status":"passed","title":"应该在依赖满足时成功启用","duration":0.9141999999992549,"failureMessages":[],"meta":{}},{"ancestorTitles":["Feature Flags","enableFeature"],"fullName":"Feature Flags enableFeature 对于未知标志应该返回错误","status":"passed","title":"对于未知标志应该返回错误","duration":1.709500000011758,"failureMessages":[],"meta":{}},{"ancestorTitles":["Feature Flags","disableFeature"],"fullName":"Feature Flags disableFeature 应该禁用标志","status":"passed","title":"应该禁用标志","duration":1.4205000000074506,"failureMessages":[],"meta":{}},{"ancestorTitles":["Feature Flags","disableFeature"],"fullName":"Feature Flags disableFeature 应该级联禁用依赖的标志","status":"passed","title":"应该级联禁用依赖的标志","duration":1.498699999996461,"failureMessages":[],"meta":{}},{"ancestorTitles":["Feature Flags","resetFeature"],"fullName":"Feature Flags resetFeature 应该重置标志到默认值","status":"passed","title":"应该重置标志到默认值","duration":0.6800999999977648,"failureMessages":[],"meta":{}},{"ancestorTitles":["Feature Flags","resetFeature"],"fullName":"Feature Flags resetFeature 应该从 localStorage 移除覆盖","status":"passed","title":"应该从 localStorage 移除覆盖","duration":2.4054999999934807,"failureMessages":[],"meta":{}},{"ancestorTitles":["Feature Flags","getAllFeatureFlags"],"fullName":"Feature Flags getAllFeatureFlags 应该返回所有标志的当前状态","status":"passed","title":"应该返回所有标志的当前状态","duration":9.821800000005169,"failureMessages":[],"meta":{}},{"ancestorTitles":["Feature Flags","getAllFeatureFlags"],"fullName":"Feature Flags getAllFeatureFlags 应该反映 localStorage 覆盖","status":"passed","title":"应该反映 localStorage 覆盖","duration":1.4121000000013737,"failureMessages":[],"meta":{}},{"ancestorTitles":["Feature Flags","getAllFeatureFlagInfo"],"fullName":"Feature Flags getAllFeatureFlagInfo 应该返回所有标志的详细信息","status":"passed","title":"应该返回所有标志的详细信息","duration":30.105600000009872,"failureMessages":[],"meta":{}},{"ancestorTitles":["Feature Flags","getAllFeatureFlagInfo"],"fullName":"Feature Flags getAllFeatureFlagInfo 应该包含当前启用状态","status":"passed","title":"应该包含当前启用状态","duration":9.20910000000731,"failureMessages":[],"meta":{}},{"ancestorTitles":["Feature Flags","getFeatureFlagsByPhase"],"fullName":"Feature Flags getFeatureFlagsByPhase 应该返回指定阶段的标志","status":"passed","title":"应该返回指定阶段的标志","duration":22.542900000000373,"failureMessages":[],"meta":{}},{"ancestorTitles":["Feature Flags","getFeatureFlagsByPhase"],"fullName":"Feature Flags getFeatureFlagsByPhase Phase 1 标志应该默认启用","status":"passed","title":"Phase 1 标志应该默认启用","duration":4.048799999989569,"failureMessages":[],"meta":{}},{"ancestorTitles":["Feature Flags","依赖关系完整性"],"fullName":"Feature Flags 依赖关系完整性 所有依赖应该指向存在的标志","status":"passed","title":"所有依赖应该指向存在的标志","duration":10.852599999998347,"failureMessages":[],"meta":{}},{"ancestorTitles":["Feature Flags","依赖关系完整性"],"fullName":"Feature Flags 依赖关系完整性 不应该有循环依赖","status":"passed","title":"不应该有循环依赖","duration":6.327700000008917,"failureMessages":[],"meta":{}}],"startTime":1767969746516,"endTime":1767969746656.3276,"status":"passed","message":"","name":"F:/Fangyu-Code-Dev/src/config/featureFlags.test.ts"},{"assertionResults":[{"ancestorTitles":["useEventCleanup"],"fullName":"useEventCleanup should cleanup all registered window listeners on unmount","status":"passed","title":"should cleanup all registered window listeners on unmount","duration":152.10609999998996,"failureMessages":[],"meta":{}},{"ancestorTitles":["useEventCleanup"],"fullName":"useEventCleanup should cleanup all registered global listeners on unmount","status":"passed","title":"should cleanup all registered global listeners on unmount","duration":88.09850000000733,"failureMessages":[],"meta":{}},{"ancestorTitles":["useEventCleanup"],"fullName":"useEventCleanup should cleanup mixed window and global listeners on unmount","status":"passed","title":"should cleanup mixed window and global listeners on unmount","duration":166.6119999999937,"failureMessages":[],"meta":{}},{"ancestorTitles":["useEventCleanup"],"fullName":"useEventCleanup should prevent duplicate listener registration for same event","status":"passed","title":"should prevent duplicate listener registration for same event","duration":137.8929000000062,"failureMessages":[],"meta":{}},{"ancestorTitles":["useEventCleanup"],"fullName":"useEventCleanup should correctly report registered events via hasListener","status":"passed","title":"should correctly report registered events via hasListener","duration":137.4820000000036,"failureMessages":[],"meta":{}},{"ancestorTitles":["useEventCleanup"],"fullName":"useEventCleanup should clear all listeners when cleanup is called manually","status":"passed","title":"should clear all listeners when cleanup is called manually","duration":100.25040000000445,"failureMessages":[],"meta":{}},{"ancestorTitles":["useEventCleanup"],"fullName":"useEventCleanup should maintain accurate listener count","status":"passed","title":"should maintain accurate listener count","duration":100.65169999998761,"failureMessages":[],"meta":{}}],"startTime":1767969754539,"endTime":1767969755423.6516,"status":"passed","message":"","name":"F:/Fangyu-Code-Dev/src/hooks/useEventCleanup.property.test.ts"},{"assertionResults":[{"ancestorTitles":["useProgressIndicator 属性测试","Property 5: 进度指示器一致性"],"fullName":"useProgressIndicator 属性测试 Property 5: 进度指示器一致性 进度值始终在 0-100 范围内","status":"passed","title":"进度值始终在 0-100 范围内","duration":106.42969999999332,"failureMessages":[],"meta":{}},{"ancestorTitles":["useProgressIndicator 属性测试","Property 5: 进度指示器一致性"],"fullName":"useProgressIndicator 属性测试 Property 5: 进度指示器一致性 start 操作后 isVisible 为 true","status":"passed","title":"start 操作后 isVisible 为 true","duration":65.50100000000384,"failureMessages":[],"meta":{}},{"ancestorTitles":["useProgressIndicator 属性测试","Property 5: 进度指示器一致性"],"fullName":"useProgressIndicator 属性测试 Property 5: 进度指示器一致性 reset 操作后状态回到初始值","status":"passed","title":"reset 操作后状态回到初始值","duration":73.8295000000071,"failureMessages":[],"meta":{}},{"ancestorTitles":["useProgressIndicator 属性测试","Property 5: 进度指示器一致性"],"fullName":"useProgressIndicator 属性测试 Property 5: 进度指示器一致性 complete 操作后 value 为 100 且 variant 为 success","status":"passed","title":"complete 操作后 value 为 100 且 variant 为 success","duration":58.37619999999879,"failureMessages":[],"meta":{}},{"ancestorTitles":["useProgressIndicator 属性测试","Property 5: 进度指示器一致性"],"fullName":"useProgressIndicator 属性测试 Property 5: 进度指示器一致性 error 操作后 variant 为 error","status":"passed","title":"error 操作后 variant 为 error","duration":69.9265000000014,"failureMessages":[],"meta":{}},{"ancestorTitles":["useProgressIndicator 属性测试","Property 5: 进度指示器一致性"],"fullName":"useProgressIndicator 属性测试 Property 5: 进度指示器一致性 update 操作保留之前的 label（如果未提供新 label）","status":"passed","title":"update 操作保留之前的 label（如果未提供新 label）","duration":20.876700000007986,"failureMessages":[],"meta":{}},{"ancestorTitles":["useProgressIndicator 属性测试","Property 5: 进度指示器一致性"],"fullName":"useProgressIndicator 属性测试 Property 5: 进度指示器一致性 update 操作可以覆盖 label","status":"passed","title":"update 操作可以覆盖 label","duration":6.963900000002468,"failureMessages":[],"meta":{}},{"ancestorTitles":["useProgressIndicator 属性测试","Property 5: 进度指示器一致性"],"fullName":"useProgressIndicator 属性测试 Property 5: 进度指示器一致性 状态转换是确定性的","status":"passed","title":"状态转换是确定性的","duration":37.698300000003655,"failureMessages":[],"meta":{}},{"ancestorTitles":["useProgressIndicator 属性测试","Property 5: 进度指示器一致性"],"fullName":"useProgressIndicator 属性测试 Property 5: 进度指示器一致性 variant 始终是有效值","status":"passed","title":"variant 始终是有效值","duration":182.97669999999925,"failureMessages":[],"meta":{}},{"ancestorTitles":["useProgressIndicator 属性测试","边界情况"],"fullName":"useProgressIndicator 属性测试 边界情况 空操作序列保持初始状态","status":"passed","title":"空操作序列保持初始状态","duration":1.0454000000027008,"failureMessages":[],"meta":{}},{"ancestorTitles":["useProgressIndicator 属性测试","边界情况"],"fullName":"useProgressIndicator 属性测试 边界情况 连续多次 reset 是幂等的","status":"passed","title":"连续多次 reset 是幂等的","duration":47.48090000000957,"failureMessages":[],"meta":{}},{"ancestorTitles":["useProgressIndicator 属性测试","边界情况"],"fullName":"useProgressIndicator 属性测试 边界情况 极端进度值被正确约束","status":"passed","title":"极端进度值被正确约束","duration":1.1200000000098953,"failureMessages":[],"meta":{}}],"startTime":1767969752560,"endTime":1767969753236.12,"status":"passed","message":"","name":"F:/Fangyu-Code-Dev/src/hooks/useProgressIndicator.property.test.ts"},{"assertionResults":[{"ancestorTitles":["useValidation 属性测试","Property 6: 输入验证反馈","required 规则"],"fullName":"useValidation 属性测试 Property 6: 输入验证反馈 required 规则 非空字符串通过 required 验证","status":"passed","title":"非空字符串通过 required 验证","duration":61.708500000007916,"failureMessages":[],"meta":{}},{"ancestorTitles":["useValidation 属性测试","Property 6: 输入验证反馈","required 规则"],"fullName":"useValidation 属性测试 Property 6: 输入验证反馈 required 规则 空字符串和纯空白字符串不通过 required 验证","status":"passed","title":"空字符串和纯空白字符串不通过 required 验证","duration":15.346099999995204,"failureMessages":[],"meta":{}},{"ancestorTitles":["useValidation 属性测试","Property 6: 输入验证反馈","minLength 规则"],"fullName":"useValidation 属性测试 Property 6: 输入验证反馈 minLength 规则 长度 >= min 的字符串通过验证","status":"passed","title":"长度 >= min 的字符串通过验证","duration":174.01949999999488,"failureMessages":[],"meta":{}},{"ancestorTitles":["useValidation 属性测试","Property 6: 输入验证反馈","maxLength 规则"],"fullName":"useValidation 属性测试 Property 6: 输入验证反馈 maxLength 规则 长度 <= max 的字符串通过验证","status":"passed","title":"长度 <= max 的字符串通过验证","duration":24.828699999998207,"failureMessages":[],"meta":{}},{"ancestorTitles":["useValidation 属性测试","Property 6: 输入验证反馈","email 规则"],"fullName":"useValidation 属性测试 Property 6: 输入验证反馈 email 规则 有效邮箱格式通过验证","status":"passed","title":"有效邮箱格式通过验证","duration":7.058499999999185,"failureMessages":[],"meta":{}},{"ancestorTitles":["useValidation 属性测试","Property 6: 输入验证反馈","email 规则"],"fullName":"useValidation 属性测试 Property 6: 输入验证反馈 email 规则 无效邮箱格式不通过验证","status":"passed","title":"无效邮箱格式不通过验证","duration":0.7323000000033062,"failureMessages":[],"meta":{}},{"ancestorTitles":["useValidation 属性测试","Property 6: 输入验证反馈","组合规则"],"fullName":"useValidation 属性测试 Property 6: 输入验证反馈 组合规则 所有规则通过时结果为 valid","status":"passed","title":"所有规则通过时结果为 valid","duration":15.436600000000908,"failureMessages":[],"meta":{}},{"ancestorTitles":["useValidation 属性测试","Property 6: 输入验证反馈","组合规则"],"fullName":"useValidation 属性测试 Property 6: 输入验证反馈 组合规则 first-error 模式只返回第一个错误","status":"passed","title":"first-error 模式只返回第一个错误","duration":0.3099999999976717,"failureMessages":[],"meta":{}},{"ancestorTitles":["useValidation 属性测试","Property 6: 输入验证反馈","组合规则"],"fullName":"useValidation 属性测试 Property 6: 输入验证反馈 组合规则 all 模式返回所有错误","status":"passed","title":"all 模式返回所有错误","duration":0.367500000007567,"failureMessages":[],"meta":{}},{"ancestorTitles":["useValidation 属性测试","Property 6: 输入验证反馈","验证结果一致性"],"fullName":"useValidation 属性测试 Property 6: 输入验证反馈 验证结果一致性 相同输入产生相同结果","status":"passed","title":"相同输入产生相同结果","duration":7.627500000002328,"failureMessages":[],"meta":{}},{"ancestorTitles":["useValidation 属性测试","Property 6: 输入验证反馈","验证结果一致性"],"fullName":"useValidation 属性测试 Property 6: 输入验证反馈 验证结果一致性 isValid 为 true 时 status 不为 error","status":"passed","title":"isValid 为 true 时 status 不为 error","duration":9.622300000002724,"failureMessages":[],"meta":{}},{"ancestorTitles":["useValidation 属性测试","Property 6: 输入验证反馈","验证结果一致性"],"fullName":"useValidation 属性测试 Property 6: 输入验证反馈 验证结果一致性 isValid 为 false 时 failedRules 不为空","status":"passed","title":"isValid 为 false 时 failedRules 不为空","duration":8.395300000003772,"failureMessages":[],"meta":{}},{"ancestorTitles":["useValidation 属性测试","边界情况"],"fullName":"useValidation 属性测试 边界情况 空规则列表总是返回 valid","status":"passed","title":"空规则列表总是返回 valid","duration":25.733800000001793,"failureMessages":[],"meta":{}},{"ancestorTitles":["useValidation 属性测试","边界情况"],"fullName":"useValidation 属性测试 边界情况 minLength(0) 总是通过","status":"passed","title":"minLength(0) 总是通过","duration":4.702000000004773,"failureMessages":[],"meta":{}},{"ancestorTitles":["useValidation 属性测试","边界情况"],"fullName":"useValidation 属性测试 边界情况 maxLength 大于字符串长度时通过","status":"passed","title":"maxLength 大于字符串长度时通过","duration":26.27730000000156,"failureMessages":[],"meta":{}}],"startTime":1767969638281,"endTime":1767969638667.2773,"status":"passed","message":"","name":"F:/Fangyu-Code-Dev/src/hooks/useValidation.property.test.ts"},{"assertionResults":[{"ancestorTitles":["UserFriendlyErrors Property Tests","Property 3: 错误消息用户友好性"],"fullName":"UserFriendlyErrors Property Tests Property 3: 错误消息用户友好性 所有错误应返回包含必要字段的结构化结果","status":"passed","title":"所有错误应返回包含必要字段的结构化结果","duration":43.91489999998885,"failureMessages":[],"meta":{}},{"ancestorTitles":["UserFriendlyErrors Property Tests","Property 3: 错误消息用户友好性"],"fullName":"UserFriendlyErrors Property Tests Property 3: 错误消息用户友好性 用户消息不应包含技术堆栈信息","status":"passed","title":"用户消息不应包含技术堆栈信息","duration":61.532500000001164,"failureMessages":[],"meta":{}},{"ancestorTitles":["UserFriendlyErrors Property Tests","Property 3: 错误消息用户友好性"],"fullName":"UserFriendlyErrors Property Tests Property 3: 错误消息用户友好性 所有错误应提供至少一个建议解决方案","status":"passed","title":"所有错误应提供至少一个建议解决方案","duration":96.16790000000037,"failureMessages":[],"meta":{}},{"ancestorTitles":["UserFriendlyErrors Property Tests","Property 3: 错误消息用户友好性"],"fullName":"UserFriendlyErrors Property Tests Property 3: 错误消息用户友好性 错误类别应是有效的类别","status":"passed","title":"错误类别应是有效的类别","duration":82.26089999999385,"failureMessages":[],"meta":{}},{"ancestorTitles":["UserFriendlyErrors Property Tests","Property 3: 错误消息用户友好性"],"fullName":"UserFriendlyErrors Property Tests Property 3: 错误消息用户友好性 已知错误模式应映射到正确的类别","status":"passed","title":"已知错误模式应映射到正确的类别","duration":19.034800000008545,"failureMessages":[],"meta":{}},{"ancestorTitles":["UserFriendlyErrors Property Tests","可重试性判断"],"fullName":"UserFriendlyErrors Property Tests 可重试性判断 网络和服务器错误应标记为可重试","status":"passed","title":"网络和服务器错误应标记为可重试","duration":27.53509999999369,"failureMessages":[],"meta":{}},{"ancestorTitles":["UserFriendlyErrors Property Tests","可重试性判断"],"fullName":"UserFriendlyErrors Property Tests 可重试性判断 认证和验证错误应标记为不可重试","status":"passed","title":"认证和验证错误应标记为不可重试","duration":22.17859999999928,"failureMessages":[],"meta":{}},{"ancestorTitles":["UserFriendlyErrors Property Tests","格式化输出"],"fullName":"UserFriendlyErrors Property Tests 格式化输出 formatErrorForDisplay 应返回可读的格式化字符串","status":"passed","title":"formatErrorForDisplay 应返回可读的格式化字符串","duration":77.84450000000652,"failureMessages":[],"meta":{}},{"ancestorTitles":["UserFriendlyErrors Property Tests","格式化输出"],"fullName":"UserFriendlyErrors Property Tests 格式化输出 createErrorSummary 应返回不包含堆栈的摘要","status":"passed","title":"createErrorSummary 应返回不包含堆栈的摘要","duration":73.46719999999914,"failureMessages":[],"meta":{}},{"ancestorTitles":["UserFriendlyErrors Property Tests","FriendlyError 类"],"fullName":"UserFriendlyErrors Property Tests FriendlyError 类 FriendlyError.from 应正确转换任意错误","status":"passed","title":"FriendlyError.from 应正确转换任意错误","duration":108.04760000000533,"failureMessages":[],"meta":{}},{"ancestorTitles":["UserFriendlyErrors Property Tests","FriendlyError 类"],"fullName":"UserFriendlyErrors Property Tests FriendlyError 类 FriendlyError.from 对已有的 FriendlyError 应返回相同实例","status":"passed","title":"FriendlyError.from 对已有的 FriendlyError 应返回相同实例","duration":0.47890000000188593,"failureMessages":[],"meta":{}},{"ancestorTitles":["UserFriendlyErrors Property Tests","边界情况"],"fullName":"UserFriendlyErrors Property Tests 边界情况 应正确处理空字符串错误","status":"passed","title":"应正确处理空字符串错误","duration":5.139100000000326,"failureMessages":[],"meta":{}},{"ancestorTitles":["UserFriendlyErrors Property Tests","边界情况"],"fullName":"UserFriendlyErrors Property Tests 边界情况 应正确处理非 Error 对象","status":"passed","title":"应正确处理非 Error 对象","duration":3.2949999999982538,"failureMessages":[],"meta":{}},{"ancestorTitles":["UserFriendlyErrors Property Tests","边界情况"],"fullName":"UserFriendlyErrors Property Tests 边界情况 getUserFriendlyMessage 应返回非空字符串","status":"passed","title":"getUserFriendlyMessage 应返回非空字符串","duration":54.32760000000417,"failureMessages":[],"meta":{}}],"startTime":1767969757612,"endTime":1767969758291.3276,"status":"passed","message":"","name":"F:/Fangyu-Code-Dev/src/lib/userFriendlyErrors.property.test.ts"},{"assertionResults":[{"ancestorTitles":["API Key Validator Property Tests","Property 8: API 密钥格式验证"],"fullName":"API Key Validator Property Tests Property 8: API 密钥格式验证 Claude 密钥应以 sk-ant- 开头","status":"passed","title":"Claude 密钥应以 sk-ant- 开头","duration":220.60929999999644,"failureMessages":[],"meta":{}},{"ancestorTitles":["API Key Validator Property Tests","Property 8: API 密钥格式验证"],"fullName":"API Key Validator Property Tests Property 8: API 密钥格式验证 OpenAI 密钥应以 sk- 开头（但不是 sk-ant-）","status":"passed","title":"OpenAI 密钥应以 sk- 开头（但不是 sk-ant-）","duration":48.69389999999839,"failureMessages":[],"meta":{}},{"ancestorTitles":["API Key Validator Property Tests","Property 8: API 密钥格式验证"],"fullName":"API Key Validator Property Tests Property 8: API 密钥格式验证 Gemini 密钥应以 AI 开头","status":"passed","title":"Gemini 密钥应以 AI 开头","duration":18.837199999994482,"failureMessages":[],"meta":{}},{"ancestorTitles":["API Key Validator Property Tests","Property 8: API 密钥格式验证"],"fullName":"API Key Validator Property Tests Property 8: API 密钥格式验证 SiliconFlow 密钥应以 sf- 开头","status":"passed","title":"SiliconFlow 密钥应以 sf- 开头","duration":10.67050000000745,"failureMessages":[],"meta":{}},{"ancestorTitles":["API Key Validator Property Tests","Property 8: API 密钥格式验证"],"fullName":"API Key Validator Property Tests Property 8: API 密钥格式验证 不符合任何已知格式的密钥应返回 unknown","status":"passed","title":"不符合任何已知格式的密钥应返回 unknown","duration":8.85899999999674,"failureMessages":[],"meta":{}},{"ancestorTitles":["API Key Validator Property Tests","detectProvider 函数"],"fullName":"API Key Validator Property Tests detectProvider 函数 应正确检测 Claude 密钥","status":"passed","title":"应正确检测 Claude 密钥","duration":7.409899999998743,"failureMessages":[],"meta":{}},{"ancestorTitles":["API Key Validator Property Tests","detectProvider 函数"],"fullName":"API Key Validator Property Tests detectProvider 函数 应正确检测 OpenAI 密钥","status":"passed","title":"应正确检测 OpenAI 密钥","duration":30.57050000000163,"failureMessages":[],"meta":{}},{"ancestorTitles":["API Key Validator Property Tests","detectProvider 函数"],"fullName":"API Key Validator Property Tests detectProvider 函数 应正确检测 Gemini 密钥","status":"passed","title":"应正确检测 Gemini 密钥","duration":3.754000000000815,"failureMessages":[],"meta":{}},{"ancestorTitles":["API Key Validator Property Tests","detectProvider 函数"],"fullName":"API Key Validator Property Tests detectProvider 函数 应正确检测 SiliconFlow 密钥","status":"passed","title":"应正确检测 SiliconFlow 密钥","duration":8.204400000002352,"failureMessages":[],"meta":{}},{"ancestorTitles":["API Key Validator Property Tests","验证结果结构"],"fullName":"API Key Validator Property Tests 验证结果结构 验证结果应包含所有必要字段","status":"passed","title":"验证结果应包含所有必要字段","duration":34.12789999999222,"failureMessages":[],"meta":{}},{"ancestorTitles":["API Key Validator Property Tests","验证结果结构"],"fullName":"API Key Validator Property Tests 验证结果结构 无效密钥应返回错误信息","status":"passed","title":"无效密钥应返回错误信息","duration":10.687799999999697,"failureMessages":[],"meta":{}},{"ancestorTitles":["API Key Validator Property Tests","quickValidateAPIKey 函数"],"fullName":"API Key Validator Property Tests quickValidateAPIKey 函数 有效密钥应通过快速验证","status":"passed","title":"有效密钥应通过快速验证","duration":11.617899999997462,"failureMessages":[],"meta":{}},{"ancestorTitles":["API Key Validator Property Tests","quickValidateAPIKey 函数"],"fullName":"API Key Validator Property Tests quickValidateAPIKey 函数 过短的密钥应不通过快速验证","status":"passed","title":"过短的密钥应不通过快速验证","duration":5.428099999990081,"failureMessages":[],"meta":{}},{"ancestorTitles":["API Key Validator Property Tests","quickValidateAPIKey 函数"],"fullName":"API Key Validator Property Tests quickValidateAPIKey 函数 包含非法字符的密钥应不通过快速验证","status":"passed","title":"包含非法字符的密钥应不通过快速验证","duration":6.339499999987311,"failureMessages":[],"meta":{}},{"ancestorTitles":["API Key Validator Property Tests","getProviderDisplayName 函数"],"fullName":"API Key Validator Property Tests getProviderDisplayName 函数 应为所有支持的提供商返回非空名称","status":"passed","title":"应为所有支持的提供商返回非空名称","duration":2.6489000000001397,"failureMessages":[],"meta":{}},{"ancestorTitles":["API Key Validator Property Tests","getSupportedProviders 函数"],"fullName":"API Key Validator Property Tests getSupportedProviders 函数 应返回非空的提供商列表","status":"passed","title":"应返回非空的提供商列表","duration":1.3337000000028638,"failureMessages":[],"meta":{}},{"ancestorTitles":["API Key Validator Property Tests","getSupportedProviders 函数"],"fullName":"API Key Validator Property Tests getSupportedProviders 函数 应包含主要提供商","status":"passed","title":"应包含主要提供商","duration":3.8330999999889173,"failureMessages":[],"meta":{}},{"ancestorTitles":["API Key Validator Property Tests","边界情况"],"fullName":"API Key Validator Property Tests 边界情况 应正确处理 null 和 undefined","status":"passed","title":"应正确处理 null 和 undefined","duration":0.8781999999919208,"failureMessages":[],"meta":{}},{"ancestorTitles":["API Key Validator Property Tests","边界情况"],"fullName":"API Key Validator Property Tests 边界情况 应正确处理空字符串","status":"passed","title":"应正确处理空字符串","duration":1.1816000000108033,"failureMessages":[],"meta":{}},{"ancestorTitles":["API Key Validator Property Tests","边界情况"],"fullName":"API Key Validator Property Tests 边界情况 应正确处理只有空格的字符串","status":"passed","title":"应正确处理只有空格的字符串","duration":0.5446000000083586,"failureMessages":[],"meta":{}},{"ancestorTitles":["API Key Validator Property Tests","边界情况"],"fullName":"API Key Validator Property Tests 边界情况 应自动去除首尾空格并添加警告","status":"passed","title":"应自动去除首尾空格并添加警告","duration":10.352700000003097,"failureMessages":[],"meta":{}}],"startTime":1767969761794,"endTime":1767969762246.3528,"status":"passed","message":"","name":"F:/Fangyu-Code-Dev/src/lib/apiKeyValidator.property.test.ts"},{"assertionResults":[{"ancestorTitles":["SecureStorage Property Tests","Property 7: API 密钥安全存储","maskAPIKey 函数"],"fullName":"SecureStorage Property Tests Property 7: API 密钥安全存储 maskAPIKey 函数 遮罩后的密钥应保留前后指定数量的字符","status":"passed","title":"遮罩后的密钥应保留前后指定数量的字符","duration":22.548399999999674,"failureMessages":[],"meta":{}},{"ancestorTitles":["SecureStorage Property Tests","Property 7: API 密钥安全存储","maskAPIKey 函数"],"fullName":"SecureStorage Property Tests Property 7: API 密钥安全存储 maskAPIKey 函数 遮罩后的密钥不应暴露完整密钥","status":"passed","title":"遮罩后的密钥不应暴露完整密钥","duration":12.922500000000582,"failureMessages":[],"meta":{}},{"ancestorTitles":["SecureStorage Property Tests","Property 7: API 密钥安全存储","maskAPIKey 函数"],"fullName":"SecureStorage Property Tests Property 7: API 密钥安全存储 maskAPIKey 函数 短密钥应完全遮罩","status":"passed","title":"短密钥应完全遮罩","duration":2.924799999993411,"failureMessages":[],"meta":{}},{"ancestorTitles":["SecureStorage Property Tests","Property 7: API 密钥安全存储","maskAPIKey 函数"],"fullName":"SecureStorage Property Tests Property 7: API 密钥安全存储 maskAPIKey 函数 空密钥应返回遮罩占位符","status":"passed","title":"空密钥应返回遮罩占位符","duration":0.5298000000038883,"failureMessages":[],"meta":{}},{"ancestorTitles":["SecureStorage Property Tests","Property 7: API 密钥安全存储","maskAPIKey 函数"],"fullName":"SecureStorage Property Tests Property 7: API 密钥安全存储 maskAPIKey 函数 默认可见字符数为 4","status":"passed","title":"默认可见字符数为 4","duration":0.40279999999620486,"failureMessages":[],"meta":{}},{"ancestorTitles":["SecureStorage Property Tests","Property 7: API 密钥安全存储","提供商类型"],"fullName":"SecureStorage Property Tests Property 7: API 密钥安全存储 提供商类型 所有提供商类型应为有效字符串","status":"passed","title":"所有提供商类型应为有效字符串","duration":1.9789999999920838,"failureMessages":[],"meta":{}},{"ancestorTitles":["SecureStorage Property Tests","Property 7: API 密钥安全存储","提供商类型"],"fullName":"SecureStorage Property Tests Property 7: API 密钥安全存储 提供商类型 提供商列表应包含所有主要提供商","status":"passed","title":"提供商列表应包含所有主要提供商","duration":0.5210999999981141,"failureMessages":[],"meta":{}},{"ancestorTitles":["SecureStorage Property Tests","存储键格式"],"fullName":"SecureStorage Property Tests 存储键格式 API 密钥存储键应包含提供商标识","status":"passed","title":"API 密钥存储键应包含提供商标识","duration":1.977500000008149,"failureMessages":[],"meta":{}},{"ancestorTitles":["SecureStorage Property Tests","密钥遮罩边界情况"],"fullName":"SecureStorage Property Tests 密钥遮罩边界情况 不同长度的密钥应正确遮罩","status":"passed","title":"不同长度的密钥应正确遮罩","duration":0.7850000000034925,"failureMessages":[],"meta":{}},{"ancestorTitles":["SecureStorage Property Tests","密钥遮罩边界情况"],"fullName":"SecureStorage Property Tests 密钥遮罩边界情况 遮罩长度应有上限","status":"passed","title":"遮罩长度应有上限","duration":14.534499999994296,"failureMessages":[],"meta":{}},{"ancestorTitles":["SecureStorage Property Tests","安全性属性"],"fullName":"SecureStorage Property Tests 安全性属性 遮罩后不应能还原原始密钥","status":"passed","title":"遮罩后不应能还原原始密钥","duration":8.034399999989546,"failureMessages":[],"meta":{}},{"ancestorTitles":["SecureStorage Property Tests","安全性属性"],"fullName":"SecureStorage Property Tests 安全性属性 相同密钥应产生相同的遮罩结果","status":"passed","title":"相同密钥应产生相同的遮罩结果","duration":2.4685999999928754,"failureMessages":[],"meta":{}},{"ancestorTitles":["SecureStorage Property Tests","安全性属性"],"fullName":"SecureStorage Property Tests 安全性属性 不同密钥应产生不同的遮罩结果（大多数情况）","status":"passed","title":"不同密钥应产生不同的遮罩结果（大多数情况）","duration":6.931700000001001,"failureMessages":[],"meta":{}}],"startTime":1767969756957,"endTime":1767969757034.9316,"status":"passed","message":"","name":"F:/Fangyu-Code-Dev/src/lib/secureStorage.property.test.ts"},{"assertionResults":[{"ancestorTitles":["useMessageDeduplication"],"fullName":"useMessageDeduplication 应该去除重复的消息","status":"passed","title":"应该去除重复的消息","duration":1.9786000000021886,"failureMessages":[],"meta":{}},{"ancestorTitles":["useMessageDeduplication"],"fullName":"useMessageDeduplication 应该保留没有 ID 的消息","status":"passed","title":"应该保留没有 ID 的消息","duration":0.7152999999962049,"failureMessages":[],"meta":{}},{"ancestorTitles":["createIdempotencyKey"],"fullName":"createIdempotencyKey 应该为相同数据生成相同的 key","status":"passed","title":"应该为相同数据生成相同的 key","duration":0.527299999994284,"failureMessages":[],"meta":{}},{"ancestorTitles":["createIdempotencyKey"],"fullName":"createIdempotencyKey 应该为不同数据生成不同的 key","status":"passed","title":"应该为不同数据生成不同的 key","duration":1.5588999999963562,"failureMessages":[],"meta":{}},{"ancestorTitles":["createIdempotencyKey"],"fullName":"createIdempotencyKey 应该包含前缀","status":"passed","title":"应该包含前缀","duration":0.6368000000002212,"failureMessages":[],"meta":{}},{"ancestorTitles":["Console Monitor"],"fullName":"Console Monitor 应该正确分类错误严重性","status":"passed","title":"应该正确分类错误严重性","duration":1.529900000001362,"failureMessages":[],"meta":{}},{"ancestorTitles":["DevTools Auto Monitor"],"fullName":"DevTools Auto Monitor 应该正确过滤严重性","status":"passed","title":"应该正确过滤严重性","duration":0.6388000000006286,"failureMessages":[],"meta":{}},{"ancestorTitles":["Integration Tests (Browser Only)"],"fullName":"Integration Tests (Browser Only) 应该能够启动 DevTools 监控","status":"skipped","title":"应该能够启动 DevTools 监控","failureMessages":[],"meta":{}},{"ancestorTitles":["Integration Tests (Browser Only)"],"fullName":"Integration Tests (Browser Only) 应该能够检测 console 错误","status":"skipped","title":"应该能够检测 console 错误","failureMessages":[],"meta":{}}],"startTime":1767969807739,"endTime":1767969807747.639,"status":"passed","message":"","name":"F:/Fangyu-Code-Dev/src/tests/monitoring.test.ts"},{"assertionResults":[{"ancestorTitles":["VirtualList 核心逻辑","calculateMeasurements"],"fullName":"VirtualList 核心逻辑 calculateMeasurements 应该计算固定高度项目的测量数据","status":"passed","title":"应该计算固定高度项目的测量数据","duration":3.4403999999922235,"failureMessages":[],"meta":{}},{"ancestorTitles":["VirtualList 核心逻辑","calculateMeasurements"],"fullName":"VirtualList 核心逻辑 calculateMeasurements 应该计算动态高度项目的测量数据","status":"passed","title":"应该计算动态高度项目的测量数据","duration":0.4683999999979278,"failureMessages":[],"meta":{}},{"ancestorTitles":["VirtualList 核心逻辑","calculateMeasurements"],"fullName":"VirtualList 核心逻辑 calculateMeasurements 应该处理空列表","status":"passed","title":"应该处理空列表","duration":0.2903999999980442,"failureMessages":[],"meta":{}},{"ancestorTitles":["VirtualList 核心逻辑","calculateMeasurements"],"fullName":"VirtualList 核心逻辑 calculateMeasurements 应该处理单个项目","status":"passed","title":"应该处理单个项目","duration":0.3191999999980908,"failureMessages":[],"meta":{}},{"ancestorTitles":["VirtualList 核心逻辑","findStartIndex"],"fullName":"VirtualList 核心逻辑 findStartIndex 应该找到滚动位置 0 的起始索引","status":"passed","title":"应该找到滚动位置 0 的起始索引","duration":0.47119999999995343,"failureMessages":[],"meta":{}},{"ancestorTitles":["VirtualList 核心逻辑","findStartIndex"],"fullName":"VirtualList 核心逻辑 findStartIndex 应该找到滚动位置在项目中间的起始索引","status":"passed","title":"应该找到滚动位置在项目中间的起始索引","duration":0.2505000000091968,"failureMessages":[],"meta":{}},{"ancestorTitles":["VirtualList 核心逻辑","findStartIndex"],"fullName":"VirtualList 核心逻辑 findStartIndex 应该找到滚动位置在项目边界的起始索引","status":"passed","title":"应该找到滚动位置在项目边界的起始索引","duration":0.23519999999552965,"failureMessages":[],"meta":{}},{"ancestorTitles":["VirtualList 核心逻辑","findStartIndex"],"fullName":"VirtualList 核心逻辑 findStartIndex 应该找到滚动到底部的起始索引","status":"passed","title":"应该找到滚动到底部的起始索引","duration":0.22639999999955762,"failureMessages":[],"meta":{}},{"ancestorTitles":["VirtualList 核心逻辑","findStartIndex"],"fullName":"VirtualList 核心逻辑 findStartIndex 应该处理超出范围的滚动位置","status":"passed","title":"应该处理超出范围的滚动位置","duration":0.2565000000031432,"failureMessages":[],"meta":{}},{"ancestorTitles":["VirtualList 核心逻辑","findStartIndex"],"fullName":"VirtualList 核心逻辑 findStartIndex 应该处理空列表","status":"passed","title":"应该处理空列表","duration":0.25160000000323635,"failureMessages":[],"meta":{}},{"ancestorTitles":["VirtualList 核心逻辑","calculateVisibleRange"],"fullName":"VirtualList 核心逻辑 calculateVisibleRange 应该计算初始位置的可见范围","status":"passed","title":"应该计算初始位置的可见范围","duration":0.32700000000477303,"failureMessages":[],"meta":{}},{"ancestorTitles":["VirtualList 核心逻辑","calculateVisibleRange"],"fullName":"VirtualList 核心逻辑 calculateVisibleRange 应该计算滚动后的可见范围","status":"passed","title":"应该计算滚动后的可见范围","duration":0.3175000000046566,"failureMessages":[],"meta":{}},{"ancestorTitles":["VirtualList 核心逻辑","calculateVisibleRange"],"fullName":"VirtualList 核心逻辑 calculateVisibleRange 应该计算滚动到底部的可见范围","status":"passed","title":"应该计算滚动到底部的可见范围","duration":0.16049999999813735,"failureMessages":[],"meta":{}},{"ancestorTitles":["VirtualList 核心逻辑","calculateVisibleRange"],"fullName":"VirtualList 核心逻辑 calculateVisibleRange 应该处理 overscan 为 0","status":"passed","title":"应该处理 overscan 为 0","duration":0.16769999999087304,"failureMessages":[],"meta":{}},{"ancestorTitles":["VirtualList 核心逻辑","calculateVisibleRange"],"fullName":"VirtualList 核心逻辑 calculateVisibleRange 应该处理大 overscan","status":"passed","title":"应该处理大 overscan","duration":0.24539999999979045,"failureMessages":[],"meta":{}},{"ancestorTitles":["VirtualList 核心逻辑","calculateVisibleRange"],"fullName":"VirtualList 核心逻辑 calculateVisibleRange 应该处理空列表","status":"passed","title":"应该处理空列表","duration":0.4137999999948079,"failureMessages":[],"meta":{}},{"ancestorTitles":["VirtualList 核心逻辑","calculateVisibleRange"],"fullName":"VirtualList 核心逻辑 calculateVisibleRange 应该处理项目数量小于可见区域","status":"passed","title":"应该处理项目数量小于可见区域","duration":0.5020999999978812,"failureMessages":[],"meta":{}},{"ancestorTitles":["VirtualList 核心逻辑","scrollToIndex 计算"],"fullName":"VirtualList 核心逻辑 scrollToIndex 计算 start 对齐应该滚动到项目顶部","status":"passed","title":"start 对齐应该滚动到项目顶部","duration":0.3548000000009779,"failureMessages":[],"meta":{}},{"ancestorTitles":["VirtualList 核心逻辑","scrollToIndex 计算"],"fullName":"VirtualList 核心逻辑 scrollToIndex 计算 center 对齐应该将项目居中","status":"passed","title":"center 对齐应该将项目居中","duration":0.21550000000570435,"failureMessages":[],"meta":{}},{"ancestorTitles":["VirtualList 核心逻辑","scrollToIndex 计算"],"fullName":"VirtualList 核心逻辑 scrollToIndex 计算 end 对齐应该滚动到项目底部","status":"passed","title":"end 对齐应该滚动到项目底部","duration":0.16250000000582077,"failureMessages":[],"meta":{}},{"ancestorTitles":["VirtualList 核心逻辑","scrollToIndex 计算"],"fullName":"VirtualList 核心逻辑 scrollToIndex 计算 应该处理无效索引","status":"passed","title":"应该处理无效索引","duration":0.22520000000076834,"failureMessages":[],"meta":{}},{"ancestorTitles":["VirtualList 核心逻辑","总高度计算"],"fullName":"VirtualList 核心逻辑 总高度计算 应该计算固定高度列表的总高度","status":"passed","title":"应该计算固定高度列表的总高度","duration":0.2296000000060303,"failureMessages":[],"meta":{}},{"ancestorTitles":["VirtualList 核心逻辑","总高度计算"],"fullName":"VirtualList 核心逻辑 总高度计算 应该计算动态高度列表的总高度","status":"passed","title":"应该计算动态高度列表的总高度","duration":0.18959999999788124,"failureMessages":[],"meta":{}},{"ancestorTitles":["VirtualList 核心逻辑","onEndReached 触发逻辑"],"fullName":"VirtualList 核心逻辑 onEndReached 触发逻辑 应该在到达阈值时触发","status":"passed","title":"应该在到达阈值时触发","duration":0.36220000000321306,"failureMessages":[],"meta":{}},{"ancestorTitles":["VirtualList 核心逻辑","onEndReached 触发逻辑"],"fullName":"VirtualList 核心逻辑 onEndReached 触发逻辑 不应该在未到达阈值时触发","status":"passed","title":"不应该在未到达阈值时触发","duration":0.3809999999939464,"failureMessages":[],"meta":{}},{"ancestorTitles":["VirtualList 核心逻辑","onEndReached 触发逻辑"],"fullName":"VirtualList 核心逻辑 onEndReached 触发逻辑 应该在滚动到底部时触发","status":"passed","title":"应该在滚动到底部时触发","duration":0.31209999999555293,"failureMessages":[],"meta":{}}],"startTime":1767969742378,"endTime":1767969742390.381,"status":"passed","message":"","name":"F:/Fangyu-Code-Dev/src/components/common/VirtualList.test.tsx"},{"assertionResults":[{"ancestorTitles":["RetryService Property Tests","Property 4: 指数退避重试"],"fullName":"RetryService Property Tests Property 4: 指数退避重试 延迟应该遵循指数退避公式（无抖动）","status":"passed","title":"延迟应该遵循指数退避公式（无抖动）","duration":432.8252999999968,"failureMessages":[],"meta":{}},{"ancestorTitles":["RetryService Property Tests","Property 4: 指数退避重试"],"fullName":"RetryService Property Tests Property 4: 指数退避重试 延迟不应超过 maxDelay","status":"passed","title":"延迟不应超过 maxDelay","duration":80.47030000000086,"failureMessages":[],"meta":{}},{"ancestorTitles":["RetryService Property Tests","Property 4: 指数退避重试"],"fullName":"RetryService Property Tests Property 4: 指数退避重试 带抖动的延迟应在 ±25% 范围内","status":"passed","title":"带抖动的延迟应在 ±25% 范围内","duration":232.35169999999925,"failureMessages":[],"meta":{}},{"ancestorTitles":["RetryService Property Tests","Property 4: 指数退避重试"],"fullName":"RetryService Property Tests Property 4: 指数退避重试 第一次尝试的延迟应等于 baseDelay（无抖动）","status":"passed","title":"第一次尝试的延迟应等于 baseDelay（无抖动）","duration":34.239199999996345,"failureMessages":[],"meta":{}},{"ancestorTitles":["RetryService Property Tests","Property 4: 指数退避重试"],"fullName":"RetryService Property Tests Property 4: 指数退避重试 延迟应随尝试次数单调递增（直到达到 maxDelay）","status":"passed","title":"延迟应随尝试次数单调递增（直到达到 maxDelay）","duration":93.70210000000952,"failureMessages":[],"meta":{}},{"ancestorTitles":["RetryService Property Tests","可重试错误判断"],"fullName":"RetryService Property Tests 可重试错误判断 应正确识别可重试的错误","status":"passed","title":"应正确识别可重试的错误","duration":47.930400000012014,"failureMessages":[],"meta":{}},{"ancestorTitles":["RetryService Property Tests","可重试错误判断"],"fullName":"RetryService Property Tests 可重试错误判断 应正确拒绝不可重试的错误","status":"passed","title":"应正确拒绝不可重试的错误","duration":19.527499999996508,"failureMessages":[],"meta":{}},{"ancestorTitles":["RetryService Property Tests","withRetry 函数"],"fullName":"RetryService Property Tests withRetry 函数 成功时应返回正确的结果","status":"passed","title":"成功时应返回正确的结果","duration":4.947299999999814,"failureMessages":[],"meta":{}},{"ancestorTitles":["RetryService Property Tests","withRetry 函数"],"fullName":"RetryService Property Tests withRetry 函数 失败后重试应记录正确的尝试次数","status":"passed","title":"失败后重试应记录正确的尝试次数","duration":48.02190000000701,"failureMessages":[],"meta":{}},{"ancestorTitles":["RetryService Property Tests","withRetry 函数"],"fullName":"RetryService Property Tests withRetry 函数 达到最大重试次数后应返回失败","status":"passed","title":"达到最大重试次数后应返回失败","duration":43.64320000000589,"failureMessages":[],"meta":{}},{"ancestorTitles":["RetryService Property Tests","withRetry 函数"],"fullName":"RetryService Property Tests withRetry 函数 不可重试的错误应立即返回失败","status":"passed","title":"不可重试的错误应立即返回失败","duration":0.7032999999937601,"failureMessages":[],"meta":{}},{"ancestorTitles":["RetryService Property Tests","withRetry 函数"],"fullName":"RetryService Property Tests withRetry 函数 onRetry 回调应被正确调用","status":"passed","title":"onRetry 回调应被正确调用","duration":89.28750000000582,"failureMessages":[],"meta":{}},{"ancestorTitles":["RetryService Property Tests","withRetry 函数"],"fullName":"RetryService Property Tests withRetry 函数 totalTime 应反映实际耗时","status":"passed","title":"totalTime 应反映实际耗时","duration":1.5230000000010477,"failureMessages":[],"meta":{}},{"ancestorTitles":["RetryService Property Tests","延迟记录准确性"],"fullName":"RetryService Property Tests 延迟记录准确性 delays 数组应记录每次重试的延迟","status":"passed","title":"delays 数组应记录每次重试的延迟","duration":731.1708999999973,"failureMessages":[],"meta":{}}],"startTime":1767969761062,"endTime":1767969762936.171,"status":"passed","message":"","name":"F:/Fangyu-Code-Dev/src/lib/services/retryService.property.test.ts"},{"assertionResults":[{"ancestorTitles":["UnifiedAgentOrchestrator Property Tests","Property 1: Agent Task Assignment Fitness"],"fullName":"UnifiedAgentOrchestrator Property Tests Property 1: Agent Task Assignment Fitness should assign tasks to agents with matching role types","status":"passed","title":"should assign tasks to agents with matching role types","duration":71.33120000000054,"failureMessages":[],"meta":{}},{"ancestorTitles":["UnifiedAgentOrchestrator Property Tests","Property 1: Agent Task Assignment Fitness"],"fullName":"UnifiedAgentOrchestrator Property Tests Property 1: Agent Task Assignment Fitness should calculate higher fit scores for matching role types","status":"passed","title":"should calculate higher fit scores for matching role types","duration":6.645499999998719,"failureMessages":[],"meta":{}},{"ancestorTitles":["UnifiedAgentOrchestrator Property Tests","Property 1: Agent Task Assignment Fitness"],"fullName":"UnifiedAgentOrchestrator Property Tests Property 1: Agent Task Assignment Fitness should prefer idle agents over busy agents","status":"passed","title":"should prefer idle agents over busy agents","duration":1.1771999999909895,"failureMessages":[],"meta":{}},{"ancestorTitles":["UnifiedAgentOrchestrator Property Tests","Property 1: Agent Task Assignment Fitness"],"fullName":"UnifiedAgentOrchestrator Property Tests Property 1: Agent Task Assignment Fitness should maintain task-role mapping consistency","status":"passed","title":"should maintain task-role mapping consistency","duration":1.9007999999885214,"failureMessages":[],"meta":{}},{"ancestorTitles":["UnifiedAgentOrchestrator Property Tests","Agent Creation Properties"],"fullName":"UnifiedAgentOrchestrator Property Tests Agent Creation Properties should create agents for all valid role types","status":"passed","title":"should create agents for all valid role types","duration":1.9565000000002328,"failureMessages":[],"meta":{}},{"ancestorTitles":["UnifiedAgentOrchestrator Property Tests","Agent Creation Properties"],"fullName":"UnifiedAgentOrchestrator Property Tests Agent Creation Properties should generate unique IDs for each agent","status":"passed","title":"should generate unique IDs for each agent","duration":7.214300000006915,"failureMessages":[],"meta":{}},{"ancestorTitles":["UnifiedAgentOrchestrator Property Tests","Agent Cloning Properties"],"fullName":"UnifiedAgentOrchestrator Property Tests Agent Cloning Properties should clone agents with identical configuration","status":"passed","title":"should clone agents with identical configuration","duration":4.994099999996251,"failureMessages":[],"meta":{}}],"startTime":1767969761985,"endTime":1767969762083.9941,"status":"passed","message":"","name":"F:/Fangyu-Code-Dev/src/core/agents/UnifiedAgentOrchestrator.property.test.ts"},{"assertionResults":[{"ancestorTitles":["BackgroundAgentManager Property Tests","Property 16: Concurrency Limit Compliance"],"fullName":"BackgroundAgentManager Property Tests Property 16: Concurrency Limit Compliance should never exceed provider concurrency limits","status":"passed","title":"should never exceed provider concurrency limits","duration":1063.9484999999986,"failureMessages":[],"meta":{}},{"ancestorTitles":["BackgroundAgentManager Property Tests","Property 16: Concurrency Limit Compliance"],"fullName":"BackgroundAgentManager Property Tests Property 16: Concurrency Limit Compliance should never exceed total concurrency limit","status":"passed","title":"should never exceed total concurrency limit","duration":1022.4583999999886,"failureMessages":[],"meta":{}},{"ancestorTitles":["BackgroundAgentManager Property Tests","Property 16: Concurrency Limit Compliance"],"fullName":"BackgroundAgentManager Property Tests Property 16: Concurrency Limit Compliance should queue tasks when at capacity","status":"passed","title":"should queue tasks when at capacity","duration":216.22479999999632,"failureMessages":[],"meta":{}},{"ancestorTitles":["BackgroundAgentManager Property Tests","Property 16: Concurrency Limit Compliance"],"fullName":"BackgroundAgentManager Property Tests Property 16: Concurrency Limit Compliance should process queue when capacity becomes available","status":"passed","title":"should process queue when capacity becomes available","duration":109.98730000000796,"failureMessages":[],"meta":{}},{"ancestorTitles":["BackgroundAgentManager Property Tests","Task Status Properties"],"fullName":"BackgroundAgentManager Property Tests Task Status Properties should transition through valid states","status":"passed","title":"should transition through valid states","duration":62.94070000000647,"failureMessages":[],"meta":{}},{"ancestorTitles":["BackgroundAgentManager Property Tests","Task Status Properties"],"fullName":"BackgroundAgentManager Property Tests Task Status Properties should track progress from 0 to 100","status":"passed","title":"should track progress from 0 to 100","duration":62.178799999994226,"failureMessages":[],"meta":{}},{"ancestorTitles":["BackgroundAgentManager Property Tests","Task Cancellation Properties"],"fullName":"BackgroundAgentManager Property Tests Task Cancellation Properties should allow cancelling queued tasks","status":"passed","title":"should allow cancelling queued tasks","duration":16.520899999988615,"failureMessages":[],"meta":{}},{"ancestorTitles":["BackgroundAgentManager Property Tests","Task Cancellation Properties"],"fullName":"BackgroundAgentManager Property Tests Task Cancellation Properties should not allow cancelling completed tasks","status":"passed","title":"should not allow cancelling completed tasks","duration":42.109800000005635,"failureMessages":[],"meta":{}}],"startTime":1767969761842,"endTime":1767969764442.1099,"status":"passed","message":"","name":"F:/Fangyu-Code-Dev/src/core/agents/BackgroundAgentManager.property.test.ts"},{"assertionResults":[{"ancestorTitles":["TaskQueue Property Tests","Property 4.1: 高优先级任务总是先出队"],"fullName":"TaskQueue Property Tests Property 4.1: 高优先级任务总是先出队 dequeue returns highest priority task first","status":"passed","title":"dequeue returns highest priority task first","duration":24.32050000000163,"failureMessages":[],"meta":{}},{"ancestorTitles":["TaskQueue Property Tests","Property 4.1: 高优先级任务总是先出队"],"fullName":"TaskQueue Property Tests Property 4.1: 高优先级任务总是先出队 higher priority tasks always dequeue before lower priority","status":"passed","title":"higher priority tasks always dequeue before lower priority","duration":2.872000000003027,"failureMessages":[],"meta":{}},{"ancestorTitles":["TaskQueue Property Tests","Property 4.2: 同优先级按 FIFO 顺序"],"fullName":"TaskQueue Property Tests Property 4.2: 同优先级按 FIFO 顺序 tasks with same priority dequeue in FIFO order","status":"passed","title":"tasks with same priority dequeue in FIFO order","duration":4.476900000008754,"failureMessages":[],"meta":{}},{"ancestorTitles":["TaskQueue Property Tests","Property 4.3: 依赖未满足的任务不会出队"],"fullName":"TaskQueue Property Tests Property 4.3: 依赖未满足的任务不会出队 tasks with unsatisfied dependencies are skipped","status":"passed","title":"tasks with unsatisfied dependencies are skipped","duration":2.14879999999539,"failureMessages":[],"meta":{}},{"ancestorTitles":["TaskQueue Property Tests","Property 4.3: 依赖未满足的任务不会出队"],"fullName":"TaskQueue Property Tests Property 4.3: 依赖未满足的任务不会出队 dependency chain is respected","status":"passed","title":"dependency chain is respected","duration":2.286999999996624,"failureMessages":[],"meta":{}},{"ancestorTitles":["TaskQueue Property Tests","Property 4.4: 队列容量限制"],"fullName":"TaskQueue Property Tests Property 4.4: 队列容量限制 queue respects max size limit","status":"passed","title":"queue respects max size limit","duration":2.474800000010873,"failureMessages":[],"meta":{}},{"ancestorTitles":["TaskQueue Property Tests","Property 4.5: 任务唯一性"],"fullName":"TaskQueue Property Tests Property 4.5: 任务唯一性 duplicate task IDs are rejected","status":"passed","title":"duplicate task IDs are rejected","duration":2.5725000000093132,"failureMessages":[],"meta":{}},{"ancestorTitles":["TaskQueue Property Tests","Property 4.6: 优先级更新"],"fullName":"TaskQueue Property Tests Property 4.6: 优先级更新 priority update reorders queue correctly","status":"passed","title":"priority update reorders queue correctly","duration":1.7957000000023982,"failureMessages":[],"meta":{}},{"ancestorTitles":["TaskQueue Property Tests","Property 4.7: 队列统计准确性"],"fullName":"TaskQueue Property Tests Property 4.7: 队列统计准确性 stats reflect actual queue state","status":"passed","title":"stats reflect actual queue state","duration":5.726399999999558,"failureMessages":[],"meta":{}},{"ancestorTitles":["TaskQueue Property Tests","Property 4.8: 事件发射"],"fullName":"TaskQueue Property Tests Property 4.8: 事件发射 events are emitted for all queue operations","status":"passed","title":"events are emitted for all queue operations","duration":2.471399999994901,"failureMessages":[],"meta":{}},{"ancestorTitles":["TaskQueue Property Tests","Property 4.9: Deadline 队列排序"],"fullName":"TaskQueue Property Tests Property 4.9: Deadline 队列排序 deadline queue prioritizes by deadline","status":"passed","title":"deadline queue prioritizes by deadline","duration":8.084400000007008,"failureMessages":[],"meta":{}},{"ancestorTitles":["TaskQueue Unit Tests","enqueue/dequeue"],"fullName":"TaskQueue Unit Tests enqueue/dequeue should enqueue and dequeue tasks","status":"passed","title":"should enqueue and dequeue tasks","duration":0.6704999999928987,"failureMessages":[],"meta":{}},{"ancestorTitles":["TaskQueue Unit Tests","enqueue/dequeue"],"fullName":"TaskQueue Unit Tests enqueue/dequeue should return undefined when queue is empty","status":"passed","title":"should return undefined when queue is empty","duration":0.5947999999916647,"failureMessages":[],"meta":{}},{"ancestorTitles":["TaskQueue Unit Tests","peek"],"fullName":"TaskQueue Unit Tests peek should peek without removing","status":"passed","title":"should peek without removing","duration":0.40499999999883585,"failureMessages":[],"meta":{}},{"ancestorTitles":["TaskQueue Unit Tests","remove"],"fullName":"TaskQueue Unit Tests remove should remove task by id","status":"passed","title":"should remove task by id","duration":0.44530000000668224,"failureMessages":[],"meta":{}},{"ancestorTitles":["TaskQueue Unit Tests","remove"],"fullName":"TaskQueue Unit Tests remove should return false for non-existent task","status":"passed","title":"should return false for non-existent task","duration":0.22049999999580905,"failureMessages":[],"meta":{}},{"ancestorTitles":["TaskQueue Unit Tests","clear"],"fullName":"TaskQueue Unit Tests clear should clear all tasks","status":"passed","title":"should clear all tasks","duration":41.324399999997695,"failureMessages":[],"meta":{}},{"ancestorTitles":["TaskQueue Unit Tests","getByStatus"],"fullName":"TaskQueue Unit Tests getByStatus should filter tasks by status","status":"passed","title":"should filter tasks by status","duration":4.829299999997602,"failureMessages":[],"meta":{}},{"ancestorTitles":["TaskQueue Unit Tests","getByPriorityRange"],"fullName":"TaskQueue Unit Tests getByPriorityRange should filter tasks by priority range","status":"passed","title":"should filter tasks by priority range","duration":0.608299999992596,"failureMessages":[],"meta":{}},{"ancestorTitles":["TaskQueue Unit Tests","retry mechanism"],"fullName":"TaskQueue Unit Tests retry mechanism should retry failed tasks up to maxRetries","status":"passed","title":"should retry failed tasks up to maxRetries","duration":0.5969000000040978,"failureMessages":[],"meta":{}}],"startTime":1767969640323,"endTime":1767969640434.6084,"status":"passed","message":"","name":"F:/Fangyu-Code-Dev/src/core/agents/TaskQueue.property.test.ts"},{"assertionResults":[{"ancestorTitles":["SandboxManager Property Tests"],"fullName":"SandboxManager Property Tests should cleanup all resources when sandbox is destroyed","status":"passed","title":"should cleanup all resources when sandbox is destroyed","duration":302.14620000000286,"failureMessages":[],"meta":{}},{"ancestorTitles":["SandboxManager Property Tests"],"fullName":"SandboxManager Property Tests should cleanup all sandboxes when destroyAll is called","status":"passed","title":"should cleanup all sandboxes when destroyAll is called","duration":155.88700000000244,"failureMessages":[],"meta":{}},{"ancestorTitles":["SandboxManager Property Tests"],"fullName":"SandboxManager Property Tests should return false when destroying non-existent sandbox","status":"passed","title":"should return false when destroying non-existent sandbox","duration":41.14340000000084,"failureMessages":[],"meta":{}},{"ancestorTitles":["SandboxManager Property Tests"],"fullName":"SandboxManager Property Tests should maintain accurate sandbox count","status":"passed","title":"should maintain accurate sandbox count","duration":21.808600000003935,"failureMessages":[],"meta":{}},{"ancestorTitles":["SandboxManager Property Tests"],"fullName":"SandboxManager Property Tests should create sandboxes with unique IDs","status":"passed","title":"should create sandboxes with unique IDs","duration":61.70020000000659,"failureMessages":[],"meta":{}},{"ancestorTitles":["SandboxManager Property Tests"],"fullName":"SandboxManager Property Tests should clear all terminals when sandbox is destroyed","status":"passed","title":"should clear all terminals when sandbox is destroyed","duration":28.27180000000226,"failureMessages":[],"meta":{}},{"ancestorTitles":["SandboxManager Property Tests"],"fullName":"SandboxManager Property Tests should call destroyContainer exactly once per sandbox","status":"passed","title":"should call destroyContainer exactly once per sandbox","duration":27.890400000003865,"failureMessages":[],"meta":{}}],"startTime":1767969748726,"endTime":1767969749371.8904,"status":"passed","message":"","name":"F:/Fangyu-Code-Dev/src/core/sandbox/SandboxManager.property.test.ts"},{"assertionResults":[{"ancestorTitles":["SteeringLoader Property Tests","Front-matter Parsing"],"fullName":"SteeringLoader Property Tests Front-matter Parsing Property 7.1: 应正确解析所有有效的 front-matter 配置","status":"passed","title":"Property 7.1: 应正确解析所有有效的 front-matter 配置","duration":24.1139000000112,"failureMessages":[],"meta":{}},{"ancestorTitles":["SteeringLoader Property Tests","Front-matter Parsing"],"fullName":"SteeringLoader Property Tests Front-matter Parsing Property 7.2: 无 front-matter 时应使用默认值","status":"passed","title":"Property 7.2: 无 front-matter 时应使用默认值","duration":8.758500000010827,"failureMessages":[],"meta":{}},{"ancestorTitles":["SteeringLoader Property Tests","Glob Pattern Matching"],"fullName":"SteeringLoader Property Tests Glob Pattern Matching Property 7.3: * 应匹配单层目录中的任意字符","status":"passed","title":"Property 7.3: * 应匹配单层目录中的任意字符","duration":14.353000000002794,"failureMessages":[],"meta":{}},{"ancestorTitles":["SteeringLoader Property Tests","Glob Pattern Matching"],"fullName":"SteeringLoader Property Tests Glob Pattern Matching Property 7.4: ** 应匹配任意深度的路径","status":"passed","title":"Property 7.4: ** 应匹配任意深度的路径","duration":8.921100000006845,"failureMessages":[],"meta":{}},{"ancestorTitles":["SteeringLoader Property Tests","Glob Pattern Matching"],"fullName":"SteeringLoader Property Tests Glob Pattern Matching Property 7.5: 精确模式应只匹配完全相同的路径","status":"passed","title":"Property 7.5: 精确模式应只匹配完全相同的路径","duration":48.4884999999922,"failureMessages":[],"meta":{}},{"ancestorTitles":["SteeringLoader Property Tests","Steering File Loading"],"fullName":"SteeringLoader Property Tests Steering File Loading Property 7.6: always 模式的文件应始终被加载","status":"passed","title":"Property 7.6: always 模式的文件应始终被加载","duration":532.1165000000037,"failureMessages":[],"meta":{}},{"ancestorTitles":["SteeringLoader Property Tests","Steering File Loading"],"fullName":"SteeringLoader Property Tests Steering File Loading Property 7.7: fileMatch 模式应只在文件匹配时加载","status":"passed","title":"Property 7.7: fileMatch 模式应只在文件匹配时加载","duration":168.02099999999336,"failureMessages":[],"meta":{}},{"ancestorTitles":["SteeringLoader Property Tests","Steering File Loading"],"fullName":"SteeringLoader Property Tests Steering File Loading Property 7.8: manual 模式应只在显式引用时加载","status":"passed","title":"Property 7.8: manual 模式应只在显式引用时加载","duration":170.49520000000484,"failureMessages":[],"meta":{}},{"ancestorTitles":["SteeringLoader Property Tests","Steering File Loading"],"fullName":"SteeringLoader Property Tests Steering File Loading Property 7.9: 优先级排序应正确","status":"passed","title":"Property 7.9: 优先级排序应正确","duration":405.11729999999807,"failureMessages":[],"meta":{}},{"ancestorTitles":["SteeringLoader Property Tests","Context-based Loading"],"fullName":"SteeringLoader Property Tests Context-based Loading Property 7.10: getForContext 应正确组合所有模式","status":"passed","title":"Property 7.10: getForContext 应正确组合所有模式","duration":17.69890000000305,"failureMessages":[],"meta":{}},{"ancestorTitles":["SteeringLoader Property Tests","File Reference Resolution"],"fullName":"SteeringLoader Property Tests File Reference Resolution Property 7.11: #[[file:xxx]] 引用应正确解析","status":"passed","title":"Property 7.11: #[[file:xxx]] 引用应正确解析","duration":96.04189999999653,"failureMessages":[],"meta":{}},{"ancestorTitles":["SteeringLoader Property Tests","File Reference Resolution"],"fullName":"SteeringLoader Property Tests File Reference Resolution Property 7.12: 不存在的文件引用应优雅处理","status":"passed","title":"Property 7.12: 不存在的文件引用应优雅处理","duration":14.415099999998347,"failureMessages":[],"meta":{}}],"startTime":1767969640385,"endTime":1767969641895.415,"status":"passed","message":"","name":"F:/Fangyu-Code-Dev/src/core/hooks/SteeringLoader.property.test.ts"},{"assertionResults":[{"ancestorTitles":["EnhancedHookEngine Property Tests","Hook Registration Properties"],"fullName":"EnhancedHookEngine Property Tests Hook Registration Properties Property 5.1: 注册的 Hook 应能被正确检索","status":"passed","title":"Property 5.1: 注册的 Hook 应能被正确检索","duration":28.915500000002794,"failureMessages":[],"meta":{}},{"ancestorTitles":["EnhancedHookEngine Property Tests","Hook Registration Properties"],"fullName":"EnhancedHookEngine Property Tests Hook Registration Properties Property 5.2: 重复注册相同 ID 应抛出错误","status":"passed","title":"Property 5.2: 重复注册相同 ID 应抛出错误","duration":18.707200000004377,"failureMessages":[],"meta":{}},{"ancestorTitles":["EnhancedHookEngine Property Tests","Hook Registration Properties"],"fullName":"EnhancedHookEngine Property Tests Hook Registration Properties Property 5.3: 注销后 Hook 应不可检索","status":"passed","title":"Property 5.3: 注销后 Hook 应不可检索","duration":50.45579999999609,"failureMessages":[],"meta":{}},{"ancestorTitles":["EnhancedHookEngine Property Tests","Hook Chain Execution Order (Property 5)"],"fullName":"EnhancedHookEngine Property Tests Hook Chain Execution Order (Property 5) Property 5.4: Hook 应按优先级顺序执行","status":"passed","title":"Property 5.4: Hook 应按优先级顺序执行","duration":31.442299999995157,"failureMessages":[],"meta":{}},{"ancestorTitles":["EnhancedHookEngine Property Tests","Hook Chain Execution Order (Property 5)"],"fullName":"EnhancedHookEngine Property Tests Hook Chain Execution Order (Property 5) Property 5.5: 禁用的 Hook 不应执行","status":"passed","title":"Property 5.5: 禁用的 Hook 不应执行","duration":8.234499999991385,"failureMessages":[],"meta":{}},{"ancestorTitles":["EnhancedHookEngine Property Tests","Hook Blocking Propagation (Property 6)"],"fullName":"EnhancedHookEngine Property Tests Hook Blocking Propagation (Property 6) Property 6.1: 阻塞 Hook 应阻止后续 Hook 执行","status":"passed","title":"Property 6.1: 阻塞 Hook 应阻止后续 Hook 执行","duration":7.822500000009313,"failureMessages":[],"meta":{}},{"ancestorTitles":["EnhancedHookEngine Property Tests","Hook Blocking Propagation (Property 6)"],"fullName":"EnhancedHookEngine Property Tests Hook Blocking Propagation (Property 6) Property 6.2: 非阻塞 Hook 不应影响后续执行","status":"passed","title":"Property 6.2: 非阻塞 Hook 不应影响后续执行","duration":4.929200000013225,"failureMessages":[],"meta":{}},{"ancestorTitles":["EnhancedHookEngine Property Tests","Hook Blocking Propagation (Property 6)"],"fullName":"EnhancedHookEngine Property Tests Hook Blocking Propagation (Property 6) Property 6.3: 第一个阻塞 Hook 应决定阻塞点","status":"passed","title":"Property 6.3: 第一个阻塞 Hook 应决定阻塞点","duration":4.527100000006612,"failureMessages":[],"meta":{}},{"ancestorTitles":["EnhancedHookEngine Property Tests","Event Filtering Properties"],"fullName":"EnhancedHookEngine Property Tests Event Filtering Properties Property 5.6: 只有匹配事件的 Hook 应被执行","status":"passed","title":"Property 5.6: 只有匹配事件的 Hook 应被执行","duration":3.723100000002887,"failureMessages":[],"meta":{}},{"ancestorTitles":["EnhancedHookEngine Property Tests","Engine State Properties"],"fullName":"EnhancedHookEngine Property Tests Engine State Properties Property 5.7: 禁用引擎时不应执行任何 Hook","status":"passed","title":"Property 5.7: 禁用引擎时不应执行任何 Hook","duration":17.509599999990314,"failureMessages":[],"meta":{}},{"ancestorTitles":["EnhancedHookEngine Property Tests","Engine State Properties"],"fullName":"EnhancedHookEngine Property Tests Engine State Properties Property 5.8: 清除后应没有任何 Hook","status":"passed","title":"Property 5.8: 清除后应没有任何 Hook","duration":22.29069999999774,"failureMessages":[],"meta":{}},{"ancestorTitles":["EnhancedHookEngine Property Tests","Statistics Properties"],"fullName":"EnhancedHookEngine Property Tests Statistics Properties Property 5.9: 统计信息应准确反映 Hook 状态","status":"passed","title":"Property 5.9: 统计信息应准确反映 Hook 状态","duration":24.52850000000035,"failureMessages":[],"meta":{}}],"startTime":1767969638456,"endTime":1767969638684.5286,"status":"passed","message":"","name":"F:/Fangyu-Code-Dev/src/core/hooks/EnhancedHookEngine.property.test.ts"},{"assertionResults":[{"ancestorTitles":["ASTGrepTools Property Tests","Language Support Properties"],"fullName":"ASTGrepTools Property Tests Language Support Properties Property 8.1: 支持的语言列表应包含至少 10 种语言","status":"passed","title":"Property 8.1: 支持的语言列表应包含至少 10 种语言","duration":2.1202999999950407,"failureMessages":[],"meta":{}},{"ancestorTitles":["ASTGrepTools Property Tests","Language Support Properties"],"fullName":"ASTGrepTools Property Tests Language Support Properties Property 8.2: 所有列出的语言都应被识别为支持","status":"passed","title":"Property 8.2: 所有列出的语言都应被识别为支持","duration":8.666600000011385,"failureMessages":[],"meta":{}},{"ancestorTitles":["ASTGrepTools Property Tests","Language Support Properties"],"fullName":"ASTGrepTools Property Tests Language Support Properties Property 8.3: 不支持的语言应返回 false","status":"passed","title":"Property 8.3: 不支持的语言应返回 false","duration":8.788799999994808,"failureMessages":[],"meta":{}},{"ancestorTitles":["ASTGrepTools Property Tests","Language Inference Properties"],"fullName":"ASTGrepTools Property Tests Language Inference Properties Property 8.4: 常见扩展名应正确推断语言","status":"passed","title":"Property 8.4: 常见扩展名应正确推断语言","duration":1.1830000000045402,"failureMessages":[],"meta":{}},{"ancestorTitles":["ASTGrepTools Property Tests","Language Inference Properties"],"fullName":"ASTGrepTools Property Tests Language Inference Properties Property 8.5: 未知扩展名应返回 null","status":"passed","title":"Property 8.5: 未知扩展名应返回 null","duration":2.6944000000075903,"failureMessages":[],"meta":{}},{"ancestorTitles":["ASTGrepTools Property Tests","Search Properties (Property 8)"],"fullName":"ASTGrepTools Property Tests Search Properties (Property 8) Property 8.6: 搜索应返回设置的结果","status":"passed","title":"Property 8.6: 搜索应返回设置的结果","duration":120.40639999999257,"failureMessages":[],"meta":{}},{"ancestorTitles":["ASTGrepTools Property Tests","Search Properties (Property 8)"],"fullName":"ASTGrepTools Property Tests Search Properties (Property 8) Property 8.7: 搜索结果应只包含匹配的文件","status":"passed","title":"Property 8.7: 搜索结果应只包含匹配的文件","duration":0.561600000000908,"failureMessages":[],"meta":{}},{"ancestorTitles":["ASTGrepTools Property Tests","Search Properties (Property 8)"],"fullName":"ASTGrepTools Property Tests Search Properties (Property 8) Property 8.8: 空搜索结果应返回空数组","status":"passed","title":"Property 8.8: 空搜索结果应返回空数组","duration":0.32160000001022127,"failureMessages":[],"meta":{}},{"ancestorTitles":["ASTGrepTools Property Tests","Replace Properties"],"fullName":"ASTGrepTools Property Tests Replace Properties Property 8.9: 替换应返回正确的变更数量","status":"passed","title":"Property 8.9: 替换应返回正确的变更数量","duration":52.66909999999916,"failureMessages":[],"meta":{}},{"ancestorTitles":["ASTGrepTools Property Tests","Replace Properties"],"fullName":"ASTGrepTools Property Tests Replace Properties Property 8.10: 无匹配时替换应返回空变更","status":"passed","title":"Property 8.10: 无匹配时替换应返回空变更","duration":5.518599999995786,"failureMessages":[],"meta":{}},{"ancestorTitles":["ASTGrepTools Property Tests","Replace Properties"],"fullName":"ASTGrepTools Property Tests Replace Properties Property 8.11: 替换变更应包含原始和替换后的文本","status":"passed","title":"Property 8.11: 替换变更应包含原始和替换后的文本","duration":5.5429000000003725,"failureMessages":[],"meta":{}},{"ancestorTitles":["ASTGrepTools Property Tests","Formatted Search Properties"],"fullName":"ASTGrepTools Property Tests Formatted Search Properties Property 8.12: 格式化搜索应包含匹配数量","status":"passed","title":"Property 8.12: 格式化搜索应包含匹配数量","duration":54.18609999999171,"failureMessages":[],"meta":{}},{"ancestorTitles":["ASTGrepTools Property Tests","Formatted Search Properties"],"fullName":"ASTGrepTools Property Tests Formatted Search Properties Property 8.13: 无匹配时格式化搜索应返回提示信息","status":"passed","title":"Property 8.13: 无匹配时格式化搜索应返回提示信息","duration":2.545400000002701,"failureMessages":[],"meta":{}},{"ancestorTitles":["ASTGrepTools Property Tests","Error Handling Properties"],"fullName":"ASTGrepTools Property Tests Error Handling Properties Property 8.14: 不支持的语言应抛出错误","status":"passed","title":"Property 8.14: 不支持的语言应抛出错误","duration":6.344700000001467,"failureMessages":[],"meta":{}},{"ancestorTitles":["ASTGrepTools Property Tests","Error Handling Properties"],"fullName":"ASTGrepTools Property Tests Error Handling Properties Property 8.15: 替换时不支持的语言应抛出错误","status":"passed","title":"Property 8.15: 替换时不支持的语言应抛出错误","duration":6.052999999999884,"failureMessages":[],"meta":{}},{"ancestorTitles":["ASTGrepTools Property Tests","Capture Replacement Properties"],"fullName":"ASTGrepTools Property Tests Capture Replacement Properties Property 8.16: 捕获组应正确替换","status":"passed","title":"Property 8.16: 捕获组应正确替换","duration":7.853900000001886,"failureMessages":[],"meta":{}}],"startTime":1767969750392,"endTime":1767969750693.854,"status":"passed","message":"","name":"F:/Fangyu-Code-Dev/src/core/tools/ASTGrepTools.property.test.ts"},{"assertionResults":[{"ancestorTitles":["PowersManager Property Tests","List Properties (Property 28.1)"],"fullName":"PowersManager Property Tests List Properties (Property 28.1) Property 28.1.1: 列出的 Powers 数量应与存储中的一致","status":"passed","title":"Property 28.1.1: 列出的 Powers 数量应与存储中的一致","duration":50.1192999999912,"failureMessages":[],"meta":{}},{"ancestorTitles":["PowersManager Property Tests","List Properties (Property 28.1)"],"fullName":"PowersManager Property Tests List Properties (Property 28.1) Property 28.1.2: 列出的 Powers 应包含正确的状态","status":"passed","title":"Property 28.1.2: 列出的 Powers 应包含正确的状态","duration":0.5705000000016298,"failureMessages":[],"meta":{}},{"ancestorTitles":["PowersManager Property Tests","Activate Properties (Property 28.2)"],"fullName":"PowersManager Property Tests Activate Properties (Property 28.2) Property 28.2.1: 激活后 Power 应标记为活跃","status":"passed","title":"Property 28.2.1: 激活后 Power 应标记为活跃","duration":7.898300000000745,"failureMessages":[],"meta":{}},{"ancestorTitles":["PowersManager Property Tests","Activate Properties (Property 28.2)"],"fullName":"PowersManager Property Tests Activate Properties (Property 28.2) Property 28.2.2: 激活不存在的 Power 应抛出错误","status":"passed","title":"Property 28.2.2: 激活不存在的 Power 应抛出错误","duration":2.955199999996694,"failureMessages":[],"meta":{}},{"ancestorTitles":["PowersManager Property Tests","Activate Properties (Property 28.2)"],"fullName":"PowersManager Property Tests Activate Properties (Property 28.2) Property 28.2.3: 激活禁用的 Power 应抛出错误","status":"passed","title":"Property 28.2.3: 激活禁用的 Power 应抛出错误","duration":0.8877000000065891,"failureMessages":[],"meta":{}},{"ancestorTitles":["PowersManager Property Tests","Activate Properties (Property 28.2)"],"fullName":"PowersManager Property Tests Activate Properties (Property 28.2) Property 28.2.4: 激活结果应包含所有服务器的工具","status":"passed","title":"Property 28.2.4: 激活结果应包含所有服务器的工具","duration":1.6433000000106404,"failureMessages":[],"meta":{}},{"ancestorTitles":["PowersManager Property Tests","Use Properties (Property 28.3)"],"fullName":"PowersManager Property Tests Use Properties (Property 28.3) Property 28.3.1: 使用未激活的 Power 应返回错误","status":"passed","title":"Property 28.3.1: 使用未激活的 Power 应返回错误","duration":0.9890999999915948,"failureMessages":[],"meta":{}},{"ancestorTitles":["PowersManager Property Tests","Use Properties (Property 28.3)"],"fullName":"PowersManager Property Tests Use Properties (Property 28.3) Property 28.3.2: 使用激活的 Power 应成功调用工具","status":"passed","title":"Property 28.3.2: 使用激活的 Power 应成功调用工具","duration":1.0390999999945052,"failureMessages":[],"meta":{}},{"ancestorTitles":["PowersManager Property Tests","Use Properties (Property 28.3)"],"fullName":"PowersManager Property Tests Use Properties (Property 28.3) Property 28.3.3: 使用不存在的服务器应返回错误","status":"passed","title":"Property 28.3.3: 使用不存在的服务器应返回错误","duration":0.6680000000051223,"failureMessages":[],"meta":{}},{"ancestorTitles":["PowersManager Property Tests","ReadSteering Properties (Property 28.4)"],"fullName":"PowersManager Property Tests ReadSteering Properties (Property 28.4) Property 28.4.1: 读取存在的 steering 文件应返回内容","status":"passed","title":"Property 28.4.1: 读取存在的 steering 文件应返回内容","duration":0.7767000000021653,"failureMessages":[],"meta":{}},{"ancestorTitles":["PowersManager Property Tests","ReadSteering Properties (Property 28.4)"],"fullName":"PowersManager Property Tests ReadSteering Properties (Property 28.4) Property 28.4.2: 读取不存在的 steering 文件应抛出错误","status":"passed","title":"Property 28.4.2: 读取不存在的 steering 文件应抛出错误","duration":0.7762999999977183,"failureMessages":[],"meta":{}},{"ancestorTitles":["PowersManager Property Tests","Deactivate Properties (Property 28.5)"],"fullName":"PowersManager Property Tests Deactivate Properties (Property 28.5) Property 28.5.1: 停用后 Power 应不再活跃","status":"passed","title":"Property 28.5.1: 停用后 Power 应不再活跃","duration":0.4519000000000233,"failureMessages":[],"meta":{}},{"ancestorTitles":["PowersManager Property Tests","Deactivate Properties (Property 28.5)"],"fullName":"PowersManager Property Tests Deactivate Properties (Property 28.5) Property 28.5.2: 停用未激活的 Power 应返回 false","status":"passed","title":"Property 28.5.2: 停用未激活的 Power 应返回 false","duration":0.20709999999962747,"failureMessages":[],"meta":{}},{"ancestorTitles":["PowersManager Property Tests","Keyword Search Properties (Property 28.6)"],"fullName":"PowersManager Property Tests Keyword Search Properties (Property 28.6) Property 28.6.1: 关键词搜索应返回匹配的 Powers","status":"passed","title":"Property 28.6.1: 关键词搜索应返回匹配的 Powers","duration":0.48470000000088476,"failureMessages":[],"meta":{}},{"ancestorTitles":["PowersManager Property Tests","Keyword Search Properties (Property 28.6)"],"fullName":"PowersManager Property Tests Keyword Search Properties (Property 28.6) Property 28.6.2: 搜索应不区分大小写","status":"passed","title":"Property 28.6.2: 搜索应不区分大小写","duration":17.030299999998533,"failureMessages":[],"meta":{}},{"ancestorTitles":["PowersManager Property Tests","Auto-Activate Properties (Property 28.7)"],"fullName":"PowersManager Property Tests Auto-Activate Properties (Property 28.7) Property 28.7.1: 自动激活应匹配文本中的关键词","status":"passed","title":"Property 28.7.1: 自动激活应匹配文本中的关键词","duration":4.200599999996484,"failureMessages":[],"meta":{}},{"ancestorTitles":["PowersManager Property Tests","Auto-Activate Properties (Property 28.7)"],"fullName":"PowersManager Property Tests Auto-Activate Properties (Property 28.7) Property 28.7.2: 已激活的 Power 不应重复激活","status":"passed","title":"Property 28.7.2: 已激活的 Power 不应重复激活","duration":0.9520999999949709,"failureMessages":[],"meta":{}},{"ancestorTitles":["PowersManager Property Tests","Auto-Activate Properties (Property 28.7)"],"fullName":"PowersManager Property Tests Auto-Activate Properties (Property 28.7) Property 28.7.3: 禁用的 Power 不应自动激活","status":"passed","title":"Property 28.7.3: 禁用的 Power 不应自动激活","duration":0.5917000000044936,"failureMessages":[],"meta":{}},{"ancestorTitles":["PowersManager Property Tests","Configure Properties (Property 28.8)"],"fullName":"PowersManager Property Tests Configure Properties (Property 28.8) Property 28.8.1: 配置应正确保存","status":"passed","title":"Property 28.8.1: 配置应正确保存","duration":1.1846999999979744,"failureMessages":[],"meta":{}},{"ancestorTitles":["PowersManager Property Tests","Configure Properties (Property 28.8)"],"fullName":"PowersManager Property Tests Configure Properties (Property 28.8) Property 28.8.2: 配置不存在的 Power 应抛出错误","status":"passed","title":"Property 28.8.2: 配置不存在的 Power 应抛出错误","duration":0.639100000000326,"failureMessages":[],"meta":{}}],"startTime":1767969640415,"endTime":1767969640512.6392,"status":"passed","message":"","name":"F:/Fangyu-Code-Dev/src/core/tools/PowersManager.property.test.ts"},{"assertionResults":[{"ancestorTitles":["IDEToolchain Property Tests","Syntax Validation Properties (Property 9)"],"fullName":"IDEToolchain Property Tests Syntax Validation Properties (Property 9) Property 9.1: 无错误时验证应返回 valid=true","status":"passed","title":"Property 9.1: 无错误时验证应返回 valid=true","duration":154.60299999998824,"failureMessages":[],"meta":{}},{"ancestorTitles":["IDEToolchain Property Tests","Syntax Validation Properties (Property 9)"],"fullName":"IDEToolchain Property Tests Syntax Validation Properties (Property 9) Property 9.2: 有错误时验证应返回 valid=false","status":"passed","title":"Property 9.2: 有错误时验证应返回 valid=false","duration":87.7328000000125,"failureMessages":[],"meta":{}},{"ancestorTitles":["IDEToolchain Property Tests","Syntax Validation Properties (Property 9)"],"fullName":"IDEToolchain Property Tests Syntax Validation Properties (Property 9) Property 9.3: 错误、警告、提示应正确分类","status":"passed","title":"Property 9.3: 错误、警告、提示应正确分类","duration":0.7862000000022817,"failureMessages":[],"meta":{}},{"ancestorTitles":["IDEToolchain Property Tests","Syntax Validation Properties (Property 9)"],"fullName":"IDEToolchain Property Tests Syntax Validation Properties (Property 9) Property 9.4: 摘要应正确反映问题数量","status":"passed","title":"Property 9.4: 摘要应正确反映问题数量","duration":0.69100000000617,"failureMessages":[],"meta":{}},{"ancestorTitles":["IDEToolchain Property Tests","Code Analysis Properties (Property 9.5)"],"fullName":"IDEToolchain Property Tests Code Analysis Properties (Property 9.5) Property 9.5.1: 分析应返回请求的信息","status":"passed","title":"Property 9.5.1: 分析应返回请求的信息","duration":1.7057000000058906,"failureMessages":[],"meta":{}},{"ancestorTitles":["IDEToolchain Property Tests","Code Analysis Properties (Property 9.5)"],"fullName":"IDEToolchain Property Tests Code Analysis Properties (Property 9.5) Property 9.5.2: 默认应包含 hover 和 diagnostics","status":"passed","title":"Property 9.5.2: 默认应包含 hover 和 diagnostics","duration":1.4991999999911059,"failureMessages":[],"meta":{}},{"ancestorTitles":["IDEToolchain Property Tests","Code Search Properties (Property 9.6)"],"fullName":"IDEToolchain Property Tests Code Search Properties (Property 9.6) Property 9.6.1: 搜索应返回正确的结果结构","status":"passed","title":"Property 9.6.1: 搜索应返回正确的结果结构","duration":2.450700000001234,"failureMessages":[],"meta":{}},{"ancestorTitles":["IDEToolchain Property Tests","Language Support Properties (Property 9.7)"],"fullName":"IDEToolchain Property Tests Language Support Properties (Property 9.7) Property 9.7.1: 应正确推断文件语言","status":"passed","title":"Property 9.7.1: 应正确推断文件语言","duration":0.7682000000058906,"failureMessages":[],"meta":{}},{"ancestorTitles":["IDEToolchain Property Tests","Language Support Properties (Property 9.7)"],"fullName":"IDEToolchain Property Tests Language Support Properties (Property 9.7) Property 9.7.2: 应正确检查 AST 支持","status":"passed","title":"Property 9.7.2: 应正确检查 AST 支持","duration":0.4514000000053784,"failureMessages":[],"meta":{}},{"ancestorTitles":["IDEToolchain Property Tests","Language Support Properties (Property 9.7)"],"fullName":"IDEToolchain Property Tests Language Support Properties (Property 9.7) Property 9.7.3: 支持的语言列表应非空","status":"passed","title":"Property 9.7.3: 支持的语言列表应非空","duration":1.7528000000020256,"failureMessages":[],"meta":{}},{"ancestorTitles":["IDEToolchain Property Tests","Batch Validation Properties (Property 9.8)"],"fullName":"IDEToolchain Property Tests Batch Validation Properties (Property 9.8) Property 9.8.1: 批量验证应返回所有文件的结果","status":"passed","title":"Property 9.8.1: 批量验证应返回所有文件的结果","duration":0.6915000000008149,"failureMessages":[],"meta":{}},{"ancestorTitles":["IDEToolchain Property Tests","Batch Validation Properties (Property 9.8)"],"fullName":"IDEToolchain Property Tests Batch Validation Properties (Property 9.8) Property 9.8.2: 工作区摘要应正确统计","status":"passed","title":"Property 9.8.2: 工作区摘要应正确统计","duration":0.728000000002794,"failureMessages":[],"meta":{}},{"ancestorTitles":["IDEToolchain Property Tests","Tool Access Properties (Property 9.9)"],"fullName":"IDEToolchain Property Tests Tool Access Properties (Property 9.9) Property 9.9.1: 应能访问子工具","status":"passed","title":"Property 9.9.1: 应能访问子工具","duration":0.5282999999908498,"failureMessages":[],"meta":{}}],"startTime":1767969643099,"endTime":1767969643367.5283,"status":"passed","message":"","name":"F:/Fangyu-Code-Dev/src/core/tools/IDEToolchain.property.test.ts"},{"assertionResults":[{"ancestorTitles":["SmartContextManager Property Tests","Token Estimation Properties"],"fullName":"SmartContextManager Property Tests Token Estimation Properties Property 10.1: Token 估算应为正数","status":"passed","title":"Property 10.1: Token 估算应为正数","duration":15.696900000009919,"failureMessages":[],"meta":{}},{"ancestorTitles":["SmartContextManager Property Tests","Token Estimation Properties"],"fullName":"SmartContextManager Property Tests Token Estimation Properties Property 10.2: 更长的内容应有更多 token","status":"passed","title":"Property 10.2: 更长的内容应有更多 token","duration":19.2158999999956,"failureMessages":[],"meta":{}},{"ancestorTitles":["SmartContextManager Property Tests","Context Injection Properties (Property 11)"],"fullName":"SmartContextManager Property Tests Context Injection Properties (Property 11) Property 11.1: 注入的上下文应能被检索","status":"passed","title":"Property 11.1: 注入的上下文应能被检索","duration":24.993799999996554,"failureMessages":[],"meta":{}},{"ancestorTitles":["SmartContextManager Property Tests","Context Injection Properties (Property 11)"],"fullName":"SmartContextManager Property Tests Context Injection Properties (Property 11) Property 11.2: 重复内容应被去重","status":"passed","title":"Property 11.2: 重复内容应被去重","duration":13.560599999997066,"failureMessages":[],"meta":{}},{"ancestorTitles":["SmartContextManager Property Tests","Context Injection Properties (Property 11)"],"fullName":"SmartContextManager Property Tests Context Injection Properties (Property 11) Property 11.3: 不同内容应都被注入","status":"passed","title":"Property 11.3: 不同内容应都被注入","duration":11.069600000002538,"failureMessages":[],"meta":{}},{"ancestorTitles":["SmartContextManager Property Tests","Context Injection Properties (Property 11)"],"fullName":"SmartContextManager Property Tests Context Injection Properties (Property 11) Property 11.4: 批量注入应正确去重","status":"passed","title":"Property 11.4: 批量注入应正确去重","duration":12.54989999999816,"failureMessages":[],"meta":{}},{"ancestorTitles":["SmartContextManager Property Tests","Threshold Detection Properties (Property 10)"],"fullName":"SmartContextManager Property Tests Threshold Detection Properties (Property 10) Property 10.3: 阈值事件应在正确时机触发","status":"passed","title":"Property 10.3: 阈值事件应在正确时机触发","duration":13.950900000010733,"failureMessages":[],"meta":{}},{"ancestorTitles":["SmartContextManager Property Tests","Threshold Detection Properties (Property 10)"],"fullName":"SmartContextManager Property Tests Threshold Detection Properties (Property 10) Property 10.4: 使用率计算应准确","status":"passed","title":"Property 10.4: 使用率计算应准确","duration":7.185700000001816,"failureMessages":[],"meta":{}},{"ancestorTitles":["SmartContextManager Property Tests","Compaction Properties (Property 12)"],"fullName":"SmartContextManager Property Tests Compaction Properties (Property 12) Property 12.1: 压缩应减少 token 数量","status":"passed","t
[...]
第一个块的元数据","duration":30.88279999999213,"failureMessages":[],"meta":{}},{"ancestorTitles":["RealAPIClient Property Tests","Property 3: 流式响应完整性"],"fullName":"RealAPIClient Property Tests Property 3: 流式响应完整性 合并后应使用最后一个非空的 finish_reason","status":"passed","title":"合并后应使用最后一个非空的 finish_reason","duration":21.833500000007916,"failureMessages":[],"meta":{}},{"ancestorTitles":["RealAPIClient Property Tests","Property 3: 流式响应完整性"],"fullName":"RealAPIClient Property Tests Property 3: 流式响应完整性 空块数组应返回空响应","status":"passed","title":"空块数组应返回空响应","duration":0.671199999997043,"failureMessages":[],"meta":{}},{"ancestorTitles":["RealAPIClient Property Tests","Property 3: 流式响应完整性"],"fullName":"RealAPIClient Property Tests Property 3: 流式响应完整性 StreamHandler 状态应正确初始化","status":"passed","title":"StreamHandler 状态应正确初始化","duration":0.813800000003539,"failureMessages":[],"meta":{}},{"ancestorTitles":["RealAPIClient Property Tests","Property 3: 流式响应完整性"],"fullName":"RealAPIClient Property Tests Property 3: 流式响应完整性 reset 应清除所有状态","status":"passed","title":"reset 应清除所有状态","duration":44.65799999999581,"failureMessages":[],"meta":{}},{"ancestorTitles":["RealAPIClient Property Tests","APIErrorCode 属性测试"],"fullName":"RealAPIClient Property Tests APIErrorCode 属性测试 所有错误码应该是唯一的字符串","status":"passed","title":"所有错误码应该是唯一的字符串","duration":1.5390000000043074,"failureMessages":[],"meta":{}},{"ancestorTitles":["RealAPIClient Property Tests","APIErrorCode 属性测试"],"fullName":"RealAPIClient Property Tests APIErrorCode 属性测试 可重试错误码应该是错误码的子集","status":"passed","title":"可重试错误码应该是错误码的子集","duration":1.680400000012014,"failureMessages":[],"meta":{}},{"ancestorTitles":["RealAPIClient Property Tests","配置更新属性测试"],"fullName":"RealAPIClient Property Tests 配置更新属性测试 updateConfig 应正确更新部分配置","status":"passed","title":"updateConfig 应正确更新部分配置","duration":6.391199999998207,"failureMessages":[],"meta":{}},{"ancestorTitles":["RealAPIClient Property Tests","配置更新属性测试"],"fullName":"RealAPIClient Property Tests 配置更新属性测试 updateConfig 应移除新 baseUrl 的尾部斜杠","status":"passed","title":"updateConfig 应移除新 baseUrl 的尾部斜杠","duration":5.310800000006566,"failureMessages":[],"meta":{}}],"startTime":1767969643071,"endTime":1767969643657.3108,"status":"passed","message":"","name":"F:/Fangyu-Code-Dev/src/core/api/RealAPIClient.property.test.ts"},{"assertionResults":[{"ancestorTitles":["APIErrorHandler Property Tests","Property 4: 错误处理结构化"],"fullName":"APIErrorHandler Property Tests Property 4: 错误处理结构化 handleError 应返回完整的结构化结果","status":"passed","title":"handleError 应返回完整的结构化结果","duration":169.87799999999697,"failureMessages":[],"meta":{}},{"ancestorTitles":["APIErrorHandler Property Tests","Property 4: 错误处理结构化"],"fullName":"APIErrorHandler Property Tests Property 4: 错误处理结构化 错误分类应该是有效的类别","status":"passed","title":"错误分类应该是有效的类别","duration":85.35259999999835,"failureMessages":[],"meta":{}},{"ancestorTitles":["APIErrorHandler Property Tests","Property 4: 错误处理结构化"],"fullName":"APIErrorHandler Property Tests Property 4: 错误处理结构化 normalizeError 应将任意错误转换为 APIError","status":"passed","title":"normalizeError 应将任意错误转换为 APIError","duration":16.359599999996135,"failureMessages":[],"meta":{}},{"ancestorTitles":["APIErrorHandler Property Tests","Property 4: 错误处理结构化"],"fullName":"APIErrorHandler Property Tests Property 4: 错误处理结构化 createErrorFromStatus 应根据状态码创建正确的错误","status":"passed","title":"createErrorFromStatus 应根据状态码创建正确的错误","duration":12.03399999999965,"failureMessages":[],"meta":{}},{"ancestorTitles":["APIErrorHandler Property Tests","重试策略属性测试"],"fullName":"APIErrorHandler Property Tests 重试策略属性测试 可重试错误应该允许重试（在限制内）","status":"passed","title":"可重试错误应该允许重试（在限制内）","duration":26.21250000000873,"failureMessages":[],"meta":{}},{"ancestorTitles":["APIErrorHandler Property Tests","重试策略属性测试"],"fullName":"APIErrorHandler Property Tests 重试策略属性测试 不可重试错误应该立即拒绝重试","status":"passed","title":"不可重试错误应该立即拒绝重试","duration":7.669500000003609,"failureMessages":[],"meta":{}},{"ancestorTitles":["APIErrorHandler Property Tests","重试策略属性测试"],"fullName":"APIErrorHandler Property Tests 重试策略属性测试 超过最大重试次数后应拒绝重试","status":"passed","title":"超过最大重试次数后应拒绝重试","duration":2.653699999995297,"failureMessages":[],"meta":{}},{"ancestorTitles":["APIErrorHandler Property Tests","重试策略属性测试"],"fullName":"APIErrorHandler Property Tests 重试策略属性测试 重试延迟应该在配置范围内","status":"passed","title":"重试延迟应该在配置范围内","duration":4.054900000002817,"failureMessages":[],"meta":{}},{"ancestorTitles":["APIErrorHandler Property Tests","重试策略属性测试"],"fullName":"APIErrorHandler Property Tests 重试策略属性测试 reset 应该清除重试上下文","status":"passed","title":"reset 应该清除重试上下文","duration":12.392200000002049,"failureMessages":[],"meta":{}},{"ancestorTitles":["APIErrorHandler Property Tests","配置属性测试"],"fullName":"APIErrorHandler Property Tests 配置属性测试 应使用默认配置初始化","status":"passed","title":"应使用默认配置初始化","duration":4.828700000012759,"failureMessages":[],"meta":{}},{"ancestorTitles":["APIErrorHandler Property Tests","配置属性测试"],"fullName":"APIErrorHandler Property Tests 配置属性测试 应正确合并自定义配置","status":"passed","title":"应正确合并自定义配置","duration":6.205999999991036,"failureMessages":[],"meta":{}},{"ancestorTitles":["APIErrorHandler Property Tests","配置属性测试"],"fullName":"APIErrorHandler Property Tests 配置属性测试 updateConfig 应正确更新配置","status":"passed","title":"updateConfig 应正确更新配置","duration":5.383799999995972,"failureMessages":[],"meta":{}},{"ancestorTitles":["APIErrorHandler Property Tests","工具函数属性测试"],"fullName":"APIErrorHandler Property Tests 工具函数属性测试 createErrorHandler 应创建有效的处理器","status":"passed","title":"createErrorHandler 应创建有效的处理器","duration":2.250099999990198,"failureMessages":[],"meta":{}},{"ancestorTitles":["APIErrorHandler Property Tests","工具函数属性测试"],"fullName":"APIErrorHandler Property Tests 工具函数属性测试 isRetryableError 应正确判断可重试性","status":"passed","title":"isRetryableError 应正确判断可重试性","duration":20.199200000002747,"failureMessages":[],"meta":{}},{"ancestorTitles":["APIErrorHandler Property Tests","工具函数属性测试"],"fullName":"APIErrorHandler Property Tests 工具函数属性测试 getUserMessage 应返回非空字符串","status":"passed","title":"getUserMessage 应返回非空字符串","duration":35.11260000000766,"failureMessages":[],"meta":{}},{"ancestorTitles":["APIErrorHandler Property Tests","工具函数属性测试"],"fullName":"APIErrorHandler Property Tests 工具函数属性测试 getErrorSuggestions 应返回字符串数组","status":"passed","title":"getErrorSuggestions 应返回字符串数组","duration":106.232600000003,"failureMessages":[],"meta":{}},{"ancestorTitles":["APIErrorHandler Property Tests","上下文追踪属性测试"],"fullName":"APIErrorHandler Property Tests 上下文追踪属性测试 重试上下文应正确追踪尝试次数","status":"passed","title":"重试上下文应正确追踪尝试次数","duration":40.783500000005006,"failureMessages":[],"meta":{}},{"ancestorTitles":["APIErrorHandler Property Tests","上下文追踪属性测试"],"fullName":"APIErrorHandler Property Tests 上下文追踪属性测试 重试上下文应记录所有延迟","status":"passed","title":"重试上下文应记录所有延迟","duration":38.134599999990314,"failureMessages":[],"meta":{}},{"ancestorTitles":["APIErrorHandler Property Tests","上下文追踪属性测试"],"fullName":"APIErrorHandler Property Tests 上下文追踪属性测试 重试上下文应记录最后一个错误","status":"passed","title":"重试上下文应记录最后一个错误","duration":9.6420999999973,"failureMessages":[],"meta":{}}],"startTime":1767969640321,"endTime":1767969640936.642,"status":"passed","message":"","name":"F:/Fangyu-Code-Dev/src/core/api/APIErrorHandler.property.test.ts"},{"assertionResults":[{"ancestorTitles":["TokenTracker Property Tests","Property 5: Token 统计准确性"],"fullName":"TokenTracker Property Tests Property 5: Token 统计准确性 累计 Token 数应等于所有记录的总和","status":"passed","title":"累计 Token 数应等于所有记录的总和","duration":34.15600000000268,"failureMessages":[],"meta":{}},{"ancestorTitles":["TokenTracker Property Tests","Property 5: Token 统计准确性"],"fullName":"TokenTracker Property Tests Property 5: Token 统计准确性 平均 Token 数应等于总数除以请求数","status":"passed","title":"平均 Token 数应等于总数除以请求数","duration":13.880699999994249,"failureMessages":[],"meta":{}},{"ancestorTitles":["TokenTracker Property Tests","Property 5: Token 统计准确性"],"fullName":"TokenTracker Property Tests Property 5: Token 统计准确性 成本计算应基于正确的定价","status":"passed","title":"成本计算应基于正确的定价","duration":4.500700000004144,"failureMessages":[],"meta":{}},{"ancestorTitles":["TokenTracker Property Tests","Property 5: Token 统计准确性"],"fullName":"TokenTracker Property Tests Property 5: Token 统计准确性 历史记录应保持插入顺序","status":"passed","title":"历史记录应保持插入顺序","duration":38.823199999998906,"failureMessages":[],"meta":{}},{"ancestorTitles":["TokenTracker Property Tests","Property 5: Token 统计准确性"],"fullName":"TokenTracker Property Tests Property 5: Token 统计准确性 getRecentUsage 应返回最近的 N 条记录","status":"passed","title":"getRecentUsage 应返回最近的 N 条记录","duration":22.681500000006054,"failureMessages":[],"meta":{}},{"ancestorTitles":["TokenTracker Property Tests","会话统计属性测试"],"fullName":"TokenTracker Property Tests 会话统计属性测试 模型分解的总和应等于总统计","status":"passed","title":"模型分解的总和应等于总统计","duration":7.8092000000033295,"failureMessages":[],"meta":{}},{"ancestorTitles":["TokenTracker Property Tests","会话统计属性测试"],"fullName":"TokenTracker Property Tests 会话统计属性测试 每个模型的统计应该正确","status":"passed","title":"每个模型的统计应该正确","duration":116.8695000000007,"failureMessages":[],"meta":{}},{"ancestorTitles":["TokenTracker Property Tests","导入导出属性测试"],"fullName":"TokenTracker Property Tests 导入导出属性测试 导出后导入应保持数据一致","status":"passed","title":"导出后导入应保持数据一致","duration":20.969700000001467,"failureMessages":[],"meta":{}},{"ancestorTitles":["TokenTracker Property Tests","重置属性测试"],"fullName":"TokenTracker Property Tests 重置属性测试 reset 应清除所有数据","status":"passed","title":"reset 应清除所有数据","duration":77.24689999999828,"failureMessages":[],"meta":{}},{"ancestorTitles":["TokenTracker Property Tests","重置属性测试"],"fullName":"TokenTracker Property Tests 重置属性测试 reset 应生成新的会话 ID","status":"passed","title":"reset 应生成新的会话 ID","duration":5.028500000000349,"failureMessages":[],"meta":{}},{"ancestorTitles":["TokenTracker Property Tests","工具函数属性测试"],"fullName":"TokenTracker Property Tests 工具函数属性测试 formatTokenCount 应返回可读的字符串","status":"passed","title":"formatTokenCount 应返回可读的字符串","duration":6.760000000009313,"failureMessages":[],"meta":{}},{"ancestorTitles":["TokenTracker Property Tests","工具函数属性测试"],"fullName":"TokenTracker Property Tests 工具函数属性测试 formatCost 应返回带 $ 前缀的字符串","status":"passed","title":"formatCost 应返回带 $ 前缀的字符串","duration":6.089200000002165,"failureMessages":[],"meta":{}},{"ancestorTitles":["TokenTracker Property Tests","工具函数属性测试"],"fullName":"TokenTracker Property Tests 工具函数属性测试 estimateTokens 应返回非负整数","status":"passed","title":"estimateTokens 应返回非负整数","duration":6.929099999993923,"failureMessages":[],"meta":{}},{"ancestorTitles":["TokenTracker Property Tests","工具函数属性测试"],"fullName":"TokenTracker Property Tests 工具函数属性测试 createTokenTracker 应创建有效的追踪器","status":"passed","title":"createTokenTracker 应创建有效的追踪器","duration":3.8620000000082655,"failureMessages":[],"meta":{}},{"ancestorTitles":["TokenTracker Property Tests","定价属性测试"],"fullName":"TokenTracker Property Tests 定价属性测试 所有预定义模型应有有效定价","status":"passed","title":"所有预定义模型应有有效定价","duration":0.7333999999973457,"failureMessages":[],"meta":{}},{"ancestorTitles":["TokenTracker Property Tests","定价属性测试"],"fullName":"TokenTracker Property Tests 定价属性测试 自定义定价应覆盖默认定价","status":"passed","title":"自定义定价应覆盖默认定价","duration":23.724099999992177,"failureMessages":[],"meta":{}},{"ancestorTitles":["TokenTracker Property Tests","定价属性测试"],"fullName":"TokenTracker Property Tests 定价属性测试 未知模型应使用默认定价","status":"passed","title":"未知模型应使用默认定价","duration":0.5562999999965541,"failureMessages":[],"meta":{}}],"startTime":1767969640122,"endTime":1767969640518.5564,"status":"passed","message":"","name":"F:/Fangyu-Code-Dev/src/core/api/TokenTracker.property.test.ts"},{"assertionResults":[{"ancestorTitles":["APIConfigManager Property Tests","Property 6: 多提供商路由正确性"],"fullName":"APIConfigManager Property Tests Property 6: 多提供商路由正确性 配置提供商后应能正确获取配置","status":"passed","title":"配置提供商后应能正确获取配置","duration":56.47370000000228,"failureMessages":[],"meta":{}},{"ancestorTitles":["APIConfigManager Property Tests","Property 6: 多提供商路由正确性"],"fullName":"APIConfigManager Property Tests Property 6: 多提供商路由正确性 启用的提供商应按优先级排序","status":"passed","title":"启用的提供商应按优先级排序","duration":124.64930000000459,"failureMessages":[],"meta":{}},{"ancestorTitles":["APIConfigManager Property Tests","Property 6: 多提供商路由正确性"],"fullName":"APIConfigManager Property Tests Property 6: 多提供商路由正确性 禁用提供商后不应出现在启用列表中","status":"passed","title":"禁用提供商后不应出现在启用列表中","duration":46.858399999997346,"failureMessages":[],"meta":{}},{"ancestorTitles":["APIConfigManager Property Tests","Property 6: 多提供商路由正确性"],"fullName":"APIConfigManager Property Tests Property 6: 多提供商路由正确性 设置活动提供商应正确切换","status":"passed","title":"设置活动提供商应正确切换","duration":38.756299999993644,"failureMessages":[],"meta":{}},{"ancestorTitles":["APIConfigManager Property Tests","Property 6: 多提供商路由正确性"],"fullName":"APIConfigManager Property Tests Property 6: 多提供商路由正确性 未配置的提供商不能设为活动","status":"passed","title":"未配置的提供商不能设为活动","duration":8.260899999993853,"failureMessages":[],"meta":{}},{"ancestorTitles":["APIConfigManager Property Tests","配置持久化属性测试"],"fullName":"APIConfigManager Property Tests 配置持久化属性测试 导出后导入应保持配置一致","status":"passed","title":"导出后导入应保持配置一致","duration":10.240400000009686,"failureMessages":[],"meta":{}},{"ancestorTitles":["APIConfigManager Property Tests","默认配置属性测试"],"fullName":"APIConfigManager Property Tests 默认配置属性测试 所有支持的提供商应有默认配置","status":"passed","title":"所有支持的提供商应有默认配置","duration":1.0409999999974389,"failureMessages":[],"meta":{}},{"ancestorTitles":["APIConfigManager Property Tests","默认配置属性测试"],"fullName":"APIConfigManager Property Tests 默认配置属性测试 每个提供商应有显示名称","status":"passed","title":"每个提供商应有显示名称","duration":0.6846000000077765,"failureMessages":[],"meta":{}},{"ancestorTitles":["APIConfigManager Property Tests","默认配置属性测试"],"fullName":"APIConfigManager Property Tests 默认配置属性测试 reset 应恢复默认配置","status":"passed","title":"reset 应恢复默认配置","duration":6.482099999993807,"failureMessages":[],"meta":{}},{"ancestorTitles":["APIConfigManager Property Tests","模型配置属性测试"],"fullName":"APIConfigManager Property Tests 模型配置属性测试 每个提供商应有支持的模型列表","status":"passed","title":"每个提供商应有支持的模型列表","duration":0.8187000000034459,"failureMessages":[],"meta":{}},{"ancestorTitles":["APIConfigManager Property Tests","模型配置属性测试"],"fullName":"APIConfigManager Property Tests 模型配置属性测试 设置默认模型应正确保存","status":"passed","title":"设置默认模型应正确保存","duration":2.294399999998859,"failureMessages":[],"meta":{}},{"ancestorTitles":["APIConfigManager Property Tests","工具函数属性测试"],"fullName":"APIConfigManager Property Tests 工具函数属性测试 createAPIConfigManager 应创建有效的管理器","status":"passed","title":"createAPIConfigManager 应创建有效的管理器","duration":0.5009999999892898,"failureMessages":[],"meta":{}},{"ancestorTitles":["APIConfigManager Property Tests","工具函数属性测试"],"fullName":"APIConfigManager Property Tests 工具函数属性测试 getSupportedProviders 应返回所有提供商","status":"passed","title":"getSupportedProviders 应返回所有提供商","duration":2.4188999999896623,"failureMessages":[],"meta":{}},{"ancestorTitles":["APIConfigManager Property Tests","客户端管理属性测试"],"fullName":"APIConfigManager Property Tests 客户端管理属性测试 配置 API 密钥后应创建客户端","status":"passed","title":"配置 API 密钥后应创建客户端","duration":5.711300000009942,"failureMessages":[],"meta":{}},{"ancestorTitles":["APIConfigManager Property Tests","客户端管理属性测试"],"fullName":"APIConfigManager Property Tests 客户端管理属性测试 禁用提供商后应移除客户端","status":"passed","title":"禁用提供商后应移除客户端","duration":10.491300000008778,"failureMessages":[],"meta":{}},{"ancestorTitles":["APIConfigManager Property Tests","客户端管理属性测试"],"fullName":"APIConfigManager Property Tests 客户端管理属性测试 活动客户端应与活动提供商匹配","status":"passed","title":"活动客户端应与活动提供商匹配","duration":17.755300000004354,"failureMessages":[],"meta":{}}],"startTime":1767969643071,"endTime":1767969643413.7554,"status":"passed","message":"","name":"F:/Fangyu-Code-Dev/src/core/api/APIConfigManager.property.test.ts"},{"assertionResults":[{"ancestorTitles":["E2E: API Connection","基本连接测试"],"fullName":"E2E: API Connection 基本连接测试 应该成功连接到 API 并获取响应","status":"passed","title":"应该成功连接到 API 并获取响应","duration":14.803500000001804,"failureMessages":[],"meta":{}},{"ancestorTitles":["E2E: API Connection","基本连接测试"],"fullName":"E2E: API Connection 基本连接测试 应该正确处理流式响应","status":"passed","title":"应该正确处理流式响应","duration":100.52290000000357,"failureMessages":[],"meta":{}},{"ancestorTitles":["E2E: API Connection","错误处理测试"],"fullName":"E2E: API Connection 错误处理测试 应该正确处理 401 认证错误","status":"passed","title":"应该正确处理 401 认证错误","duration":2.2224999999962165,"failureMessages":[],"meta":{}},{"ancestorTitles":["E2E: API Connection","错误处理测试"],"fullName":"E2E: API Connection 错误处理测试 应该正确处理 429 速率限制错误","status":"passed","title":"应该正确处理 429 速率限制错误","duration":2.0944000000017695,"failureMessages":[],"meta":{}},{"ancestorTitles":["E2E: API Connection","错误处理测试"],"fullName":"E2E: API Connection 错误处理测试 应该正确处理 500 服务器错误","status":"passed","title":"应该正确处理 500 服务器错误","duration":1.0650000000023283,"failureMessages":[],"meta":{}},{"ancestorTitles":["E2E: API Connection","延迟和超时测试"],"fullName":"E2E: API Connection 延迟和超时测试 应该正确模拟网络延迟","status":"passed","title":"应该正确模拟网络延迟","duration":106.1336999999985,"failureMessages":[],"meta":{}},{"ancestorTitles":["E2E: API Connection","请求日志测试"],"fullName":"E2E: API Connection 请求日志测试 应该记录所有请求","status":"passed","title":"应该记录所有请求","duration":8.749900000002526,"failureMessages":[],"meta":{}},{"ancestorTitles":["E2E: API Connection","多提供商测试"],"fullName":"E2E: API Connection 多提供商测试 应该支持不同的 API 端点","status":"passed","title":"应该支持不同的 API 端点","duration":4.252800000002026,"failureMessages":[],"meta":{}}],"startTime":1767969805036,"endTime":1767969805277.2527,"status":"passed","message":"","name":"F:/Fangyu-Code-Dev/src/tests/e2e/api-connection.e2e.test.ts"},{"assertionResults":[{"ancestorTitles":["E2E: Agent Flow","Agent 注册和发现"],"fullName":"E2E: Agent Flow Agent 注册和发现 应该能够注册和获取 Agent","status":"passed","title":"应该能够注册和获取 Agent","duration":3.708100000003469,"failureMessages":[],"meta":{}},{"ancestorTitles":["E2E: Agent Flow","Agent 注册和发现"],"fullName":"E2E: Agent Flow Agent 注册和发现 应该能够按能力查找 Agent","status":"passed","title":"应该能够按能力查找 Agent","duration":2.2247999999963213,"failureMessages":[],"meta":{}},{"ancestorTitles":["E2E: Agent Flow","任务队列管理"],"fullName":"E2E: Agent Flow 任务队列管理 应该能够添加和获取任务","status":"passed","title":"应该能够添加和获取任务","duration":0.6172999999980675,"failureMessages":[],"meta":{}},{"ancestorTitles":["E2E: Agent Flow","任务队列管理"],"fullName":"E2E: Agent Flow 任务队列管理 应该按优先级排序任务","status":"passed","title":"应该按优先级排序任务","duration":0.5209999999933643,"failureMessages":[],"meta":{}},{"ancestorTitles":["E2E: Agent Flow","任务执行流程"],"fullName":"E2E: Agent Flow 任务执行流程 应该能够分配任务给合适的 Agent","status":"passed","title":"应该能够分配任务给合适的 Agent","duration":1.3334999999933643,"failureMessages":[],"meta":{}},{"ancestorTitles":["E2E: Agent Flow","任务执行流程"],"fullName":"E2E: Agent Flow 任务执行流程 应该处理任务执行失败","status":"passed","title":"应该处理任务执行失败","duration":0.6546999999991385,"failureMessages":[],"meta":{}},{"ancestorTitles":["E2E: Agent Flow","上下文管理"],"fullName":"E2E: Agent Flow 上下文管理 应该能够设置和获取上下文","status":"passed","title":"应该能够设置和获取上下文","duration":0.46620000000984874,"failureMessages":[],"meta":{}},{"ancestorTitles":["E2E: Agent Flow","上下文管理"],"fullName":"E2E: Agent Flow 上下文管理 应该能够清除上下文","status":"passed","title":"应该能够清除上下文","duration":0.38930000000982545,"failureMessages":[],"meta":{}},{"ancestorTitles":["E2E: Agent Flow","上下文管理"],"fullName":"E2E: Agent Flow 上下文管理 应该支持上下文快照","status":"passed","title":"应该支持上下文快照","duration":1.7180999999982305,"failureMessages":[],"meta":{}},{"ancestorTitles":["E2E: Agent Flow","完整工作流程"],"fullName":"E2E: Agent Flow 完整工作流程 应该完成从任务创建到执行的完整流程","status":"passed","title":"应该完成从任务创建到执行的完整流程","duration":20.800199999997858,"failureMessages":[],"meta":{}},{"ancestorTitles":["E2E: Agent Flow","完整工作流程"],"fullName":"E2E: Agent Flow 完整工作流程 应该支持批量任务处理","status":"passed","title":"应该支持批量任务处理","duration":1.297500000000582,"failureMessages":[],"meta":{}}],"startTime":1767969744881,"endTime":1767969744916.2976,"status":"passed","message":"","name":"F:/Fangyu-Code-Dev/src/tests/e2e/agent-flow.e2e.test.ts"}]}
