{"numTotalTestSuites":253,"numPassedTestSuites":253,"numFailedTestSuites":0,"numPendingTestSuites":0,"numTotalTests":490,"numPassedTests":488,"numFailedTests":0,"numPendingTests":2,"numTodoTests":0,"snapshot":{"added":0,"failure":false,"filesAdded":0,"filesRemoved":0,"filesRemovedList":[],"filesUnmatched":0,"filesUpdated":0,"matched":0,"total":0,"unchecked":0,"uncheckedKeysByFile":[],"unmatched":0,"updated":0,"didUpdate":false},"startTime":1767969662230,"success":true,"testResults":[{"assertionResults":[{"ancestorTitles":["Feature Flags","FEATURE_FLAGS 配置"],"fullName":"Feature Flags FEATURE_FLAGS 配置 应该包含所有 Phase 1 标志且默认启用","status":"passed","title":"应该包含所有 Phase 1 标志且默认启用","duration":2.9279999999998836,"failureMessages":[],"meta":{}},{"ancestorTitles":["Feature Flags","FEATURE_FLAGS 配置"],"fullName":"Feature Flags FEATURE_FLAGS 配置 应该包含所有 Phase 2 标志且默认禁用","status":"passed","title":"应该包含所有 Phase 2 标志且默认禁用","duration":1.7607999999963795,"failureMessages":[],"meta":{}},{"ancestorTitles":["Feature Flags","FEATURE_FLAGS 配置"],"fullName":"Feature Flags FEATURE_FLAGS 配置 每个标志应该有完整的元数据","status":"passed","title":"每个标志应该有完整的元数据","duration":7.885199999996985,"failureMessages":[],"meta":{}},{"ancestorTitles":["Feature Flags","isFeatureEnabled"],"fullName":"Feature Flags isFeatureEnabled 应该返回默认值（无 localStorage 覆盖）","status":"passed","title":"应该返回默认值（无 localStorage 覆盖）","duration":0.592000000004191,"failureMessages":[],"meta":{}},{"ancestorTitles":["Feature Flags","isFeatureEnabled"],"fullName":"Feature Flags isFeatureEnabled 应该优先使用 localStorage 覆盖值","status":"passed","title":"应该优先使用 localStorage 覆盖值","duration":0.39989999999670545,"failureMessages":[],"meta":{}},{"ancestorTitles":["Feature Flags","isFeatureEnabled"],"fullName":"Feature Flags isFeatureEnabled 对于未知标志应该返回 false","status":"passed","title":"对于未知标志应该返回 false","duration":0.4444999999977881,"failureMessages":[],"meta":{}},{"ancestorTitles":["Feature Flags","enableFeature"],"fullName":"Feature Flags enableFeature 应该成功启用无依赖的标志","status":"passed","title":"应该成功启用无依赖的标志","duration":2.1300000000046566,"failureMessages":[],"meta":{}},{"ancestorTitles":["Feature Flags","enableFeature"],"fullName":"Feature Flags enableFeature 应该在依赖未满足时返回错误","status":"passed","title":"应该在依赖未满足时返回错误","duration":0.3804000000018277,"failureMessages":[],"meta":{}},{"ancestorTitles":["Feature Flags","enableFeature"],"fullName":"Feature Flags enableFeature 应该在依赖满足时成功启用","status":"passed","title":"应该在依赖满足时成功启用","duration":0.859599999996135,"failureMessages":[],"meta":{}},{"ancestorTitles":["Feature Flags","enableFeature"],"fullName":"Feature Flags enableFeature 对于未知标志应该返回错误","status":"passed","title":"对于未知标志应该返回错误","duration":0.9167000000015832,"failureMessages":[],"meta":{}},{"ancestorTitles":["Feature Flags","disableFeature"],"fullName":"Feature Flags disableFeature 应该禁用标志","status":"passed","title":"应该禁用标志","duration":1.0797999999995227,"failureMessages":[],"meta":{}},{"ancestorTitles":["Feature Flags","disableFeature"],"fullName":"Feature Flags disableFeature 应该级联禁用依赖的标志","status":"passed","title":"应该级联禁用依赖的标志","duration":3.14259999999922,"failureMessages":[],"meta":{}},{"ancestorTitles":["Feature Flags","resetFeature"],"fullName":"Feature Flags resetFeature 应该重置标志到默认值","status":"passed","title":"应该重置标志到默认值","duration":1.3228999999992084,"failureMessages":[],"meta":{}},{"ancestorTitles":["Feature Flags","resetFeature"],"fullName":"Feature Flags resetFeature 应该从 localStorage 移除覆盖","status":"passed","title":"应该从 localStorage 移除覆盖","duration":2.7489999999961583,"failureMessages":[],"meta":{}},{"ancestorTitles":["Feature Flags","getAllFeatureFlags"],"fullName":"Feature Flags getAllFeatureFlags 应该返回所有标志的当前状态","status":"passed","title":"应该返回所有标志的当前状态","duration":0.4459999999962747,"failureMessages":[],"meta":{}},{"ancestorTitles":["Feature Flags","getAllFeatureFlags"],"fullName":"Feature Flags getAllFeatureFlags 应该反映 localStorage 覆盖","status":"passed","title":"应该反映 localStorage 覆盖","duration":0.5318999999944936,"failureMessages":[],"meta":{}},{"ancestorTitles":["Feature Flags","getAllFeatureFlagInfo"],"fullName":"Feature Flags getAllFeatureFlagInfo 应该返回所有标志的详细信息","status":"passed","title":"应该返回所有标志的详细信息","duration":1.6226999999998952,"failureMessages":[],"meta":{}},{"ancestorTitles":["Feature Flags","getAllFeatureFlagInfo"],"fullName":"Feature Flags getAllFeatureFlagInfo 应该包含当前启用状态","status":"passed","title":"应该包含当前启用状态","duration":1.4256999999997788,"failureMessages":[],"meta":{}},{"ancestorTitles":["Feature Flags","getFeatureFlagsByPhase"],"fullName":"Feature Flags getFeatureFlagsByPhase 应该返回指定阶段的标志","status":"passed","title":"应该返回指定阶段的标志","duration":1.0046999999976833,"failureMessages":[],"meta":{}},{"ancestorTitles":["Feature Flags","getFeatureFlagsByPhase"],"fullName":"Feature Flags getFeatureFlagsByPhase Phase 1 标志应该默认启用","status":"passed","title":"Phase 1 标志应该默认启用","duration":0.49179999999614665,"failureMessages":[],"meta":{}},{"ancestorTitles":["Feature Flags","依赖关系完整性"],"fullName":"Feature Flags 依赖关系完整性 所有依赖应该指向存在的标志","status":"passed","title":"所有依赖应该指向存在的标志","duration":0.6527999999962049,"failureMessages":[],"meta":{}},{"ancestorTitles":["Feature Flags","依赖关系完整性"],"fullName":"Feature Flags 依赖关系完整性 不应该有循环依赖","status":"passed","title":"不应该有循环依赖","duration":0.7561999999961699,"failureMessages":[],"meta":{}}],"startTime":1767969829980,"endTime":1767969830016.756,"status":"passed","message":"","name":"F:/Fangyu-Code-Dev/src/config/featureFlags.test.ts"},{"assertionResults":[{"ancestorTitles":["useEventCleanup"],"fullName":"useEventCleanup should cleanup all registered window listeners on unmount","status":"passed","title":"should cleanup all registered window listeners on unmount","duration":53.48280000000523,"failureMessages":[],"meta":{}},{"ancestorTitles":["useEventCleanup"],"fullName":"useEventCleanup should cleanup all registered global listeners on unmount","status":"passed","title":"should cleanup all registered global listeners on unmount","duration":38.10519999999815,"failureMessages":[],"meta":{}},{"ancestorTitles":["useEventCleanup"],"fullName":"useEventCleanup should cleanup mixed window and global listeners on unmount","status":"passed","title":"should cleanup mixed window and global listeners on unmount","duration":72.69690000000264,"failureMessages":[],"meta":{}},{"ancestorTitles":["useEventCleanup"],"fullName":"useEventCleanup should prevent duplicate listener registration for same event","status":"passed","title":"should prevent duplicate listener registration for same event","duration":24.61880000000383,"failureMessages":[],"meta":{}},{"ancestorTitles":["useEventCleanup"],"fullName":"useEventCleanup should correctly report registered events via hasListener","status":"passed","title":"should correctly report registered events via hasListener","duration":47.799299999998766,"failureMessages":[],"meta":{}},{"ancestorTitles":["useEventCleanup"],"fullName":"useEventCleanup should clear all listeners when cleanup is called manually","status":"passed","title":"should clear all listeners when cleanup is called manually","duration":33.65819999999803,"failureMessages":[],"meta":{}},{"ancestorTitles":["useEventCleanup"],"fullName":"useEventCleanup should maintain accurate listener count","status":"passed","title":"should maintain accurate listener count","duration":42.243900000001304,"failureMessages":[],"meta":{}}],"startTime":1767969832526,"endTime":1767969832839.244,"status":"passed","message":"","name":"F:/Fangyu-Code-Dev/src/hooks/useEventCleanup.property.test.ts"},{"assertionResults":[{"ancestorTitles":["useProgressIndicator 属性测试","Property 5: 进度指示器一致性"],"fullName":"useProgressIndicator 属性测试 Property 5: 进度指示器一致性 进度值始终在 0-100 范围内","status":"passed","title":"进度值始终在 0-100 范围内","duration":22.101699999999255,"failureMessages":[],"meta":{}},{"ancestorTitles":["useProgressIndicator 属性测试","Property 5: 进度指示器一致性"],"fullName":"useProgressIndicator 属性测试 Property 5: 进度指示器一致性 start 操作后 isVisible 为 true","status":"passed","title":"start 操作后 isVisible 为 true","duration":17.72060000000056,"failureMessages":[],"meta":{}},{"ancestorTitles":["useProgressIndicator 属性测试","Property 5: 进度指示器一致性"],"fullName":"useProgressIndicator 属性测试 Property 5: 进度指示器一致性 reset 操作后状态回到初始值","status":"passed","title":"reset 操作后状态回到初始值","duration":37.44239999999991,"failureMessages":[],"meta":{}},{"ancestorTitles":["useProgressIndicator 属性测试","Property 5: 进度指示器一致性"],"fullName":"useProgressIndicator 属性测试 Property 5: 进度指示器一致性 complete 操作后 value 为 100 且 variant 为 success","status":"passed","title":"complete 操作后 value 为 100 且 variant 为 success","duration":14.054899999995541,"failureMessages":[],"meta":{}},{"ancestorTitles":["useProgressIndicator 属性测试","Property 5: 进度指示器一致性"],"fullName":"useProgressIndicator 属性测试 Property 5: 进度指示器一致性 error 操作后 variant 为 error","status":"passed","title":"error 操作后 variant 为 error","duration":18.12390000000596,"failureMessages":[],"meta":{}},{"ancestorTitles":["useProgressIndicator 属性测试","Property 5: 进度指示器一致性"],"fullName":"useProgressIndicator 属性测试 Property 5: 进度指示器一致性 update 操作保留之前的 label（如果未提供新 label）","status":"passed","title":"update 操作保留之前的 label（如果未提供新 label）","duration":15.636900000004971,"failureMessages":[],"meta":{}},{"ancestorTitles":["useProgressIndicator 属性测试","Property 5: 进度指示器一致性"],"fullName":"useProgressIndicator 属性测试 Property 5: 进度指示器一致性 update 操作可以覆盖 label","status":"passed","title":"update 操作可以覆盖 label","duration":6.045299999997951,"failureMessages":[],"meta":{}},{"ancestorTitles":["useProgressIndicator 属性测试","Property 5: 进度指示器一致性"],"fullName":"useProgressIndicator 属性测试 Property 5: 进度指示器一致性 状态转换是确定性的","status":"passed","title":"状态转换是确定性的","duration":21.16769999999815,"failureMessages":[],"meta":{}},{"ancestorTitles":["useProgressIndicator 属性测试","Property 5: 进度指示器一致性"],"fullName":"useProgressIndicator 属性测试 Property 5: 进度指示器一致性 variant 始终是有效值","status":"passed","title":"variant 始终是有效值","duration":57.401200000000244,"failureMessages":[],"meta":{}},{"ancestorTitles":["useProgressIndicator 属性测试","边界情况"],"fullName":"useProgressIndicator 属性测试 边界情况 空操作序列保持初始状态","status":"passed","title":"空操作序列保持初始状态","duration":0.44610000000102445,"failureMessages":[],"meta":{}},{"ancestorTitles":["useProgressIndicator 属性测试","边界情况"],"fullName":"useProgressIndicator 属性测试 边界情况 连续多次 reset 是幂等的","status":"passed","title":"连续多次 reset 是幂等的","duration":8.79149999999936,"failureMessages":[],"meta":{}},{"ancestorTitles":["useProgressIndicator 属性测试","边界情况"],"fullName":"useProgressIndicator 属性测试 边界情况 极端进度值被正确约束","status":"passed","title":"极端进度值被正确约束","duration":0.6498999999967054,"failureMessages":[],"meta":{}}],"startTime":1767969834355,"endTime":1767969834576.7915,"status":"passed","message":"","name":"F:/Fangyu-Code-Dev/src/hooks/useProgressIndicator.property.test.ts"},{"assertionResults":[{"ancestorTitles":["useValidation 属性测试","Property 6: 输入验证反馈","required 规则"],"fullName":"useValidation 属性测试 Property 6: 输入验证反馈 required 规则 非空字符串通过 required 验证","status":"passed","title":"非空字符串通过 required 验证","duration":36.03200000000652,"failureMessages":[],"meta":{}},{"ancestorTitles":["useValidation 属性测试","Property 6: 输入验证反馈","required 规则"],"fullName":"useValidation 属性测试 Property 6: 输入验证反馈 required 规则 空字符串和纯空白字符串不通过 required 验证","status":"passed","title":"空字符串和纯空白字符串不通过 required 验证","duration":26.186799999995856,"failureMessages":[],"meta":{}},{"ancestorTitles":["useValidation 属性测试","Property 6: 输入验证反馈","minLength 规则"],"fullName":"useValidation 属性测试 Property 6: 输入验证反馈 minLength 规则 长度 >= min 的字符串通过验证","status":"passed","title":"长度 >= min 的字符串通过验证","duration":13.178299999999581,"failureMessages":[],"meta":{}},{"ancestorTitles":["useValidation 属性测试","Property 6: 输入验证反馈","maxLength 规则"],"fullName":"useValidation 属性测试 Property 6: 输入验证反馈 maxLength 规则 长度 <= max 的字符串通过验证","status":"passed","title":"长度 <= max 的字符串通过验证","duration":5.341800000009243,"failureMessages":[],"meta":{}},{"ancestorTitles":["useValidation 属性测试","Property 6: 输入验证反馈","email 规则"],"fullName":"useValidation 属性测试 Property 6: 输入验证反馈 email 规则 有效邮箱格式通过验证","status":"passed","title":"有效邮箱格式通过验证","duration":15.189099999988684,"failureMessages":[],"meta":{}},{"ancestorTitles":["useValidation 属性测试","Property 6: 输入验证反馈","email 规则"],"fullName":"useValidation 属性测试 Property 6: 输入验证反馈 email 规则 无效邮箱格式不通过验证","status":"passed","title":"无效邮箱格式不通过验证","duration":1.281700000006822,"failureMessages":[],"meta":{}},{"ancestorTitles":["useValidation 属性测试","Property 6: 输入验证反馈","组合规则"],"fullName":"useValidation 属性测试 Property 6: 输入验证反馈 组合规则 所有规则通过时结果为 valid","status":"passed","title":"所有规则通过时结果为 valid","duration":34.258499999996275,"failureMessages":[],"meta":{}},{"ancestorTitles":["useValidation 属性测试","Property 6: 输入验证反馈","组合规则"],"fullName":"useValidation 属性测试 Property 6: 输入验证反馈 组合规则 first-error 模式只返回第一个错误","status":"passed","title":"first-error 模式只返回第一个错误","duration":0.539600000003702,"failureMessages":[],"meta":{}},{"ancestorTitles":["useValidation 属性测试","Property 6: 输入验证反馈","组合规则"],"fullName":"useValidation 属性测试 Property 6: 输入验证反馈 组合规则 all 模式返回所有错误","status":"passed","title":"all 模式返回所有错误","duration":0.7252000000007683,"failureMessages":[],"meta":{}},{"ancestorTitles":["useValidation 属性测试","Property 6: 输入验证反馈","验证结果一致性"],"fullName":"useValidation 属性测试 Property 6: 输入验证反馈 验证结果一致性 相同输入产生相同结果","status":"passed","title":"相同输入产生相同结果","duration":17.10229999999865,"failureMessages":[],"meta":{}},{"ancestorTitles":["useValidation 属性测试","Property 6: 输入验证反馈","验证结果一致性"],"fullName":"useValidation 属性测试 Property 6: 输入验证反馈 验证结果一致性 isValid 为 true 时 status 不为 error","status":"passed","title":"isValid 为 true 时 status 不为 error","duration":6.548500000004424,"failureMessages":[],"meta":{}},{"ancestorTitles":["useValidation 属性测试","Property 6: 输入验证反馈","验证结果一致性"],"fullName":"useValidation 属性测试 Property 6: 输入验证反馈 验证结果一致性 isValid 为 false 时 failedRules 不为空","status":"passed","title":"isValid 为 false 时 failedRules 不为空","duration":4.451199999995879,"failureMessages":[],"meta":{}},{"ancestorTitles":["useValidation 属性测试","边界情况"],"fullName":"useValidation 属性测试 边界情况 空规则列表总是返回 valid","status":"passed","title":"空规则列表总是返回 valid","duration":16.90559999999823,"failureMessages":[],"meta":{}},{"ancestorTitles":["useValidation 属性测试","边界情况"],"fullName":"useValidation 属性测试 边界情况 minLength(0) 总是通过","status":"passed","title":"minLength(0) 总是通过","duration":4.04660000000149,"failureMessages":[],"meta":{}},{"ancestorTitles":["useValidation 属性测试","边界情况"],"fullName":"useValidation 属性测试 边界情况 maxLength 大于字符串长度时通过","status":"passed","title":"maxLength 大于字符串长度时通过","duration":6.492700000002515,"failureMessages":[],"meta":{}}],"startTime":1767969773263,"endTime":1767969773454.4927,"status":"passed","message":"","name":"F:/Fangyu-Code-Dev/src/hooks/useValidation.property.test.ts"},{"assertionResults":[{"ancestorTitles":["UserFriendlyErrors Property Tests","Property 3: 错误消息用户友好性"],"fullName":"UserFriendlyErrors Property Tests Property 3: 错误消息用户友好性 所有错误应返回包含必要字段的结构化结果","status":"passed","title":"所有错误应返回包含必要字段的结构化结果","duration":64.72219999999652,"failureMessages":[],"meta":{}},{"ancestorTitles":["UserFriendlyErrors Property Tests","Property 3: 错误消息用户友好性"],"fullName":"UserFriendlyErrors Property Tests Property 3: 错误消息用户友好性 用户消息不应包含技术堆栈信息","status":"passed","title":"用户消息不应包含技术堆栈信息","duration":42.93500000000495,"failureMessages":[],"meta":{}},{"ancestorTitles":["UserFriendlyErrors Property Tests","Property 3: 错误消息用户友好性"],"fullName":"UserFriendlyErrors Property Tests Property 3: 错误消息用户友好性 所有错误应提供至少一个建议解决方案","status":"passed","title":"所有错误应提供至少一个建议解决方案","duration":24.74069999999483,"failureMessages":[],"meta":{}},{"ancestorTitles":["UserFriendlyErrors Property Tests","Property 3: 错误消息用户友好性"],"fullName":"UserFriendlyErrors Property Tests Property 3: 错误消息用户友好性 错误类别应是有效的类别","status":"passed","title":"错误类别应是有效的类别","duration":27.8975999999966,"failureMessages":[],"meta":{}},{"ancestorTitles":["UserFriendlyErrors Property Tests","Property 3: 错误消息用户友好性"],"fullName":"UserFriendlyErrors Property Tests Property 3: 错误消息用户友好性 已知错误模式应映射到正确的类别","status":"passed","title":"已知错误模式应映射到正确的类别","duration":2.8245000000024447,"failureMessages":[],"meta":{}},{"ancestorTitles":["UserFriendlyErrors Property Tests","可重试性判断"],"fullName":"UserFriendlyErrors Property Tests 可重试性判断 网络和服务器错误应标记为可重试","status":"passed","title":"网络和服务器错误应标记为可重试","duration":4.986199999999371,"failureMessages":[],"meta":{}},{"ancestorTitles":["UserFriendlyErrors Property Tests","可重试性判断"],"fullName":"UserFriendlyErrors Property Tests 可重试性判断 认证和验证错误应标记为不可重试","status":"passed","title":"认证和验证错误应标记为不可重试","duration":3.712100000004284,"failureMessages":[],"meta":{}},{"ancestorTitles":["UserFriendlyErrors Property Tests","格式化输出"],"fullName":"UserFriendlyErrors Property Tests 格式化输出 formatErrorForDisplay 应返回可读的格式化字符串","status":"passed","title":"formatErrorForDisplay 应返回可读的格式化字符串","duration":7.1886000000013155,"failureMessages":[],"meta":{}},{"ancestorTitles":["UserFriendlyErrors Property Tests","格式化输出"],"fullName":"UserFriendlyErrors Property Tests 格式化输出 createErrorSummary 应返回不包含堆栈的摘要","status":"passed","title":"createErrorSummary 应返回不包含堆栈的摘要","duration":31.325699999993958,"failureMessages":[],"meta":{}},{"ancestorTitles":["UserFriendlyErrors Property Tests","FriendlyError 类"],"fullName":"UserFriendlyErrors Property Tests FriendlyError 类 FriendlyError.from 应正确转换任意错误","status":"passed","title":"FriendlyError.from 应正确转换任意错误","duration":23.942199999997683,"failureMessages":[],"meta":{}},{"ancestorTitles":["UserFriendlyErrors Property Tests","FriendlyError 类"],"fullName":"UserFriendlyErrors Property Tests FriendlyError 类 FriendlyError.from 对已有的 FriendlyError 应返回相同实例","status":"passed","title":"FriendlyError.from 对已有的 FriendlyError 应返回相同实例","duration":0.34050000000570435,"failureMessages":[],"meta":{}},{"ancestorTitles":["UserFriendlyErrors Property Tests","边界情况"],"fullName":"UserFriendlyErrors Property Tests 边界情况 应正确处理空字符串错误","status":"passed","title":"应正确处理空字符串错误","duration":0.2760000000052969,"failureMessages":[],"meta":{}},{"ancestorTitles":["UserFriendlyErrors Property Tests","边界情况"],"fullName":"UserFriendlyErrors Property Tests 边界情况 应正确处理非 Error 对象","status":"passed","title":"应正确处理非 Error 对象","duration":1.4830999999976484,"failureMessages":[],"meta":{}},{"ancestorTitles":["UserFriendlyErrors Property Tests","边界情况"],"fullName":"UserFriendlyErrors Property Tests 边界情况 getUserFriendlyMessage 应返回非空字符串","status":"passed","title":"getUserFriendlyMessage 应返回非空字符串","duration":13.213700000000244,"failureMessages":[],"meta":{}}],"startTime":1767969834192,"endTime":1767969834447.2136,"status":"passed","message":"","name":"F:/Fangyu-Code-Dev/src/lib/userFriendlyErrors.property.test.ts"},{"assertionResults":[{"ancestorTitles":["API Key Validator Property Tests","Property 8: API 密钥格式验证"],"fullName":"API Key Validator Property Tests Property 8: API 密钥格式验证 Claude 密钥应以 sk-ant- 开头","status":"passed","title":"Claude 密钥应以 sk-ant- 开头","duration":26.667600000000675,"failureMessages":[],"meta":{}},{"ancestorTitles":["API Key Validator Property Tests","Property 8: API 密钥格式验证"],"fullName":"API Key Validator Property Tests Property 8: API 密钥格式验证 OpenAI 密钥应以 sk- 开头（但不是 sk-ant-）","status":"passed","title":"OpenAI 密钥应以 sk- 开头（但不是 sk-ant-）","duration":11.513999999995576,"failureMessages":[],"meta":{}},{"ancestorTitles":["API Key Validator Property Tests","Property 8: API 密钥格式验证"],"fullName":"API Key Validator Property Tests Property 8: API 密钥格式验证 Gemini 密钥应以 AI 开头","status":"passed","title":"Gemini 密钥应以 AI 开头","duration":10.242700000002515,"failureMessages":[],"meta":{}},{"ancestorTitles":["API Key Validator Property Tests","Property 8: API 密钥格式验证"],"fullName":"API Key Validator Property Tests Property 8: API 密钥格式验证 SiliconFlow 密钥应以 sf- 开头","status":"passed","title":"SiliconFlow 密钥应以 sf- 开头","duration":8.743500000004133,"failureMessages":[],"meta":{}},{"ancestorTitles":["API Key Validator Property Tests","Property 8: API 密钥格式验证"],"fullName":"API Key Validator Property Tests Property 8: API 密钥格式验证 不符合任何已知格式的密钥应返回 unknown","status":"passed","title":"不符合任何已知格式的密钥应返回 unknown","duration":6.869399999995949,"failureMessages":[],"meta":{}},{"ancestorTitles":["API Key Validator Property Tests","detectProvider 函数"],"fullName":"API Key Validator Property Tests detectProvider 函数 应正确检测 Claude 密钥","status":"passed","title":"应正确检测 Claude 密钥","duration":4.606799999994109,"failureMessages":[],"meta":{}},{"ancestorTitles":["API Key Validator Property Tests","detectProvider 函数"],"fullName":"API Key Validator Property Tests detectProvider 函数 应正确检测 OpenAI 密钥","status":"passed","title":"应正确检测 OpenAI 密钥","duration":18.477700000003097,"failureMessages":[],"meta":{}},{"ancestorTitles":["API Key Validator Property Tests","detectProvider 函数"],"fullName":"API Key Validator Property Tests detectProvider 函数 应正确检测 Gemini 密钥","status":"passed","title":"应正确检测 Gemini 密钥","duration":5.413800000002084,"failureMessages":[],"meta":{}},{"ancestorTitles":["API Key Validator Property Tests","detectProvider 函数"],"fullName":"API Key Validator Property Tests detectProvider 函数 应正确检测 SiliconFlow 密钥","status":"passed","title":"应正确检测 SiliconFlow 密钥","duration":6.592700000001059,"failureMessages":[],"meta":{}},{"ancestorTitles":["API Key Validator Property Tests","验证结果结构"],"fullName":"API Key Validator Property Tests 验证结果结构 验证结果应包含所有必要字段","status":"passed","title":"验证结果应包含所有必要字段","duration":22.028700000002573,"failureMessages":[],"meta":{}},{"ancestorTitles":["API Key Validator Property Tests","验证结果结构"],"fullName":"API Key Validator Property Tests 验证结果结构 无效密钥应返回错误信息","status":"passed","title":"无效密钥应返回错误信息","duration":2.49040000000241,"failureMessages":[],"meta":{}},{"ancestorTitles":["API Key Validator Property Tests","quickValidateAPIKey 函数"],"fullName":"API Key Validator Property Tests quickValidateAPIKey 函数 有效密钥应通过快速验证","status":"passed","title":"有效密钥应通过快速验证","duration":6.660700000000361,"failureMessages":[],"meta":{}},{"ancestorTitles":["API Key Validator Property Tests","quickValidateAPIKey 函数"],"fullName":"API Key Validator Property Tests quickValidateAPIKey 函数 过短的密钥应不通过快速验证","status":"passed","title":"过短的密钥应不通过快速验证","duration":2.744800000000396,"failureMessages":[],"meta":{}},{"ancestorTitles":["API Key Validator Property Tests","quickValidateAPIKey 函数"],"fullName":"API Key Validator Property Tests quickValidateAPIKey 函数 包含非法字符的密钥应不通过快速验证","status":"passed","title":"包含非法字符的密钥应不通过快速验证","duration":4.693299999998999,"failureMessages":[],"meta":{}},{"ancestorTitles":["API Key Validator Property Tests","getProviderDisplayName 函数"],"fullName":"API Key Validator Property Tests getProviderDisplayName 函数 应为所有支持的提供商返回非空名称","status":"passed","title":"应为所有支持的提供商返回非空名称","duration":0.6117000000012922,"failureMessages":[],"meta":{}},{"ancestorTitles":["API Key Validator Property Tests","getSupportedProviders 函数"],"fullName":"API Key Validator Property Tests getSupportedProviders 函数 应返回非空的提供商列表","status":"passed","title":"应返回非空的提供商列表","duration":0.33540000000357395,"failureMessages":[],"meta":{}},{"ancestorTitles":["API Key Validator Property Tests","getSupportedProviders 函数"],"fullName":"API Key Validator Property Tests getSupportedProviders 函数 应包含主要提供商","status":"passed","title":"应包含主要提供商","duration":2.4420000000027358,"failureMessages":[],"meta":{}},{"ancestorTitles":["API Key Validator Property Tests","边界情况"],"fullName":"API Key Validator Property Tests 边界情况 应正确处理 null 和 undefined","status":"passed","title":"应正确处理 null 和 undefined","duration":0.38669999999547144,"failureMessages":[],"meta":{}},{"ancestorTitles":["API Key Validator Property Tests","边界情况"],"fullName":"API Key Validator Property Tests 边界情况 应正确处理空字符串","status":"passed","title":"应正确处理空字符串","duration":0.5157000000035623,"failureMessages":[],"meta":{}},{"ancestorTitles":["API Key Validator Property Tests","边界情况"],"fullName":"API Key Validator Property Tests 边界情况 应正确处理只有空格的字符串","status":"passed","title":"应正确处理只有空格的字符串","duration":0.3333000000056927,"failureMessages":[],"meta":{}},{"ancestorTitles":["API Key Validator Property Tests","边界情况"],"fullName":"API Key Validator Property Tests 边界情况 应自动去除首尾空格并添加警告","status":"passed","title":"应自动去除首尾空格并添加警告","duration":5.555899999999383,"failureMessages":[],"meta":{}}],"startTime":1767969835451,"endTime":1767969835603.556,"status":"passed","message":"","name":"F:/Fangyu-Code-Dev/src/lib/apiKeyValidator.property.test.ts"},{"assertionResults":[{"ancestorTitles":["SecureStorage Property Tests","Property 7: API 密钥安全存储","maskAPIKey 函数"],"fullName":"SecureStorage Property Tests Property 7: API 密钥安全存储 maskAPIKey 函数 遮罩后的密钥应保留前后指定数量的字符","status":"passed","title":"遮罩后的密钥应保留前后指定数量的字符","duration":19.40450000000419,"failureMessages":[],"meta":{}},{"ancestorTitles":["SecureStorage Property Tests","Property 7: API 密钥安全存储","maskAPIKey 函数"],"fullName":"SecureStorage Property Tests Property 7: API 密钥安全存储 maskAPIKey 函数 遮罩后的密钥不应暴露完整密钥","status":"passed","title":"遮罩后的密钥不应暴露完整密钥","duration":13.114300000001094,"failureMessages":[],"meta":{}},{"ancestorTitles":["SecureStorage Property Tests","Property 7: API 密钥安全存储","maskAPIKey 函数"],"fullName":"SecureStorage Property Tests Property 7: API 密钥安全存储 maskAPIKey 函数 短密钥应完全遮罩","status":"passed","title":"短密钥应完全遮罩","duration":3.7871999999988475,"failureMessages":[],"meta":{}},{"ancestorTitles":["SecureStorage Property Tests","Property 7: API 密钥安全存储","maskAPIKey 函数"],"fullName":"SecureStorage Property Tests Property 7: API 密钥安全存储 maskAPIKey 函数 空密钥应返回遮罩占位符","status":"passed","title":"空密钥应返回遮罩占位符","duration":0.42880000000150176,"failureMessages":[],"meta":{}},{"ancestorTitles":["SecureStorage Property Tests","Property 7: API 密钥安全存储","maskAPIKey 函数"],"fullName":"SecureStorage Property Tests Property 7: API 密钥安全存储 maskAPIKey 函数 默认可见字符数为 4","status":"passed","title":"默认可见字符数为 4","duration":0.5511000000042259,"failureMessages":[],"meta":{}},{"ancestorTitles":["SecureStorage Property Tests","Property 7: API 密钥安全存储","提供商类型"],"fullName":"SecureStorage Property Tests Property 7: API 密钥安全存储 提供商类型 所有提供商类型应为有效字符串","status":"passed","title":"所有提供商类型应为有效字符串","duration":1.5075999999971827,"failureMessages":[],"meta":{}},{"ancestorTitles":["SecureStorage Property Tests","Property 7: API 密钥安全存储","提供商类型"],"fullName":"SecureStorage Property Tests Property 7: API 密钥安全存储 提供商类型 提供商列表应包含所有主要提供商","status":"passed","title":"提供商列表应包含所有主要提供商","duration":0.41550000000279397,"failureMessages":[],"meta":{}},{"ancestorTitles":["SecureStorage Property Tests","存储键格式"],"fullName":"SecureStorage Property Tests 存储键格式 API 密钥存储键应包含提供商标识","status":"passed","title":"API 密钥存储键应包含提供商标识","duration":1.4638000000049942,"failureMessages":[],"meta":{}},{"ancestorTitles":["SecureStorage Property Tests","密钥遮罩边界情况"],"fullName":"SecureStorage Property Tests 密钥遮罩边界情况 不同长度的密钥应正确遮罩","status":"passed","title":"不同长度的密钥应正确遮罩","duration":0.5204000000012456,"failureMessages":[],"meta":{}},{"ancestorTitles":["SecureStorage Property Tests","密钥遮罩边界情况"],"fullName":"SecureStorage Property Tests 密钥遮罩边界情况 遮罩长度应有上限","status":"passed","title":"遮罩长度应有上限","duration":8.521899999999732,"failureMessages":[],"meta":{}},{"ancestorTitles":["SecureStorage Property Tests","安全性属性"],"fullName":"SecureStorage Property Tests 安全性属性 遮罩后不应能还原原始密钥","status":"passed","title":"遮罩后不应能还原原始密钥","duration":11.752699999997276,"failureMessages":[],"meta":{}},{"ancestorTitles":["SecureStorage Property Tests","安全性属性"],"fullName":"SecureStorage Property Tests 安全性属性 相同密钥应产生相同的遮罩结果","status":"passed","title":"相同密钥应产生相同的遮罩结果","duration":4.376900000002934,"failureMessages":[],"meta":{}},{"ancestorTitles":["SecureStorage Property Tests","安全性属性"],"fullName":"SecureStorage Property Tests 安全性属性 不同密钥应产生不同的遮罩结果（大多数情况）","status":"passed","title":"不同密钥应产生不同的遮罩结果（大多数情况）","duration":8.293799999999464,"failureMessages":[],"meta":{}}],"startTime":1767969835779,"endTime":1767969835854.2937,"status":"passed","message":"","name":"F:/Fangyu-Code-Dev/src/lib/secureStorage.property.test.ts"},{"assertionResults":[{"ancestorTitles":["useMessageDeduplication"],"fullName":"useMessageDeduplication 应该去除重复的消息","status":"passed","title":"应该去除重复的消息","duration":2.1890999999995984,"failureMessages":[],"meta":{}},{"ancestorTitles":["useMessageDeduplication"],"fullName":"useMessageDeduplication 应该保留没有 ID 的消息","status":"passed","title":"应该保留没有 ID 的消息","duration":0.6054999999978463,"failureMessages":[],"meta":{}},{"ancestorTitles":["createIdempotencyKey"],"fullName":"createIdempotencyKey 应该为相同数据生成相同的 key","status":"passed","title":"应该为相同数据生成相同的 key","duration":0.4618999999984226,"failureMessages":[],"meta":{}},{"ancestorTitles":["createIdempotencyKey"],"fullName":"createIdempotencyKey 应该为不同数据生成不同的 key","status":"passed","title":"应该为不同数据生成不同的 key","duration":1.429100000001199,"failureMessages":[],"meta":{}},{"ancestorTitles":["createIdempotencyKey"],"fullName":"createIdempotencyKey 应该包含前缀","status":"passed","title":"应该包含前缀","duration":0.5253000000011525,"failureMessages":[],"meta":{}},{"ancestorTitles":["Console Monitor"],"fullName":"Console Monitor 应该正确分类错误严重性","status":"passed","title":"应该正确分类错误严重性","duration":0.7474999999976717,"failureMessages":[],"meta":{}},{"ancestorTitles":["DevTools Auto Monitor"],"fullName":"DevTools Auto Monitor 应该正确过滤严重性","status":"passed","title":"应该正确过滤严重性","duration":0.4886000000005879,"failureMessages":[],"meta":{}},{"ancestorTitles":["Integration Tests (Browser Only)"],"fullName":"Integration Tests (Browser Only) 应该能够启动 DevTools 监控","status":"skipped","title":"应该能够启动 DevTools 监控","failureMessages":[],"meta":{}},{"ancestorTitles":["Integration Tests (Browser Only)"],"fullName":"Integration Tests (Browser Only) 应该能够检测 console 错误","status":"skipped","title":"应该能够检测 console 错误","failureMessages":[],"meta":{}}],"startTime":1767969850316,"endTime":1767969850324.4885,"status":"passed","message":"","name":"F:/Fangyu-Code-Dev/src/tests/monitoring.test.ts"},{"assertionResults":[{"ancestorTitles":["VirtualList 核心逻辑","calculateMeasurements"],"fullName":"VirtualList 核心逻辑 calculateMeasurements 应该计算固定高度项目的测量数据","status":"passed","title":"应该计算固定高度项目的测量数据","duration":5.1252000000022235,"failureMessages":[],"meta":{}},{"ancestorTitles":["VirtualList 核心逻辑","calculateMeasurements"],"fullName":"VirtualList 核心逻辑 calculateMeasurements 应该计算动态高度项目的测量数据","status":"passed","title":"应该计算动态高度项目的测量数据","duration":0.5829999999987194,"failureMessages":[],"meta":{}},{"ancestorTitles":["VirtualList 核心逻辑","calculateMeasurements"],"fullName":"VirtualList 核心逻辑 calculateMeasurements 应该处理空列表","status":"passed","title":"应该处理空列表","duration":0.7430000000022119,"failureMessages":[],"meta":{}},{"ancestorTitles":["VirtualList 核心逻辑","calculateMeasurements"],"fullName":"VirtualList 核心逻辑 calculateMeasurements 应该处理单个项目","status":"passed","title":"应该处理单个项目","duration":0.4510000000009313,"failureMessages":[],"meta":{}},{"ancestorTitles":["VirtualList 核心逻辑","findStartIndex"],"fullName":"VirtualList 核心逻辑 findStartIndex 应该找到滚动位置 0 的起始索引","status":"passed","title":"应该找到滚动位置 0 的起始索引","duration":0.5040000000008149,"failureMessages":[],"meta":{}},{"ancestorTitles":["VirtualList 核心逻辑","findStartIndex"],"fullName":"VirtualList 核心逻辑 findStartIndex 应该找到滚动位置在项目中间的起始索引","status":"passed","title":"应该找到滚动位置在项目中间的起始索引","duration":0.34100000000034925,"failureMessages":[],"meta":{}},{"ancestorTitles":["VirtualList 核心逻辑","findStartIndex"],"fullName":"VirtualList 核心逻辑 findStartIndex 应该找到滚动位置在项目边界的起始索引","status":"passed","title":"应该找到滚动位置在项目边界的起始索引","duration":0.5541000000011991,"failureMessages":[],"meta":{}},{"ancestorTitles":["VirtualList 核心逻辑","findStartIndex"],"fullName":"VirtualList 核心逻辑 findStartIndex 应该找到滚动到底部的起始索引","status":"passed","title":"应该找到滚动到底部的起始索引","duration":0.4230999999999767,"failureMessages":[],"meta":{}},{"ancestorTitles":["VirtualList 核心逻辑","findStartIndex"],"fullName":"VirtualList 核心逻辑 findStartIndex 应该处理超出范围的滚动位置","status":"passed","title":"应该处理超出范围的滚动位置","duration":1.1278000000020256,"failureMessages":[],"meta":{}},{"ancestorTitles":["VirtualList 核心逻辑","findStartIndex"],"fullName":"VirtualList 核心逻辑 findStartIndex 应该处理空列表","status":"passed","title":"应该处理空列表","duration":0.6771999999982654,"failureMessages":[],"meta":{}},{"ancestorTitles":["VirtualList 核心逻辑","calculateVisibleRange"],"fullName":"VirtualList 核心逻辑 calculateVisibleRange 应该计算初始位置的可见范围","status":"passed","title":"应该计算初始位置的可见范围","duration":4.99829999999929,"failureMessages":[],"meta":{}},{"ancestorTitles":["VirtualList 核心逻辑","calculateVisibleRange"],"fullName":"VirtualList 核心逻辑 calculateVisibleRange 应该计算滚动后的可见范围","status":"passed","title":"应该计算滚动后的可见范围","duration":0.4334999999991851,"failureMessages":[],"meta":{}},{"ancestorTitles":["VirtualList 核心逻辑","calculateVisibleRange"],"fullName":"VirtualList 核心逻辑 calculateVisibleRange 应该计算滚动到底部的可见范围","status":"passed","title":"应该计算滚动到底部的可见范围","duration":0.2315999999991618,"failureMessages":[],"meta":{}},{"ancestorTitles":["VirtualList 核心逻辑","calculateVisibleRange"],"fullName":"VirtualList 核心逻辑 calculateVisibleRange 应该处理 overscan 为 0","status":"passed","title":"应该处理 overscan 为 0","duration":0.22750000000087311,"failureMessages":[],"meta":{}},{"ancestorTitles":["VirtualList 核心逻辑","calculateVisibleRange"],"fullName":"VirtualList 核心逻辑 calculateVisibleRange 应该处理大 overscan","status":"passed","title":"应该处理大 overscan","duration":1.8791999999957625,"failureMessages":[],"meta":{}},{"ancestorTitles":["VirtualList 核心逻辑","calculateVisibleRange"],"fullName":"VirtualList 核心逻辑 calculateVisibleRange 应该处理空列表","status":"passed","title":"应该处理空列表","duration":2.7537999999985914,"failureMessages":[],"meta":{}},{"ancestorTitles":["VirtualList 核心逻辑","calculateVisibleRange"],"fullName":"VirtualList 核心逻辑 calculateVisibleRange 应该处理项目数量小于可见区域","status":"passed","title":"应该处理项目数量小于可见区域","duration":0.4467000000004191,"failureMessages":[],"meta":{}},{"ancestorTitles":["VirtualList 核心逻辑","scrollToIndex 计算"],"fullName":"VirtualList 核心逻辑 scrollToIndex 计算 start 对齐应该滚动到项目顶部","status":"passed","title":"start 对齐应该滚动到项目顶部","duration":0.39719999999942956,"failureMessages":[],"meta":{}},{"ancestorTitles":["VirtualList 核心逻辑","scrollToIndex 计算"],"fullName":"VirtualList 核心逻辑 scrollToIndex 计算 center 对齐应该将项目居中","status":"passed","title":"center 对齐应该将项目居中","duration":1.745999999999185,"failureMessages":[],"meta":{}},{"ancestorTitles":["VirtualList 核心逻辑","scrollToIndex 计算"],"fullName":"VirtualList 核心逻辑 scrollToIndex 计算 end 对齐应该滚动到项目底部","status":"passed","title":"end 对齐应该滚动到项目底部","duration":1.1315000000031432,"failureMessages":[],"meta":{}},{"ancestorTitles":["VirtualList 核心逻辑","scrollToIndex 计算"],"fullName":"VirtualList 核心逻辑 scrollToIndex 计算 应该处理无效索引","status":"passed","title":"应该处理无效索引","duration":0.5227999999988242,"failureMessages":[],"meta":{}},{"ancestorTitles":["VirtualList 核心逻辑","总高度计算"],"fullName":"VirtualList 核心逻辑 总高度计算 应该计算固定高度列表的总高度","status":"passed","title":"应该计算固定高度列表的总高度","duration":0.2804000000032829,"failureMessages":[],"meta":{}},{"ancestorTitles":["VirtualList 核心逻辑","总高度计算"],"fullName":"VirtualList 核心逻辑 总高度计算 应该计算动态高度列表的总高度","status":"passed","title":"应该计算动态高度列表的总高度","duration":2.825700000001234,"failureMessages":[],"meta":{}},{"ancestorTitles":["VirtualList 核心逻辑","onEndReached 触发逻辑"],"fullName":"VirtualList 核心逻辑 onEndReached 触发逻辑 应该在到达阈值时触发","status":"passed","title":"应该在到达阈值时触发","duration":0.44109999999636784,"failureMessages":[],"meta":{}},{"ancestorTitles":["VirtualList 核心逻辑","onEndReached 触发逻辑"],"fullName":"VirtualList 核心逻辑 onEndReached 触发逻辑 不应该在未到达阈值时触发","status":"passed","title":"不应该在未到达阈值时触发","duration":0.25970000000233995,"failureMessages":[],"meta":{}},{"ancestorTitles":["VirtualList 核心逻辑","onEndReached 触发逻辑"],"fullName":"VirtualList 核心逻辑 onEndReached 触发逻辑 应该在滚动到底部时触发","status":"passed","title":"应该在滚动到底部时触发","duration":0.5351000000009662,"failureMessages":[],"meta":{}}],"startTime":1767969827434,"endTime":1767969827467.5352,"status":"passed","message":"","name":"F:/Fangyu-Code-Dev/src/components/common/VirtualList.test.tsx"},{"assertionResults":[{"ancestorTitles":["RetryService Property Tests","Property 4: 指数退避重试"],"fullName":"RetryService Property Tests Property 4: 指数退避重试 延迟应该遵循指数退避公式（无抖动）","status":"passed","title":"延迟应该遵循指数退避公式（无抖动）","duration":16.92859999999928,"failureMessages":[],"meta":{}},{"ancestorTitles":["RetryService Property Tests","Property 4: 指数退避重试"],"fullName":"RetryService Property Tests Property 4: 指数退避重试 延迟不应超过 maxDelay","status":"passed","title":"延迟不应超过 maxDelay","duration":8.83679999999731,"failureMessages":[],"meta":{}},{"ancestorTitles":["RetryService Property Tests","Property 4: 指数退避重试"],"fullName":"RetryService Property Tests Property 4: 指数退避重试 带抖动的延迟应在 ±25% 范围内","status":"passed","title":"带抖动的延迟应在 ±25% 范围内","duration":29.811699999998382,"failureMessages":[],"meta":{}},{"ancestorTitles":["RetryService Property Tests","Property 4: 指数退避重试"],"fullName":"RetryService Property Tests Property 4: 指数退避重试 第一次尝试的延迟应等于 baseDelay（无抖动）","status":"passed","title":"第一次尝试的延迟应等于 baseDelay（无抖动）","duration":5.275500000003376,"failureMessages":[],"meta":{}},{"ancestorTitles":["RetryService Property Tests","Property 4: 指数退避重试"],"fullName":"RetryService Property Tests Property 4: 指数退避重试 延迟应随尝试次数单调递增（直到达到 maxDelay）","status":"passed","title":"延迟应随尝试次数单调递增（直到达到 maxDelay）","duration":15.117099999995844,"failureMessages":[],"meta":{}},{"ancestorTitles":["RetryService Property Tests","可重试错误判断"],"fullName":"RetryService Property Tests 可重试错误判断 应正确识别可重试的错误","status":"passed","title":"应正确识别可重试的错误","duration":3.720000000001164,"failureMessages":[],"meta":{}},{"ancestorTitles":["RetryService Property Tests","可重试错误判断"],"fullName":"RetryService Property Tests 可重试错误判断 应正确拒绝不可重试的错误","status":"passed","title":"应正确拒绝不可重试的错误","duration":5.2027000000016415,"failureMessages":[],"meta":{}},{"ancestorTitles":["RetryService Property Tests","withRetry 函数"],"fullName":"RetryService Property Tests withRetry 函数 成功时应返回正确的结果","status":"passed","title":"成功时应返回正确的结果","duration":5.143799999998009,"failureMessages":[],"meta":{}},{"ancestorTitles":["RetryService Property Tests","withRetry 函数"],"fullName":"RetryService Property Tests withRetry 函数 失败后重试应记录正确的尝试次数","status":"passed","title":"失败后重试应记录正确的尝试次数","duration":53.411800000001676,"failureMessages":[],"meta":{}},{"ancestorTitles":["RetryService Property Tests","withRetry 函数"],"fullName":"RetryService Property Tests withRetry 函数 达到最大重试次数后应返回失败","status":"passed","title":"达到最大重试次数后应返回失败","duration":44.98199999999633,"failureMessages":[],"meta":{}},{"ancestorTitles":["RetryService Property Tests","withRetry 函数"],"fullName":"RetryService Property Tests withRetry 函数 不可重试的错误应立即返回失败","status":"passed","title":"不可重试的错误应立即返回失败","duration":0.7088000000003376,"failureMessages":[],"meta":{}},{"ancestorTitles":["RetryService Property Tests","withRetry 函数"],"fullName":"RetryService Property Tests withRetry 函数 onRetry 回调应被正确调用","status":"passed","title":"onRetry 回调应被正确调用","duration":48.85420000000158,"failureMessages":[],"meta":{}},{"ancestorTitles":["RetryService Property Tests","withRetry 函数"],"fullName":"RetryService Property Tests withRetry 函数 totalTime 应反映实际耗时","status":"passed","title":"totalTime 应反映实际耗时","duration":0.6991999999954714,"failureMessages":[],"meta":{}},{"ancestorTitles":["RetryService Property Tests","延迟记录准确性"],"fullName":"RetryService Property Tests 延迟记录准确性 delays 数组应记录每次重试的延迟","status":"passed","title":"delays 数组应记录每次重试的延迟","duration":709.2718999999997,"failureMessages":[],"meta":{}}],"startTime":1767969835602,"endTime":1767969836551.272,"status":"passed","message":"","name":"F:/Fangyu-Code-Dev/src/lib/services/retryService.property.test.ts"},{"assertionResults":[{"ancestorTitles":["SandboxManager Property Tests"],"fullName":"SandboxManager Property Tests should cleanup all resources when sandbox is destroyed","status":"passed","title":"should cleanup all resources when sandbox is destroyed","duration":82.02889999999752,"failureMessages":[],"meta":{}},{"ancestorTitles":["SandboxManager Property Tests"],"fullName":"SandboxManager Property Tests should cleanup all sandboxes when destroyAll is called","status":"passed","title":"should cleanup all sandboxes when destroyAll is called","duration":52.97490000000107,"failureMessages":[],"meta":{}},{"ancestorTitles":["SandboxManager Property Tests"],"fullName":"SandboxManager Property Tests should return false when destroying non-existent sandbox","status":"passed","title":"should return false when destroying non-existent sandbox","duration":10.224600000001374,"failureMessages":[],"meta":{}},{"ancestorTitles":["SandboxManager Property Tests"],"fullName":"SandboxManager Property Tests should maintain accurate sandbox count","status":"passed","title":"should maintain accurate sandbox count","duration":20.94720000000234,"failureMessages":[],"meta":{}},{"ancestorTitles":["SandboxManager Property Tests"],"fullName":"SandboxManager Property Tests should create sandboxes with unique IDs","status":"passed","title":"should create sandboxes with unique IDs","duration":32.305700000004435,"failureMessages":[],"meta":{}},{"ancestorTitles":["SandboxManager Property Tests"],"fullName":"SandboxManager Property Tests should clear all terminals when sandbox is destroyed","status":"passed","title":"should clear all terminals when sandbox is destroyed","duration":20.107100000001083,"failureMessages":[],"meta":{}},{"ancestorTitles":["SandboxManager Property Tests"],"fullName":"SandboxManager Property Tests should call destroyContainer exactly once per sandbox","status":"passed","title":"should call destroyContainer exactly once per sandbox","duration":11.519899999999325,"failureMessages":[],"meta":{}}],"startTime":1767969831547,"endTime":1767969831777.52,"status":"passed","message":"","name":"F:/Fangyu-Code-Dev/src/core/sandbox/SandboxManager.property.test.ts"},{"assertionResults":[{"ancestorTitles":["UnifiedAgentOrchestrator Property Tests","Property 1: Agent Task Assignment Fitness"],"fullName":"UnifiedAgentOrchestrator Property Tests Property 1: Agent Task Assignment Fitness should assign tasks to agents with matching role types","status":"passed","title":"should assign tasks to agents with matching role types","duration":12.741500000003725,"failureMessages":[],"meta":{}},{"ancestorTitles":["UnifiedAgentOrchestrator Property Tests","Property 1: Agent Task Assignment Fitness"],"fullName":"UnifiedAgentOrchestrator Property Tests Property 1: Agent Task Assignment Fitness should calculate higher fit scores for matching role types","status":"passed","title":"should calculate higher fit scores for matching role types","duration":2.856099999997241,"failureMessages":[],"meta":{}},{"ancestorTitles":["UnifiedAgentOrchestrator Property Tests","Property 1: Agent Task Assignment Fitness"],"fullName":"UnifiedAgentOrchestrator Property Tests Property 1: Agent Task Assignment Fitness should prefer idle agents over busy agents","status":"passed","title":"should prefer idle agents over busy agents","duration":0.9099999999962165,"failureMessages":[],"meta":{}},{"ancestorTitles":["UnifiedAgentOrchestrator Property Tests","Property 1: Agent Task Assignment Fitness"],"fullName":"UnifiedAgentOrchestrator Property Tests Property 1: Agent Task Assignment Fitness should maintain task-role mapping consistency","status":"passed","title":"should maintain task-role mapping consistency","duration":0.6308999999964726,"failureMessages":[],"meta":{}},{"ancestorTitles":["UnifiedAgentOrchestrator Property Tests","Agent Creation Properties"],"fullName":"UnifiedAgentOrchestrator Property Tests Agent Creation Properties should create agents for all valid role types","status":"passed","title":"should create agents for all valid role types","duration":1.2568000000028405,"failureMessages":[],"meta":{}},{"ancestorTitles":["UnifiedAgentOrchestrator Property Tests","Agent Creation Properties"],"fullName":"UnifiedAgentOrchestrator Property Tests Agent Creation Properties should generate unique IDs for each agent","status":"passed","title":"should generate unique IDs for each agent","duration":2.6484999999956926,"failureMessages":[],"meta":{}},{"ancestorTitles":["UnifiedAgentOrchestrator Property Tests","Agent Cloning Properties"],"fullName":"UnifiedAgentOrchestrator Property Tests Agent Cloning Properties should clone agents with identical configuration","status":"passed","title":"should clone agents with identical configuration","duration":4.220500000003085,"failureMessages":[],"meta":{}}],"startTime":1767969846183,"endTime":1767969846209.2205,"status":"passed","message":"","name":"F:/Fangyu-Code-Dev/src/core/agents/UnifiedAgentOrchestrator.property.test.ts"},{"assertionResults":[{"ancestorTitles":["BackgroundAgentManager Property Tests","Property 16: Concurrency Limit Compliance"],"fullName":"BackgroundAgentManager Property Tests Property 16: Concurrency Limit Compliance should never exceed provider concurrency limits","status":"passed","title":"should never exceed provider concurrency limits","duration":852.5078999999969,"failureMessages":[],"meta":{}},{"ancestorTitles":["BackgroundAgentManager Property Tests","Property 16: Concurrency Limit Compliance"],"fullName":"BackgroundAgentManager Property Tests Property 16: Concurrency Limit Compliance should never exceed total concurrency limit","status":"passed","title":"should never exceed total concurrency limit","duration":1023.0256999999983,"failureMessages":[],"meta":{}},{"ancestorTitles":["BackgroundAgentManager Property Tests","Property 16: Concurrency Limit Compliance"],"fullName":"BackgroundAgentManager Property Tests Property 16: Concurrency Limit Compliance should queue tasks when at capacity","status":"passed","title":"should queue tasks when at capacity","duration":217.83050000000367,"failureMessages":[],"meta":{}},{"ancestorTitles":["BackgroundAgentManager Property Tests","Property 16: Concurrency Limit Compliance"],"fullName":"BackgroundAgentManager Property Tests Property 16: Concurrency Limit Compliance should process queue when capacity becomes available","status":"passed","title":"should process queue when capacity becomes available","duration":109.65610000000015,"failureMessages":[],"meta":{}},{"ancestorTitles":["BackgroundAgentManager Property Tests","Task Status Properties"],"fullName":"BackgroundAgentManager Property Tests Task Status Properties should transition through valid states","status":"passed","title":"should transition through valid states","duration":63.31680000000051,"failureMessages":[],"meta":{}},{"ancestorTitles":["BackgroundAgentManager Property Tests","Task Status Properties"],"fullName":"BackgroundAgentManager Property Tests Task Status Properties should track progress from 0 to 100","status":"passed","title":"should track progress from 0 to 100","duration":59.25880000000325,"failureMessages":[],"meta":{}},{"ancestorTitles":["BackgroundAgentManager Property Tests","Task Cancellation Properties"],"fullName":"BackgroundAgentManager Property Tests Task Cancellation Properties should allow cancelling queued tasks","status":"passed","title":"should allow cancelling queued tasks","duration":15.942199999997683,"failureMessages":[],"meta":{}},{"ancestorTitles":["BackgroundAgentManager Property Tests","Task Cancellation Properties"],"fullName":"BackgroundAgentManager Property Tests Task Cancellation Properties should not allow cancelling completed tasks","status":"passed","title":"should not allow cancelling completed tasks","duration":33.990499999999884,"failureMessages":[],"meta":{}}],"startTime":1767969836338,"endTime":1767969838714.9905,"status":"passed","message":"","name":"F:/Fangyu-Code-Dev/src/core/agents/BackgroundAgentManager.property.test.ts"},{"assertionResults":[{"ancestorTitles":["TaskQueue Property Tests","Property 4.1: 高优先级任务总是先出队"],"fullName":"TaskQueue Property Tests Property 4.1: 高优先级任务总是先出队 dequeue returns highest priority task first","status":"passed","title":"dequeue returns highest priority task first","duration":72.16599999999744,"failureMessages":[],"meta":{}},{"ancestorTitles":["TaskQueue Property Tests","Property 4.1: 高优先级任务总是先出队"],"fullName":"TaskQueue Property Tests Property 4.1: 高优先级任务总是先出队 higher priority tasks always dequeue before lower priority","status":"passed","title":"higher priority tasks always dequeue before lower priority","duration":5.6894999999931315,"failureMessages":[],"meta":{}},{"ancestorTitles":["TaskQueue Property Tests","Property 4.2: 同优先级按 FIFO 顺序"],"fullName":"TaskQueue Property Tests Property 4.2: 同优先级按 FIFO 顺序 tasks with same priority dequeue in FIFO order","status":"passed","title":"tasks with same priority dequeue in FIFO order","duration":6.311700000005658,"failureMessages":[],"meta":{}},{"ancestorTitles":["TaskQueue Property Tests","Property 4.3: 依赖未满足的任务不会出队"],"fullName":"TaskQueue Property Tests Property 4.3: 依赖未满足的任务不会出队 tasks with unsatisfied dependencies are skipped","status":"passed","title":"tasks with unsatisfied dependencies are skipped","duration":0.8634000000020023,"failureMessages":[],"meta":{}},{"ancestorTitles":["TaskQueue Property Tests","Property 4.3: 依赖未满足的任务不会出队"],"fullName":"TaskQueue Property Tests Property 4.3: 依赖未满足的任务不会出队 dependency chain is respected","status":"passed","title":"dependency chain is respected","duration":3.024600000004284,"failureMessages":[],"meta":{}},{"ancestorTitles":["TaskQueue Property Tests","Property 4.4: 队列容量限制"],"fullName":"TaskQueue Property Tests Property 4.4: 队列容量限制 queue respects max size limit","status":"passed","title":"queue respects max size limit","duration":3.6718000000109896,"failureMessages":[],"meta":{}},{"ancestorTitles":["TaskQueue Property Tests","Property 4.5: 任务唯一性"],"fullName":"TaskQueue Property Tests Property 4.5: 任务唯一性 duplicate task IDs are rejected","status":"passed","title":"duplicate task IDs are rejected","duration":2.48420000000624,"failureMessages":[],"meta":{}},{"ancestorTitles":["TaskQueue Property Tests","Property 4.6: 优先级更新"],"fullName":"TaskQueue Property Tests Property 4.6: 优先级更新 priority update reorders queue correctly","status":"passed","title":"priority update reorders queue correctly","duration":6.1494000000093365,"failureMessages":[],"meta":{}},{"ancestorTitles":["TaskQueue Property Tests","Property 4.7: 队列统计准确性"],"fullName":"TaskQueue Property Tests Property 4.7: 队列统计准确性 stats reflect actual queue state","status":"passed","title":"stats reflect actual queue state","duration":13.059899999992922,"failureMessages":[],"meta":{}},{"ancestorTitles":["TaskQueue Property Tests","Property 4.8: 事件发射"],"fullName":"TaskQueue Property Tests Property 4.8: 事件发射 events are emitted for all queue operations","status":"passed","title":"events are emitted for all queue operations","duration":5.286899999991874,"failureMessages":[],"meta":{}},{"ancestorTitles":["TaskQueue Property Tests","Property 4.9: Deadline 队列排序"],"fullName":"TaskQueue Property Tests Property 4.9: Deadline 队列排序 deadline queue prioritizes by deadline","status":"passed","title":"deadline queue prioritizes by deadline","duration":20.687099999995553,"failureMessages":[],"meta":{}},{"ancestorTitles":["TaskQueue Unit Tests","enqueue/dequeue"],"fullName":"TaskQueue Unit Tests enqueue/dequeue should enqueue and dequeue tasks","status":"passed","title":"should enqueue and dequeue tasks","duration":0.7586000000010245,"failureMessages":[],"meta":{}},{"ancestorTitles":["TaskQueue Unit Tests","enqueue/dequeue"],"fullName":"TaskQueue Unit Tests enqueue/dequeue should return undefined when queue is empty","status":"passed","title":"should return undefined when queue is empty","duration":7.799899999998161,"failureMessages":[],"meta":{}},{"ancestorTitles":["TaskQueue Unit Tests","peek"],"fullName":"TaskQueue Unit Tests peek should peek without removing","status":"passed","title":"should peek without removing","duration":0.5037000000011176,"failureMessages":[],"meta":{}},{"ancestorTitles":["TaskQueue Unit Tests","remove"],"fullName":"TaskQueue Unit Tests remove should remove task by id","status":"passed","title":"should remove task by id","duration":0.5261000000027707,"failureMessages":[],"meta":{}},{"ancestorTitles":["TaskQueue Unit Tests","remove"],"fullName":"TaskQueue Unit Tests remove should return false for non-existent task","status":"passed","title":"should return false for non-existent task","duration":1.479300000006333,"failureMessages":[],"meta":{}},{"ancestorTitles":["TaskQueue Unit Tests","clear"],"fullName":"TaskQueue Unit Tests clear should clear all tasks","status":"passed","title":"should clear all tasks","duration":0.8262000000104308,"failureMessages":[],"meta":{}},{"ancestorTitles":["TaskQueue Unit Tests","getByStatus"],"fullName":"TaskQueue Unit Tests getByStatus should filter tasks by status","status":"passed","title":"should filter tasks by status","duration":3.08980000000156,"failureMessages":[],"meta":{}},{"ancestorTitles":["TaskQueue Unit Tests","getByPriorityRange"],"fullName":"TaskQueue Unit Tests getByPriorityRange should filter tasks by priority range","status":"passed","title":"should filter tasks by priority range","duration":0.3810000000084983,"failureMessages":[],"meta":{}},{"ancestorTitles":["TaskQueue Unit Tests","retry mechanism"],"fullName":"TaskQueue Unit Tests retry mechanism should retry failed tasks up to maxRetries","status":"passed","title":"should retry failed tasks up to maxRetries","duration":1.3696000000054482,"failureMessages":[],"meta":{}}],"startTime":1767969772877,"endTime":1767969773036.3696,"status":"passed","message":"","name":"F:/Fangyu-Code-Dev/src/core/agents/TaskQueue.property.test.ts"},{"assertionResults":[{"ancestorTitles":["SteeringLoader Property Tests","Front-matter Parsing"],"fullName":"SteeringLoader Property Tests Front-matter Parsing Property 7.1: 应正确解析所有有效的 front-matter 配置","status":"passed","title":"Property 7.1: 应正确解析所有有效的 front-matter 配置","duration":50.130199999999604,"failureMessages":[],"meta":{}},{"ancestorTitles":["SteeringLoader Property Tests","Front-matter Parsing"],"fullName":"SteeringLoader Property Tests Front-matter Parsing Property 7.2: 无 front-matter 时应使用默认值","status":"passed","title":"Property 7.2: 无 front-matter 时应使用默认值","duration":22.604699999996228,"failureMessages":[],"meta":{}},{"ancestorTitles":["SteeringLoader Property Tests","Glob Pattern Matching"],"fullName":"SteeringLoader Property Tests Glob Pattern Matching Property 7.3: * 应匹配单层目录中的任意字符","status":"passed","title":"Property 7.3: * 应匹配单层目录中的任意字符","duration":28.544699999998556,"failureMessages":[],"meta":{}},{"ancestorTitles":["SteeringLoader Property Tests","Glob Pattern Matching"],"fullName":"SteeringLoader Property Tests Glob Pattern Matching Property 7.4: ** 应匹配任意深度的路径","status":"passed","title":"Property 7.4: ** 应匹配任意深度的路径","duration":24.982499999998254,"failureMessages":[],"meta":{}},{"ancestorTitles":["SteeringLoader Property Tests","Glob Pattern Matching"],"fullName":"SteeringLoader Property Tests Glob Pattern Matching Property 7.5: 精确模式应只匹配完全相同的路径","status":"passed","title":"Property 7.5: 精确模式应只匹配完全相同的路径","duration":37.782399999996414,"failureMessages":[],"meta":{}},{"ancestorTitles":["SteeringLoader Property Tests","Steering File Loading"],"fullName":"SteeringLoader Property Tests Steering File Loading Property 7.6: always 模式的文件应始终被加载","status":"passed","title":"Property 7.6: always 模式的文件应始终被加载","duration":966.2505999999994,"failureMessages":[],"meta":{}},{"ancestorTitles":["SteeringLoader Property Tests","Steering File Loading"],"fullName":"SteeringLoader Property Tests Steering File Loading Property 7.7: fileMatch 模式应只在文件匹配时加载","status":"passed","title":"Property 7.7: fileMatch 模式应只在文件匹配时加载","duration":285.5624000000098,"failureMessages":[],"meta":{}},{"ancestorTitles":["SteeringLoader Property Tests","Steering File Loading"],"fullName":"SteeringLoader Property Tests Steering File Loading Property 7.8: manual 模式应只在显式引用时加载","status":"passed","title":"Property 7.8: manual 模式应只在显式引用时加载","duration":266.81990000000224,"failureMessages":[],"meta":{}},{"ancestorTitles":["SteeringLoader Property Tests","Steering File Loading"],"fullName":"SteeringLoader Property Tests Steering File Loading Property 7.9: 优先级排序应正确","status":"passed","title":"Property 7.9: 优先级排序应正确","duration":535.2585000000108,"failureMessages":[],"meta":{}},{"ancestorTitles":["SteeringLoader Property Tests","Context-based Loading"],"fullName":"SteeringLoader Property Tests Context-based Loading Property 7.10: getForContext 应正确组合所有模式","status":"passed","title":"Property 7.10: getForContext 应正确组合所有模式","duration":20.6872999999905,"failureMessages":[],"meta":{}},{"ancestorTitles":["SteeringLoader Property Tests","File Reference Resolution"],"fullName":"SteeringLoader Property Tests File Reference Resolution Property 7.11: #[[file:xxx]] 引用应正确解析","status":"passed","title":"Property 7.11: #[[file:xxx]] 引用应正确解析","duration":97.10400000000664,"failureMessages":[],"meta":{}},{"ancestorTitles":["SteeringLoader Property Tests","File Reference Resolution"],"fullName":"SteeringLoader Property Tests File Reference Resolution Property 7.12: 不存在的文件引用应优雅处理","status":"passed","title":"Property 7.12: 不存在的文件引用应优雅处理","duration":15.990399999995134,"failureMessages":[],"meta":{}}],"startTime":1767969772182,"endTime":1767969774537.9905,"status":"passed","message":"","name":"F:/Fangyu-Code-Dev/src/core/hooks/SteeringLoader.property.test.ts"},{"assertionResults":[{"ancestorTitles":["EnhancedHookEngine Property Tests","Hook Registration Properties"],"fullName":"EnhancedHookEngine Property Tests Hook Registration Properties Property 5.1: 注册的 Hook 应能被正确检索","status":"passed","title":"Property 5.1: 注册的 Hook 应能被正确检索","duration":35.7332000000024,"failureMessages":[],"meta":{}},{"ancestorTitles":["EnhancedHookEngine Property Tests","Hook Registration Properties"],"fullName":"EnhancedHookEngine Property Tests Hook Registration Properties Property 5.2: 重复注册相同 ID 应抛出错误","status":"passed","title":"Property 5.2: 重复注册相同 ID 应抛出错误","duration":36.682199999995646,"failureMessages":[],"meta":{}},{"ancestorTitles":["EnhancedHookEngine Property Tests","Hook Registration Properties"],"fullName":"EnhancedHookEngine Property Tests Hook Registration Properties Property 5.3: 注销后 Hook 应不可检索","status":"passed","title":"Property 5.3: 注销后 Hook 应不可检索","duration":31.6531999999861,"failureMessages":[],"meta":{}},{"ancestorTitles":["EnhancedHookEngine Property Tests","Hook Chain Execution Order (Property 5)"],"fullName":"EnhancedHookEngine Property Tests Hook Chain Execution Order (Property 5) Property 5.4: Hook 应按优先级顺序执行","status":"passed","title":"Property 5.4: Hook 应按优先级顺序执行","duration":35.311900000000605,"failureMessages":[],"meta":{}},{"ancestorTitles":["EnhancedHookEngine Property Tests","Hook Chain Execution Order (Property 5)"],"fullName":"EnhancedHookEngine Property Tests Hook Chain Execution Order (Property 5) Property 5.5: 禁用的 Hook 不应执行","status":"passed","title":"Property 5.5: 禁用的 Hook 不应执行","duration":10.436499999996158,"failureMessages":[],"meta":{}},{"ancestorTitles":["EnhancedHookEngine Property Tests","Hook Blocking Propagation (Property 6)"],"fullName":"EnhancedHookEngine Property Tests Hook Blocking Propagation (Property 6) Property 6.1: 阻塞 Hook 应阻止后续 Hook 执行","status":"passed","title":"Property 6.1: 阻塞 Hook 应阻止后续 Hook 执行","duration":22.309699999997974,"failureMessages":[],"meta":{}},{"ancestorTitles":["EnhancedHookEngine Property Tests","Hook Blocking Propagation (Property 6)"],"fullName":"EnhancedHookEngine Property Tests Hook Blocking Propagation (Property 6) Property 6.2: 非阻塞 Hook 不应影响后续执行","status":"passed","title":"Property 6.2: 非阻塞 Hook 不应影响后续执行","duration":24.620900000008987,"failureMessages":[],"meta":{}},{"ancestorTitles":["EnhancedHookEngine Property Tests","Hook Blocking Propagation (Property 6)"],"fullName":"EnhancedHookEngine Property Tests Hook Blocking Propagation (Property 6) Property 6.3: 第一个阻塞 Hook 应决定阻塞点","status":"passed","title":"Property 6.3: 第一个阻塞 Hook 应决定阻塞点","duration":26.105100000000675,"failureMessages":[],"meta":{}},{"ancestorTitles":["EnhancedHookEngine Property Tests","Event Filtering Properties"],"fullName":"EnhancedHookEngine Property Tests Event Filtering Properties Property 5.6: 只有匹配事件的 Hook 应被执行","status":"passed","title":"Property 5.6: 只有匹配事件的 Hook 应被执行","duration":7.986000000004424,"failureMessages":[],"meta":{}},{"ancestorTitles":["EnhancedHookEngine Property Tests","Engine State Properties"],"fullName":"EnhancedHookEngine Property Tests Engine State Properties Property 5.7: 禁用引擎时不应执行任何 Hook","status":"passed","title":"Property 5.7: 禁用引擎时不应执行任何 Hook","duration":25.577900000003865,"failureMessages":[],"meta":{}},{"ancestorTitles":["EnhancedHookEngine Property Tests","Engine State Properties"],"fullName":"EnhancedHookEngine Property Tests Engine State Properties Property 5.8: 清除后应没有任何 Hook","status":"passed","title":"Property 5.8: 清除后应没有任何 Hook","duration":36.61460000000079,"failureMessages":[],"meta":{}},{"ancestorTitles":["EnhancedHookEngine Property Tests","Statistics Properties"],"fullName":"EnhancedHookEngine Property Tests Statistics Properties Property 5.9: 统计信息应准确反映 Hook 状态","status":"passed","title":"Property 5.9: 统计信息应准确反映 Hook 状态","duration":31.69419999999809,"failureMessages":[],"meta":{}}],"startTime":1767969772344,"endTime":1767969772676.694,"status":"passed","message":"","name":"F:/Fangyu-Code-Dev/src/core/hooks/EnhancedHookEngine.property.test.ts"},{"assertionResults":[{"ancestorTitles":["SmartContextManager Property Tests","Token Estimation Properties"],"fullName":"SmartContextManager Property Tests Token Estimation Properties Property 10.1: Token 估算应为正数","status":"passed","title":"Property 10.1: Token 估算应为正数","duration":19.07289999999921,"failureMessages":[],"meta":{}},{"ancestorTitles":["SmartContextManager Property Tests","Token Estimation Properties"],"fullName":"SmartContextManager Property Tests Token Estimation Properties Property 10.2: 更长的内容应有更多 token","status":"passed","title":"Property 10.2: 更长的内容应有更多 token","duration":22.697100000004866,"failureMessages":[],"meta":{}},{"ancestorTitles":["SmartContextManager Property Tests","Context Injection Properties (Property 11)"],"fullName":"SmartContextManager Property Tests Context Injection Properties (Property 11) Property 11.1: 注入的上下文应能被检索","status":"passed","title":"Property 11.1: 注入的上下文应能被检索","duration":32.75460000000021,"failureMessages":[],"meta":{}},{"ancestorTitles":["SmartContextManager Property Tests","Context Injection Properties (Property 11)"],"fullName":"SmartContextManager Property Tests Context Injection Properties (Property 11) Property 11.2: 重复内容应被去重","status":"passed","title":"Property 11.2: 重复内容应被去重","duration":12.484700000000885,"failureMessages":[],"meta":{}},{"ancestorTitles":["SmartContextManager Property Tests","Context Injection Properties (Property 11)"],"fullName":"SmartContextManager Property Tests Context Injection Properties (Property 11) Property 11.3: 不同内容应都被注入","status":"passed","title":"Property 11.3: 不同内容应都被注入","duration":9.169099999999162,"failureMessages":[],"meta":{}},{"ancestorTitles":["SmartContextManager Property Tests","Context Injection Properties (Property 11)"],"fullName":"SmartContextManager Property Tests Context Injection Properties (Property 11) Property 11.4: 批量注入应正确去重","status":"passed","title":"Property 11.4: 批量注入应正确去重","duration":15.568499999993946,"failureMessages":[],"meta":{}},{"ancestorTitles":["SmartContextManager Property Tests","Threshold Detection Properties (Property 10)"],"fullName":"SmartContextManager Property Tests Threshold Detection Properties (Property 10) Property 10.3: 阈值事件应在正确时机触发","status":"passed","title":"Property 10.3: 阈值事件应在正确时机触发","duration":21.621299999998882,"failureMessages":[],"meta":{}},{"ancestorTitles":["SmartContextManager Property Tests","Threshold Detection Properties (Property 10)"],"fullName":"SmartContextManager Property Tests Threshold Detection Properties (Property 10) Property 10.4: 使用率计算应准确","status":"passed","title":"Property 10.4: 使用率计算应准确","duration":12.603000000002794,"failureMessages":[],"meta":{}},{"ancestorTitles":["SmartContextManager Property Tests","Compaction Properties (Property 12)"],"fullName":"SmartContextManager Property Tests Compaction Properties (Property 12) Property 12.1: 压缩应减少 token 数量","status":"passed","title":"Property 12.1: 压缩应减少 token 数量","duration":24.59780000000319,"failureMessages":[],"meta":{}},{"ancestorTitles":["SmartContextManager Property Tests","Compaction Properties (Property 12)"],"fullName":"SmartContextManager Property Tests Compaction Properties (Property 12) Property 12.2: system 类型应在压缩中保留","status":"passed","title":"Property 12.2: system 类型应在压缩中保留","duration":11.566699999995762,"failureMessages":[],"meta":{}},{"ancestorTitles":["SmartContextManager Property Tests","Compaction Properties (Property 12)"],"fullName":"SmartContextManager Property Tests Compaction Properties (Property 12) Property 12.3: 高优先级项应优先保留","status":"passed","title":"Property 12.3: 高优先级项应优先保留","duration":11.207300000009127,"failureMessages":[],"meta":{}},{"ancestorTitles":["SmartContextManager Property Tests","Model Configuration Properties"],"fullName":"SmartContextManager Property Tests Model Configuration Properties Property 10.5: 切换模型应更新配置","status":"passed","title":"Property 10.5: 切换模型应更新配置","duration":5.19649999999092,"failureMessages":[],"meta":{}},{"ancestorTitles":["SmartContextManager Property Tests","Statistics Properties"],"fullName":"SmartContextManager Property Tests Statistics Properties Property 10.6: 统计信息应准确反映状态","status":"passed","title":"Property 10.6: 统计信息应准确反映状态","duration":16.23520000001008,"failureMessages":[],"meta":{}},{"ancestorTitles":["SmartContextManager Property Tests","Statistics Properties"],"fullName":"SmartContextManager Property Tests Statistics Properties Property 10.7: 清除后统计应重置","status":"passed","title":"Property 10.7: 清除后统计应重置","duration":13.183799999998882,"failureMessages":[],"meta":{}},{"ancestorTitles":["SmartContextManager Property Tests","Context Building Properties"],"fullName":"SmartContextManager Property Tests Context Building Properties Property 10.8: 构建的上下文应包含所有内容","status":"passed","title":"Property 10.8: 构建的上下文应包含所有内容","duration":11.76810000000114,"failureMessages":[],"meta":{}}],"startTime":1767969773673,"endTime":1767969773915.768,"status":"passed","message":"","name":"F:/Fangyu-Code-Dev/src/core/context/SmartContextManager.property.test.ts"},{"assertionResults":[{"ancestorTitles":["ReferenceResolver Property Tests","Reference Parsing Properties"],"fullName":"ReferenceResolver Property Tests Reference Parsing Properties Property 26.1: #File 引用应正确解析","status":"passed","title":"Property 26.1: #File 引用应正确解析","duration":163.44000000000233,"failureMessages":[],"meta":{}},{"ancestorTitles":["ReferenceResolver Property Tests","Reference Parsing Properties"],"fullName":"ReferenceResolver Property Tests Reference Parsing Properties Property 26.2: #Folder 引用应正确解析","status":"passed","title":"Property 26.2: #Folder 引用应正确解析","duration":53.17819999999483,"failureMessages":[],"meta":{}},{"ancestorTitles":["ReferenceResolver Property Tests","Reference Parsing Properties"],"fullName":"ReferenceResolver Property Tests Reference Parsing Properties Property 26.3: #Problems 引用应正确解析","status":"passed","title":"Property 26.3: #Problems 引用应正确解析","duration":24.915599999992992,"failureMessages":[],"meta":{}},{"ancestorTitles":["ReferenceResolver Property Tests","Reference Parsing Properties"],"fullName":"ReferenceResolver Property Tests Reference Parsing Properties Property 26.4: #Terminal 引用应正确解析","status":"passed","title":"Property 26.4: #Terminal 引用应正确解析","duration":19.73760000000766,"failureMessages":[],"meta":{}},{"ancestorTitles":["ReferenceResolver Property Tests","Reference Parsing Properties"],"fullName":"ReferenceResolver Property Tests Reference Parsing Properties Property 26.5: #Git Diff 引用应正确解析","status":"passed","title":"Property 26.5: #Git Diff 引用应正确解析","duration":0.6584000000002561,"failureMessages":[],"meta":{}},{"ancestorTitles":["ReferenceResolver Property Tests","Reference Parsing Properties"],"fullName":"ReferenceResolver Property Tests Reference Parsing Properties Property 26.6: #Codebase 引用应正确解析","status":"passed","title":"Property 26.6: #Codebase 引用应正确解析","duration":25.961699999999837,"failureMessages":[],"meta":{}},{"ancestorTitles":["ReferenceResolver Property Tests","Reference Parsing Properties"],"fullName":"ReferenceResolver Property Tests Reference Parsing Properties Property 26.7: 无效引用应返回 null","status":"passed","title":"Property 26.7: 无效引用应返回 null","duration":20.57709999999497,"failureMessages":[],"meta":{}},{"ancestorTitles":["ReferenceResolver Property Tests","File Resolution Properties (Property 26 - Requirement 10.1)"],"fullName":"ReferenceResolver Property Tests File Resolution Properties (Property 26 - Requirement 10.1) Property 26.8: 文件解析应返回正确内容","status":"passed","title":"Property 26.8: 文件解析应返回正确内容","duration":26.790099999998347,"failureMessages":[],"meta":{}},{"ancestorTitles":["ReferenceResolver Property Tests","File Resolution Properties (Property 26 - Requirement 10.1)"],"fullName":"ReferenceResolver Property Tests File Resolution Properties (Property 26 - Requirement 10.1) Property 26.9: 不存在的文件应返回错误信息","status":"passed","title":"Property 26.9: 不存在的文件应返回错误信息","duration":2.077000000004773,"failureMessages":[],"meta":{}},{"ancestorTitles":["ReferenceResolver Property Tests","Terminal Resolution Properties (Property 26 - Requirement 10.4)"],"fullName":"ReferenceResolver Property Tests Terminal Resolution Properties (Property 26 - Requirement 10.4) Property 26.10: 终端输出应正确解析","status":"passed","title":"Property 26.10: 终端输出应正确解析","duration":16.302999999999884,"failureMessages":[],"meta":{}},{"ancestorTitles":["ReferenceResolver Property Tests","Git Diff Resolution Properties (Property 26 - Requirement 10.5)"],"fullName":"ReferenceResolver Property Tests Git Diff Resolution Properties (Property 26 - Requirement 10.5) Property 26.11: Git diff 应正确解析","status":"passed","title":"Property 26.11: Git diff 应正确解析","duration":10.77719999999681,"failureMessages":[],"meta":{}},{"ancestorTitles":["ReferenceResolver Property Tests","Git Diff Resolution Properties (Property 26 - Requirement 10.5)"],"fullName":"ReferenceResolver Property Tests Git Diff Resolution Properties (Property 26 - Requirement 10.5) Property 26.12: 无变更时应返回相应信息","status":"passed","title":"Property 26.12: 无变更时应返回相应信息","duration":2.1710999999922933,"failureMessages":[],"meta":{}},{"ancestorTitles":["ReferenceResolver Property Tests","Codebase Search Properties (Property 26 - Requirement 10.6)"],"fullName":"ReferenceResolver Property Tests Codebase Search Properties (Property 26 - Requirement 10.6) Property 26.13: 代码库搜索应返回匹配结果","status":"passed","title":"Property 26.13: 代码库搜索应返回匹配结果","duration":1.090700000000652,"failureMessages":[],"meta":{}},{"ancestorTitles":["ReferenceResolver Property Tests","Codebase Search Properties (Property 26 - Requirement 10.6)"],"fullName":"ReferenceResolver Property Tests Codebase Search Properties (Property 26 - Requirement 10.6) Property 26.14: 空查询应返回错误","status":"passed","title":"Property 26.14: 空查询应返回错误","duration":1.2492999999958556,"failureMessages":[],"meta":{}},{"ancestorTitles":["ReferenceResolver Property Tests","Problems Resolution Properties (Property 26 - Requirement 10.3)"],"fullName":"ReferenceResolver Property Tests Problems Resolution Properties (Property 26 - Requirement 10.3) Property 26.15: 诊断信息应正确解析","status":"passed","title":"Property 26.15: 诊断信息应正确解析","duration":0.8273999999946682,"failureMessages":[],"meta":{}},{"ancestorTitles":["ReferenceResolver Property Tests","Problems Resolution Properties (Property 26 - Requirement 10.3)"],"fullName":"ReferenceResolver Property Tests Problems Resolution Properties (Property 26 - Requirement 10.3) Property 26.16: 无问题时应返回相应信息","status":"passed","title":"Property 26.16: 无问题时应返回相应信息","duration":1.6018999999942025,"failureMessages":[],"meta":{}},{"ancestorTitles":["ReferenceResolver Property Tests","Batch Resolution Properties"],"fullName":"ReferenceResolver Property Tests Batch Resolution Properties Property 26.17: 批量解析应返回所有有效结果","status":"passed","title":"Property 26.17: 批量解析应返回所有有效结果","duration":0.7768000000069151,"failureMessages":[],"meta":{}},{"ancestorTitles":["ReferenceResolver Property Tests","Token Estimation Properties"],"fullName":"ReferenceResolver Property Tests Token Estimation Properties Property 26.18: 解析结果应包含正确的 token 估算","status":"passed","title":"Property 26.18: 解析结果应包含正确的 token 估算","duration":8.568400000003749,"failureMessages":[],"meta":{}},{"ancestorTitles":["ReferenceResolver Property Tests","Extract and Resolve Properties"],"fullName":"ReferenceResolver Property Tests Extract and Resolve Properties Property 26.19: 从文本中提取引用应正确工作","status":"passed","title":"Property 26.19: 从文本中提取引用应正确工作","duration":3.448899999988498,"failureMessages":[],"meta":{}}],"startTime":1767969771566,"endTime":1767969771961.449,"status":"passed","message":"","name":"F:/Fangyu-Code-Dev/src/core/context/ReferenceResolver.property.test.ts"},{"assertionResults":[{"ancestorTitles":["ASTGrepTools Property Tests","Language Support Properties"],"fullName":"ASTGrepTools Property Tests Language Support Properties Property 8.1: 支持的语言列表应包含至少 10 种语言","status":"passed","title":"Property 8.1: 支持的语言列表应包含至少 10 种语言","duration":3.2419000000008964,"failureMessages":[],"meta":{}},{"ancestorTitles":["ASTGrepTools Property Tests","Language Support Properties"],"fullName":"ASTGrepTools Property Tests Language Support Properties Property 8.2: 所有列出的语言都应被识别为支持","status":"passed","title":"Property 8.2: 所有列出的语言都应被识别为支持","duration":8.09139999999752,"failureMessages":[],"meta":{}},{"ancestorTitles":["ASTGrepTools Property Tests","Language Support Properties"],"fullName":"ASTGrepTools Property Tests Language Support Properties Property 8.3: 不支持的语言应返回 false","status":"passed","title":"Property 8.3: 不支持的语言应返回 false","duration":8.035000000003492,"failureMessages":[],"meta":{}},{"ancestorTitles":["ASTGrepTools Property Tests","Language Inference Properties"],"fullName":"ASTGrepTools Property Tests Language Inference Properties Property 8.4: 常见扩展名应正确推断语言","status":"passed","title":"Property 8.4: 常见扩展名应正确推断语言","duration":1.3937000000005355,"failureMessages":[],"meta":{}},{"ancestorTitles":["ASTGrepTools Property Tests","Language Inference Properties"],"fullName":"ASTGrepTools Property Tests Language Inference Properties Property 8.5: 未知扩展名应返回 null","status":"passed","title":"Property 8.5: 未知扩展名应返回 null","duration":4.832399999999325,"failureMessages":[],"meta":{}},{"ancestorTitles":["ASTGrepTools Property Tests","Search Properties (Property 8)"],"fullName":"ASTGrepTools Property Tests Search Properties (Property 8) Property 8.6: 搜索应返回设置的结果","status":"passed","title":"Property 8.6: 搜索应返回设置的结果","duration":62.860899999999674,"failureMessages":[],"meta":{}},{"ancestorTitles":["ASTGrepTools Property Tests","Search Properties (Property 8)"],"fullName":"ASTGrepTools Property Tests Search Properties (Property 8) Property 8.7: 搜索结果应只包含匹配的文件","status":"passed","title":"Property 8.7: 搜索结果应只包含匹配的文件","duration":4.426799999993818,"failureMessages":[],"meta":{}},{"ancestorTitles":["ASTGrepTools Property Tests","Search Properties (Property 8)"],"fullName":"ASTGrepTools Property Tests Search Properties (Property 8) Property 8.8: 空搜索结果应返回空数组","status":"passed","title":"Property 8.8: 空搜索结果应返回空数组","duration":0.7103000000061002,"failureMessages":[],"meta":{}},{"ancestorTitles":["ASTGrepTools Property Tests","Replace Properties"],"fullName":"ASTGrepTools Property Tests Replace Properties Property 8.9: 替换应返回正确的变更数量","status":"passed","title":"Property 8.9: 替换应返回正确的变更数量","duration":21.500599999999395,"failureMessages":[],"meta":{}},{"ancestorTitles":["ASTGrepTools Property Tests","Replace Properties"],"fullName":"ASTGrepTools Property Tests Replace Properties Property 8.10: 无匹配时替换应返回空变更","status":"passed","title":"Property 8.10: 无匹配时替换应返回空变更","duration":0.5423999999984517,"failureMessages":[],"meta":{}},{"ancestorTitles":["ASTGrepTools Property Tests","Replace Properties"],"fullName":"ASTGrepTools Property Tests Replace Properties Property 8.11: 替换变更应包含原始和替换后的文本","status":"passed","title":"Property 8.11: 替换变更应包含原始和替换后的文本","duration":0.7541999999957625,"failureMessages":[],"meta":{}},{"ancestorTitles":["ASTGrepTools Property Tests","Formatted Search Properties"],"fullName":"ASTGrepTools Property Tests Formatted Search Properties Property 8.12: 格式化搜索应包含匹配数量","status":"passed","title":"Property 8.12: 格式化搜索应包含匹配数量","duration":13.55000000000291,"failureMessages":[],"meta":{}},{"ancestorTitles":["ASTGrepTools Property Tests","Formatted Search Properties"],"fullName":"ASTGrepTools Property Tests Formatted Search Properties Property 8.13: 无匹配时格式化搜索应返回提示信息","status":"passed","title":"Property 8.13: 无匹配时格式化搜索应返回提示信息","duration":0.41660000000410946,"failureMessages":[],"meta":{}},{"ancestorTitles":["ASTGrepTools Property Tests","Error Handling Properties"],"fullName":"ASTGrepTools Property Tests Error Handling Properties Property 8.14: 不支持的语言应抛出错误","status":"passed","title":"Property 8.14: 不支持的语言应抛出错误","duration":5.664499999998952,"failureMessages":[],"meta":{}},{"ancestorTitles":["ASTGrepTools Property Tests","Error Handling Properties"],"fullName":"ASTGrepTools Property Tests Error Handling Properties Property 8.15: 替换时不支持的语言应抛出错误","status":"passed","title":"Property 8.15: 替换时不支持的语言应抛出错误","duration":0.7377999999953317,"failureMessages":[],"meta":{}},{"ancestorTitles":["ASTGrepTools Property Tests","Capture Replacement Properties"],"fullName":"ASTGrepTools Property Tests Capture Replacement Properties Property 8.16: 捕获组应正确替换","status":"passed","title":"Property 8.16: 捕获组应正确替换","duration":1.6881999999968684,"failureMessages":[],"meta":{}}],"startTime":1767969830817,"endTime":1767969830958.6882,"status":"passed","message":"","name":"F:/Fangyu-Code-Dev/src/core/tools/ASTGrepTools.property.test.ts"},{"assertionResults":[{"ancestorTitles":["PowersManager Property Tests","List Properties (Property 28.1)"],"fullName":"PowersManager Property Tests List Properties (Property 28.1) Property 28.1.1: 列出的 Powers 数量应与存储中的一致","status":"passed","title":"Property 28.1.1: 列出的 Powers 数量应与存储中的一致","duration":83.36960000000545,"failureMessages":[],"meta":{}},{"ancestorTitles":["PowersManager Property Tests","List Properties (Property 28.1)"],"fullName":"PowersManager Property Tests List Properties (Property 28.1) Property 28.1.2: 列出的 Powers 应包含正确的状态","status":"passed","title":"Property 28.1.2: 列出的 Powers 应包含正确的状态","duration":1.5636999999987893,"failureMessages":[],"meta":{}},{"ancestorTitles":["PowersManager Property Tests","Activate Properties (Property 28.2)"],"fullName":"PowersManager Property Tests Activate Properties (Property 28.2) Property 28.2.1: 激活后 Power 应标记为活跃","status":"passed","title":"Property 28.2.1: 激活后 Power 应标记为活跃","duration":15.3468000000139,"failureMessages":[],"meta":{}},{"ancestorTitles":["PowersManager Property Tests","Activate Properties (Property 28.2)"],"fullName":"PowersManager Property Tests Activate Properties (Property 28.2) Property 28.2.2: 激活不存在的 Power 应抛出错误","status":"passed","title":"Property 28.2.2: 激活不存在的 Power 应抛出错误","duration":3.092900000003283,"failureMessages":[],"meta":{}},{"ancestorTitles":["PowersManager Property Tests","Activate Properties (Property 28.2)"],"fullName":"PowersManager Property Tests Activate Properties (Property 28.2) Property 28.2.3: 激活禁用的 Power 应抛出错误","status":"passed","title":"Property 28.2.3: 激活禁用的 Power 应抛出错误","duration":5.651899999997113,"failureMessages":[],"meta":{}},{"ancestorTitles":["PowersManager Property Tests","Activate Properties (Property 28.2)"],"fullName":"PowersManager Property Tests Activate Properties (Property 28.2) Property 28.2.4: 激活结果应包含所有服务器的工具","status":"passed","title":"Property 28.2.4: 激活结果应包含所有服务器的工具","duration":5.032200000001467,"failureMessages":[],"meta":{}},{"ancestorTitles":["PowersManager Property Tests","Use Properties (Property 28.3)"],"fullName":"PowersManager Property Tests Use Properties (Property 28.3) Property 28.3.1: 使用未激活的 Power 应返回错误","status":"passed","title":"Property 28.3.1: 使用未激活的 Power 应返回错误","duration":3.6555999999982305,"failureMessages":[],"meta":{}},{"ancestorTitles":["PowersManager Property Tests","Use Properties (Pr
[...]
保留第一个块的元数据","duration":32.732400000008056,"failureMessages":[],"meta":{}},{"ancestorTitles":["RealAPIClient Property Tests","Property 3: 流式响应完整性"],"fullName":"RealAPIClient Property Tests Property 3: 流式响应完整性 合并后应使用最后一个非空的 finish_reason","status":"passed","title":"合并后应使用最后一个非空的 finish_reason","duration":24.464299999992363,"failureMessages":[],"meta":{}},{"ancestorTitles":["RealAPIClient Property Tests","Property 3: 流式响应完整性"],"fullName":"RealAPIClient Property Tests Property 3: 流式响应完整性 空块数组应返回空响应","status":"passed","title":"空块数组应返回空响应","duration":1.7165999999997439,"failureMessages":[],"meta":{}},{"ancestorTitles":["RealAPIClient Property Tests","Property 3: 流式响应完整性"],"fullName":"RealAPIClient Property Tests Property 3: 流式响应完整性 StreamHandler 状态应正确初始化","status":"passed","title":"StreamHandler 状态应正确初始化","duration":0.399199999999837,"failureMessages":[],"meta":{}},{"ancestorTitles":["RealAPIClient Property Tests","Property 3: 流式响应完整性"],"fullName":"RealAPIClient Property Tests Property 3: 流式响应完整性 reset 应清除所有状态","status":"passed","title":"reset 应清除所有状态","duration":30.716400000004796,"failureMessages":[],"meta":{}},{"ancestorTitles":["RealAPIClient Property Tests","APIErrorCode 属性测试"],"fullName":"RealAPIClient Property Tests APIErrorCode 属性测试 所有错误码应该是唯一的字符串","status":"passed","title":"所有错误码应该是唯一的字符串","duration":0.8113000000012107,"failureMessages":[],"meta":{}},{"ancestorTitles":["RealAPIClient Property Tests","APIErrorCode 属性测试"],"fullName":"RealAPIClient Property Tests APIErrorCode 属性测试 可重试错误码应该是错误码的子集","status":"passed","title":"可重试错误码应该是错误码的子集","duration":0.6579000000056112,"failureMessages":[],"meta":{}},{"ancestorTitles":["RealAPIClient Property Tests","配置更新属性测试"],"fullName":"RealAPIClient Property Tests 配置更新属性测试 updateConfig 应正确更新部分配置","status":"passed","title":"updateConfig 应正确更新部分配置","duration":3.669099999999162,"failureMessages":[],"meta":{}},{"ancestorTitles":["RealAPIClient Property Tests","配置更新属性测试"],"fullName":"RealAPIClient Property Tests 配置更新属性测试 updateConfig 应移除新 baseUrl 的尾部斜杠","status":"passed","title":"updateConfig 应移除新 baseUrl 的尾部斜杠","duration":5.569699999992736,"failureMessages":[],"meta":{}}],"startTime":1767969772387,"endTime":1767969772914.5696,"status":"passed","message":"","name":"F:/Fangyu-Code-Dev/src/core/api/RealAPIClient.property.test.ts"},{"assertionResults":[{"ancestorTitles":["APIErrorHandler Property Tests","Property 4: 错误处理结构化"],"fullName":"APIErrorHandler Property Tests Property 4: 错误处理结构化 handleError 应返回完整的结构化结果","status":"passed","title":"handleError 应返回完整的结构化结果","duration":210.21160000000964,"failureMessages":[],"meta":{}},{"ancestorTitles":["APIErrorHandler Property Tests","Property 4: 错误处理结构化"],"fullName":"APIErrorHandler Property Tests Property 4: 错误处理结构化 错误分类应该是有效的类别","status":"passed","title":"错误分类应该是有效的类别","duration":104.63989999999467,"failureMessages":[],"meta":{}},{"ancestorTitles":["APIErrorHandler Property Tests","Property 4: 错误处理结构化"],"fullName":"APIErrorHandler Property Tests Property 4: 错误处理结构化 normalizeError 应将任意错误转换为 APIError","status":"passed","title":"normalizeError 应将任意错误转换为 APIError","duration":10.609000000011292,"failureMessages":[],"meta":{}},{"ancestorTitles":["APIErrorHandler Property Tests","Property 4: 错误处理结构化"],"fullName":"APIErrorHandler Property Tests Property 4: 错误处理结构化 createErrorFromStatus 应根据状态码创建正确的错误","status":"passed","title":"createErrorFromStatus 应根据状态码创建正确的错误","duration":4.587599999998929,"failureMessages":[],"meta":{}},{"ancestorTitles":["APIErrorHandler Property Tests","重试策略属性测试"],"fullName":"APIErrorHandler Property Tests 重试策略属性测试 可重试错误应该允许重试（在限制内）","status":"passed","title":"可重试错误应该允许重试（在限制内）","duration":15.868700000006356,"failureMessages":[],"meta":{}},{"ancestorTitles":["APIErrorHandler Property Tests","重试策略属性测试"],"fullName":"APIErrorHandler Property Tests 重试策略属性测试 不可重试错误应该立即拒绝重试","status":"passed","title":"不可重试错误应该立即拒绝重试","duration":22.447299999999814,"failureMessages":[],"meta":{}},{"ancestorTitles":["APIErrorHandler Property Tests","重试策略属性测试"],"fullName":"APIErrorHandler Property Tests 重试策略属性测试 超过最大重试次数后应拒绝重试","status":"passed","title":"超过最大重试次数后应拒绝重试","duration":6.581300000005285,"failureMessages":[],"meta":{}},{"ancestorTitles":["APIErrorHandler Property Tests","重试策略属性测试"],"fullName":"APIErrorHandler Property Tests 重试策略属性测试 重试延迟应该在配置范围内","status":"passed","title":"重试延迟应该在配置范围内","duration":10.246899999998277,"failureMessages":[],"meta":{}},{"ancestorTitles":["APIErrorHandler Property Tests","重试策略属性测试"],"fullName":"APIErrorHandler Property Tests 重试策略属性测试 reset 应该清除重试上下文","status":"passed","title":"reset 应该清除重试上下文","duration":10.760500000003958,"failureMessages":[],"meta":{}},{"ancestorTitles":["APIErrorHandler Property Tests","配置属性测试"],"fullName":"APIErrorHandler Property Tests 配置属性测试 应使用默认配置初始化","status":"passed","title":"应使用默认配置初始化","duration":1.8161000000109198,"failureMessages":[],"meta":{}},{"ancestorTitles":["APIErrorHandler Property Tests","配置属性测试"],"fullName":"APIErrorHandler Property Tests 配置属性测试 应正确合并自定义配置","status":"passed","title":"应正确合并自定义配置","duration":6.990300000004936,"failureMessages":[],"meta":{}},{"ancestorTitles":["APIErrorHandler Property Tests","配置属性测试"],"fullName":"APIErrorHandler Property Tests 配置属性测试 updateConfig 应正确更新配置","status":"passed","title":"updateConfig 应正确更新配置","duration":1.9701999999961117,"failureMessages":[],"meta":{}},{"ancestorTitles":["APIErrorHandler Property Tests","工具函数属性测试"],"fullName":"APIErrorHandler Property Tests 工具函数属性测试 createErrorHandler 应创建有效的处理器","status":"passed","title":"createErrorHandler 应创建有效的处理器","duration":6.867799999992712,"failureMessages":[],"meta":{}},{"ancestorTitles":["APIErrorHandler Property Tests","工具函数属性测试"],"fullName":"APIErrorHandler Property Tests 工具函数属性测试 isRetryableError 应正确判断可重试性","status":"passed","title":"isRetryableError 应正确判断可重试性","duration":35.56630000000587,"failureMessages":[],"meta":{}},{"ancestorTitles":["APIErrorHandler Property Tests","工具函数属性测试"],"fullName":"APIErrorHandler Property Tests 工具函数属性测试 getUserMessage 应返回非空字符串","status":"passed","title":"getUserMessage 应返回非空字符串","duration":58.70929999998771,"failureMessages":[],"meta":{}},{"ancestorTitles":["APIErrorHandler Property Tests","工具函数属性测试"],"fullName":"APIErrorHandler Property Tests 工具函数属性测试 getErrorSuggestions 应返回字符串数组","status":"passed","title":"getErrorSuggestions 应返回字符串数组","duration":55.55770000000484,"failureMessages":[],"meta":{}},{"ancestorTitles":["APIErrorHandler Property Tests","上下文追踪属性测试"],"fullName":"APIErrorHandler Property Tests 上下文追踪属性测试 重试上下文应正确追踪尝试次数","status":"passed","title":"重试上下文应正确追踪尝试次数","duration":2.6425000000017462,"failureMessages":[],"meta":{}},{"ancestorTitles":["APIErrorHandler Property Tests","上下文追踪属性测试"],"fullName":"APIErrorHandler Property Tests 上下文追踪属性测试 重试上下文应记录所有延迟","status":"passed","title":"重试上下文应记录所有延迟","duration":5.35120000000461,"failureMessages":[],"meta":{}},{"ancestorTitles":["APIErrorHandler Property Tests","上下文追踪属性测试"],"fullName":"APIErrorHandler Property Tests 上下文追踪属性测试 重试上下文应记录最后一个错误","status":"passed","title":"重试上下文应记录最后一个错误","duration":2.39869999999064,"failureMessages":[],"meta":{}}],"startTime":1767969772385,"endTime":1767969772962.3987,"status":"passed","message":"","name":"F:/Fangyu-Code-Dev/src/core/api/APIErrorHandler.property.test.ts"},{"assertionResults":[{"ancestorTitles":["TokenTracker Property Tests","Property 5: Token 统计准确性"],"fullName":"TokenTracker Property Tests Property 5: Token 统计准确性 累计 Token 数应等于所有记录的总和","status":"passed","title":"累计 Token 数应等于所有记录的总和","duration":68.34709999999905,"failureMessages":[],"meta":{}},{"ancestorTitles":["TokenTracker Property Tests","Property 5: Token 统计准确性"],"fullName":"TokenTracker Property Tests Property 5: Token 统计准确性 平均 Token 数应等于总数除以请求数","status":"passed","title":"平均 Token 数应等于总数除以请求数","duration":41.11689999999362,"failureMessages":[],"meta":{}},{"ancestorTitles":["TokenTracker Property Tests","Property 5: Token 统计准确性"],"fullName":"TokenTracker Property Tests Property 5: Token 统计准确性 成本计算应基于正确的定价","status":"passed","title":"成本计算应基于正确的定价","duration":19.65219999999681,"failureMessages":[],"meta":{}},{"ancestorTitles":["TokenTracker Property Tests","Property 5: Token 统计准确性"],"fullName":"TokenTracker Property Tests Property 5: Token 统计准确性 历史记录应保持插入顺序","status":"passed","title":"历史记录应保持插入顺序","duration":48.378899999996065,"failureMessages":[],"meta":{}},{"ancestorTitles":["TokenTracker Property Tests","Property 5: Token 统计准确性"],"fullName":"TokenTracker Property Tests Property 5: Token 统计准确性 getRecentUsage 应返回最近的 N 条记录","status":"passed","title":"getRecentUsage 应返回最近的 N 条记录","duration":43.361699999994016,"failureMessages":[],"meta":{}},{"ancestorTitles":["TokenTracker Property Tests","会话统计属性测试"],"fullName":"TokenTracker Property Tests 会话统计属性测试 模型分解的总和应等于总统计","status":"passed","title":"模型分解的总和应等于总统计","duration":35.24330000000191,"failureMessages":[],"meta":{}},{"ancestorTitles":["TokenTracker Property Tests","会话统计属性测试"],"fullName":"TokenTracker Property Tests 会话统计属性测试 每个模型的统计应该正确","status":"passed","title":"每个模型的统计应该正确","duration":92.78630000000703,"failureMessages":[],"meta":{}},{"ancestorTitles":["TokenTracker Property Tests","导入导出属性测试"],"fullName":"TokenTracker Property Tests 导入导出属性测试 导出后导入应保持数据一致","status":"passed","title":"导出后导入应保持数据一致","duration":23.727799999993294,"failureMessages":[],"meta":{}},{"ancestorTitles":["TokenTracker Property Tests","重置属性测试"],"fullName":"TokenTracker Property Tests 重置属性测试 reset 应清除所有数据","status":"passed","title":"reset 应清除所有数据","duration":44.16610000000219,"failureMessages":[],"meta":{}},{"ancestorTitles":["TokenTracker Property Tests","重置属性测试"],"fullName":"TokenTracker Property Tests 重置属性测试 reset 应生成新的会话 ID","status":"passed","title":"reset 应生成新的会话 ID","duration":67.06780000000435,"failureMessages":[],"meta":{}},{"ancestorTitles":["TokenTracker Property Tests","工具函数属性测试"],"fullName":"TokenTracker Property Tests 工具函数属性测试 formatTokenCount 应返回可读的字符串","status":"passed","title":"formatTokenCount 应返回可读的字符串","duration":23.53379999999015,"failureMessages":[],"meta":{}},{"ancestorTitles":["TokenTracker Property Tests","工具函数属性测试"],"fullName":"TokenTracker Property Tests 工具函数属性测试 formatCost 应返回带 $ 前缀的字符串","status":"passed","title":"formatCost 应返回带 $ 前缀的字符串","duration":16.71150000000489,"failureMessages":[],"meta":{}},{"ancestorTitles":["TokenTracker Property Tests","工具函数属性测试"],"fullName":"TokenTracker Property Tests 工具函数属性测试 estimateTokens 应返回非负整数","status":"passed","title":"estimateTokens 应返回非负整数","duration":30.20119999999588,"failureMessages":[],"meta":{}},{"ancestorTitles":["TokenTracker Property Tests","工具函数属性测试"],"fullName":"TokenTracker Property Tests 工具函数属性测试 createTokenTracker 应创建有效的追踪器","status":"passed","title":"createTokenTracker 应创建有效的追踪器","duration":7.20669999999518,"failureMessages":[],"meta":{}},{"ancestorTitles":["TokenTracker Property Tests","定价属性测试"],"fullName":"TokenTracker Property Tests 定价属性测试 所有预定义模型应有有效定价","status":"passed","title":"所有预定义模型应有有效定价","duration":2.6728000000002794,"failureMessages":[],"meta":{}},{"ancestorTitles":["TokenTracker Property Tests","定价属性测试"],"fullName":"TokenTracker Property Tests 定价属性测试 自定义定价应覆盖默认定价","status":"passed","title":"自定义定价应覆盖默认定价","duration":5.648099999991246,"failureMessages":[],"meta":{}},{"ancestorTitles":["TokenTracker Property Tests","定价属性测试"],"fullName":"TokenTracker Property Tests 定价属性测试 未知模型应使用默认定价","status":"passed","title":"未知模型应使用默认定价","duration":0.46929999999701977,"failureMessages":[],"meta":{}}],"startTime":1767969771226,"endTime":1767969771801.6482,"status":"passed","message":"","name":"F:/Fangyu-Code-Dev/src/core/api/TokenTracker.property.test.ts"},{"assertionResults":[{"ancestorTitles":["APIConfigManager Property Tests","Property 6: 多提供商路由正确性"],"fullName":"APIConfigManager Property Tests Property 6: 多提供商路由正确性 配置提供商后应能正确获取配置","status":"passed","title":"配置提供商后应能正确获取配置","duration":29.310899999996764,"failureMessages":[],"meta":{}},{"ancestorTitles":["APIConfigManager Property Tests","Property 6: 多提供商路由正确性"],"fullName":"APIConfigManager Property Tests Property 6: 多提供商路由正确性 启用的提供商应按优先级排序","status":"passed","title":"启用的提供商应按优先级排序","duration":28.834400000007008,"failureMessages":[],"meta":{}},{"ancestorTitles":["APIConfigManager Property Tests","Property 6: 多提供商路由正确性"],"fullName":"APIConfigManager Property Tests Property 6: 多提供商路由正确性 禁用提供商后不应出现在启用列表中","status":"passed","title":"禁用提供商后不应出现在启用列表中","duration":6.8356000000057975,"failureMessages":[],"meta":{}},{"ancestorTitles":["APIConfigManager Property Tests","Property 6: 多提供商路由正确性"],"fullName":"APIConfigManager Property Tests Property 6: 多提供商路由正确性 设置活动提供商应正确切换","status":"passed","title":"设置活动提供商应正确切换","duration":7.375099999990198,"failureMessages":[],"meta":{}},{"ancestorTitles":["APIConfigManager Property Tests","Property 6: 多提供商路由正确性"],"fullName":"APIConfigManager Property Tests Property 6: 多提供商路由正确性 未配置的提供商不能设为活动","status":"passed","title":"未配置的提供商不能设为活动","duration":12.778600000005099,"failureMessages":[],"meta":{}},{"ancestorTitles":["APIConfigManager Property Tests","配置持久化属性测试"],"fullName":"APIConfigManager Property Tests 配置持久化属性测试 导出后导入应保持配置一致","status":"passed","title":"导出后导入应保持配置一致","duration":4.688800000003539,"failureMessages":[],"meta":{}},{"ancestorTitles":["APIConfigManager Property Tests","默认配置属性测试"],"fullName":"APIConfigManager Property Tests 默认配置属性测试 所有支持的提供商应有默认配置","status":"passed","title":"所有支持的提供商应有默认配置","duration":0.811600000000908,"failureMessages":[],"meta":{}},{"ancestorTitles":["APIConfigManager Property Tests","默认配置属性测试"],"fullName":"APIConfigManager Property Tests 默认配置属性测试 每个提供商应有显示名称","status":"passed","title":"每个提供商应有显示名称","duration":0.8285000000032596,"failureMessages":[],"meta":{}},{"ancestorTitles":["APIConfigManager Property Tests","默认配置属性测试"],"fullName":"APIConfigManager Property Tests 默认配置属性测试 reset 应恢复默认配置","status":"passed","title":"reset 应恢复默认配置","duration":6.356599999999162,"failureMessages":[],"meta":{}},{"ancestorTitles":["APIConfigManager Property Tests","模型配置属性测试"],"fullName":"APIConfigManager Property Tests 模型配置属性测试 每个提供商应有支持的模型列表","status":"passed","title":"每个提供商应有支持的模型列表","duration":2.1860999999917112,"failureMessages":[],"meta":{}},{"ancestorTitles":["APIConfigManager Property Tests","模型配置属性测试"],"fullName":"APIConfigManager Property Tests 模型配置属性测试 设置默认模型应正确保存","status":"passed","title":"设置默认模型应正确保存","duration":3.2295999999914784,"failureMessages":[],"meta":{}},{"ancestorTitles":["APIConfigManager Property Tests","工具函数属性测试"],"fullName":"APIConfigManager Property Tests 工具函数属性测试 createAPIConfigManager 应创建有效的管理器","status":"passed","title":"createAPIConfigManager 应创建有效的管理器","duration":0.5733999999938533,"failureMessages":[],"meta":{}},{"ancestorTitles":["APIConfigManager Property Tests","工具函数属性测试"],"fullName":"APIConfigManager Property Tests 工具函数属性测试 getSupportedProviders 应返回所有提供商","status":"passed","title":"getSupportedProviders 应返回所有提供商","duration":2.2599000000045635,"failureMessages":[],"meta":{}},{"ancestorTitles":["APIConfigManager Property Tests","客户端管理属性测试"],"fullName":"APIConfigManager Property Tests 客户端管理属性测试 配置 API 密钥后应创建客户端","status":"passed","title":"配置 API 密钥后应创建客户端","duration":8.819600000002538,"failureMessages":[],"meta":{}},{"ancestorTitles":["APIConfigManager Property Tests","客户端管理属性测试"],"fullName":"APIConfigManager Property Tests 客户端管理属性测试 禁用提供商后应移除客户端","status":"passed","title":"禁用提供商后应移除客户端","duration":4.538400000004913,"failureMessages":[],"meta":{}},{"ancestorTitles":["APIConfigManager Property Tests","客户端管理属性测试"],"fullName":"APIConfigManager Property Tests 客户端管理属性测试 活动客户端应与活动提供商匹配","status":"passed","title":"活动客户端应与活动提供商匹配","duration":3.280799999993178,"failureMessages":[],"meta":{}}],"startTime":1767969773237,"endTime":1767969773362.2808,"status":"passed","message":"","name":"F:/Fangyu-Code-Dev/src/core/api/APIConfigManager.property.test.ts"},{"assertionResults":[{"ancestorTitles":["E2E: API Connection","基本连接测试"],"fullName":"E2E: API Connection 基本连接测试 应该成功连接到 API 并获取响应","status":"passed","title":"应该成功连接到 API 并获取响应","duration":8.834100000000035,"failureMessages":[],"meta":{}},{"ancestorTitles":["E2E: API Connection","基本连接测试"],"fullName":"E2E: API Connection 基本连接测试 应该正确处理流式响应","status":"passed","title":"应该正确处理流式响应","duration":87.90189999999711,"failureMessages":[],"meta":{}},{"ancestorTitles":["E2E: API Connection","错误处理测试"],"fullName":"E2E: API Connection 错误处理测试 应该正确处理 401 认证错误","status":"passed","title":"应该正确处理 401 认证错误","duration":1.4043000000019674,"failureMessages":[],"meta":{}},{"ancestorTitles":["E2E: API Connection","错误处理测试"],"fullName":"E2E: API Connection 错误处理测试 应该正确处理 429 速率限制错误","status":"passed","title":"应该正确处理 429 速率限制错误","duration":1.005300000000716,"failureMessages":[],"meta":{}},{"ancestorTitles":["E2E: API Connection","错误处理测试"],"fullName":"E2E: API Connection 错误处理测试 应该正确处理 500 服务器错误","status":"passed","title":"应该正确处理 500 服务器错误","duration":1.2603000000017346,"failureMessages":[],"meta":{}},{"ancestorTitles":["E2E: API Connection","延迟和超时测试"],"fullName":"E2E: API Connection 延迟和超时测试 应该正确模拟网络延迟","status":"passed","title":"应该正确模拟网络延迟","duration":105.59749999999985,"failureMessages":[],"meta":{}},{"ancestorTitles":["E2E: API Connection","请求日志测试"],"fullName":"E2E: API Connection 请求日志测试 应该记录所有请求","status":"passed","title":"应该记录所有请求","duration":7.188699999998789,"failureMessages":[],"meta":{}},{"ancestorTitles":["E2E: API Connection","多提供商测试"],"fullName":"E2E: API Connection 多提供商测试 应该支持不同的 API 端点","status":"passed","title":"应该支持不同的 API 端点","duration":2.4117000000005646,"failureMessages":[],"meta":{}}],"startTime":1767969849778,"endTime":1767969849995.4116,"status":"passed","message":"","name":"F:/Fangyu-Code-Dev/src/tests/e2e/api-connection.e2e.test.ts"},{"assertionResults":[{"ancestorTitles":["E2E: Agent Flow","Agent 注册和发现"],"fullName":"E2E: Agent Flow Agent 注册和发现 应该能够注册和获取 Agent","status":"passed","title":"应该能够注册和获取 Agent","duration":4.490799999999581,"failureMessages":[],"meta":{}},{"ancestorTitles":["E2E: Agent Flow","Agent 注册和发现"],"fullName":"E2E: Agent Flow Agent 注册和发现 应该能够按能力查找 Agent","status":"passed","title":"应该能够按能力查找 Agent","duration":3.255700000001525,"failureMessages":[],"meta":{}},{"ancestorTitles":["E2E: Agent Flow","任务队列管理"],"fullName":"E2E: Agent Flow 任务队列管理 应该能够添加和获取任务","status":"passed","title":"应该能够添加和获取任务","duration":0.717899999996007,"failureMessages":[],"meta":{}},{"ancestorTitles":["E2E: Agent Flow","任务队列管理"],"fullName":"E2E: Agent Flow 任务队列管理 应该按优先级排序任务","status":"passed","title":"应该按优先级排序任务","duration":1.1798000000053435,"failureMessages":[],"meta":{}},{"ancestorTitles":["E2E: Agent Flow","任务执行流程"],"fullName":"E2E: Agent Flow 任务执行流程 应该能够分配任务给合适的 Agent","status":"passed","title":"应该能够分配任务给合适的 Agent","duration":2.6978999999992084,"failureMessages":[],"meta":{}},{"ancestorTitles":["E2E: Agent Flow","任务执行流程"],"fullName":"E2E: Agent Flow 任务执行流程 应该处理任务执行失败","status":"passed","title":"应该处理任务执行失败","duration":1.8777999999947497,"failureMessages":[],"meta":{}},{"ancestorTitles":["E2E: Agent Flow","上下文管理"],"fullName":"E2E: Agent Flow 上下文管理 应该能够设置和获取上下文","status":"passed","title":"应该能够设置和获取上下文","duration":0.6258000000016182,"failureMessages":[],"meta":{}},{"ancestorTitles":["E2E: Agent Flow","上下文管理"],"fullName":"E2E: Agent Flow 上下文管理 应该能够清除上下文","status":"passed","title":"应该能够清除上下文","duration":1.93399999999383,"failureMessages":[],"meta":{}},{"ancestorTitles":["E2E: Agent Flow","上下文管理"],"fullName":"E2E: Agent Flow 上下文管理 应该支持上下文快照","status":"passed","title":"应该支持上下文快照","duration":1.6703999999954249,"failureMessages":[],"meta":{}},{"ancestorTitles":["E2E: Agent Flow","完整工作流程"],"fullName":"E2E: Agent Flow 完整工作流程 应该完成从任务创建到执行的完整流程","status":"passed","title":"应该完成从任务创建到执行的完整流程","duration":26.056799999998475,"failureMessages":[],"meta":{}},{"ancestorTitles":["E2E: Agent Flow","完整工作流程"],"fullName":"E2E: Agent Flow 完整工作流程 应该支持批量任务处理","status":"passed","title":"应该支持批量任务处理","duration":1.3312999999980093,"failureMessages":[],"meta":{}}],"startTime":1767969828242,"endTime":1767969828290.3313,"status":"passed","message":"","name":"F:/Fangyu-Code-Dev/src/tests/e2e/agent-flow.e2e.test.ts"}]}
